<?xml version="1.0" encoding="UTF-8"?>
<TestRun id="ef20f048-becc-44d4-8601-71d17ba74894" name="shsimpson@CLPR9K5797 2014-07-02 13:09:00" runUser="BWES\shsimpson" xmlns="http://microsoft.com/schemas/VisualStudio/TeamTest/2010">
  <TestSettings name="Local" id="c8ac5721-ddb3-4dfb-8f66-2f5de01df2a9">
    <Description>These are default test settings for a local test run.</Description>
    <Deployment runDeploymentRoot="shsimpson_CLPR9K5797 2014-07-02 13_09_00">
      <DeploymentItem filename="ZetecXMLModelsUnitTests\BGA-33110-SG.xml" />
      <DeploymentItem filename="C:\Users\SHSimpson\Documents\Visual Studio 2010\Projects\ZetecXMLModels\ZetecXMLModels\bin\Debug\ZetecXMLModels.dll" />
    </Deployment>
    <Execution>
      <TestTypeSpecific>
        <UnitTestRunConfig testTypeId="13cdc9d9-ddb5-4fa4-a97d-d965ccfc6d4b">
          <AssemblyResolution>
            <TestDirectory useLoadContext="true" />
          </AssemblyResolution>
        </UnitTestRunConfig>
      </TestTypeSpecific>
      <AgentRule name="Execution Agents">
      </AgentRule>
    </Execution>
  </TestSettings>
  <Times creation="2014-07-02T13:09:00.7485043-04:00" queuing="2014-07-02T13:09:01.0545349-04:00" start="2014-07-02T13:09:01.0735368-04:00" finish="2014-07-02T13:09:02.5316826-04:00" />
  <ResultSummary outcome="Failed">
    <Counters total="52" executed="52" passed="51" error="0" failed="1" timeout="0" aborted="0" inconclusive="0" passedButRunAborted="0" notRunnable="0" notExecuted="0" disconnected="0" warning="0" completed="0" inProgress="0" pending="0" />
    <Output>
      <DebugTrace>4210
Misc Options
-------------
#2519fa: Text Color:		
#14a80a: Grid Color:		
#871199: Group Outline Color:		
#090947: BG Color:		
#ffffff: FG Color:		
10: Grid Scale:		
12: Symbol Size:		
18.76: Pixels per Inch:	
</DebugTrace>
    </Output>
  </ResultSummary>
  <TestDefinitions>
    <UnitTest name="YDesignationTest" storage="c:\users\shsimpson\documents\visual studio 2010\projects\zetecxmlmodels\zetecxmlmodelsunittests\bin\debug\zetecxmlmodelsunittests.dll" id="8f58cb54-4ad6-c1b3-da03-dbae73442545">
      <Execution id="cd2faeda-2976-4c3b-bf1e-aad97bbd0ae6" />
      <TestMethod codeBase="C:/Users/SHSimpson/Documents/Visual Studio 2010/Projects/ZetecXMLModels/ZetecXMLModelsUnitTests/bin/Debug/ZetecXMLModelsUnitTests.DLL" adapterTypeName="Microsoft.VisualStudio.TestTools.TestTypes.Unit.UnitTestAdapter, Microsoft.VisualStudio.QualityTools.Tips.UnitTest.Adapter, Version=10.0.0.0, Culture=neutral, PublicKeyToken=b03f5f7f11d50a3a" className="ZetecXMLModelsUnitTests.VesselInformationTest, ZetecXMLModelsUnitTests, Version=1.0.0.0, Culture=neutral, PublicKeyToken=null" name="YDesignationTest" />
    </UnitTest>
    <UnitTest name="group_outline_colorTest" storage="c:\users\shsimpson\documents\visual studio 2010\projects\zetecxmlmodels\zetecxmlmodelsunittests\bin\debug\zetecxmlmodelsunittests.dll" id="4ca59c4a-1586-4df3-4c18-8aad9b220064">
      <Execution id="3639a6df-c23e-4bad-af28-f7577c455743" />
      <TestMethod codeBase="C:/Users/SHSimpson/Documents/Visual Studio 2010/Projects/ZetecXMLModels/ZetecXMLModelsUnitTests/bin/Debug/ZetecXMLModelsUnitTests.DLL" adapterTypeName="Microsoft.VisualStudio.TestTools.TestTypes.Unit.UnitTestAdapter, Microsoft.VisualStudio.QualityTools.Tips.UnitTest.Adapter, Version=10.0.0.0, Culture=neutral, PublicKeyToken=b03f5f7f11d50a3a" className="ZetecXMLModelsUnitTests.miscTest, ZetecXMLModelsUnitTests, Version=1.0.0.0, Culture=neutral, PublicKeyToken=null" name="group_outline_colorTest" />
    </UnitTest>
    <UnitTest name="YLabelTest" storage="c:\users\shsimpson\documents\visual studio 2010\projects\zetecxmlmodels\zetecxmlmodelsunittests\bin\debug\zetecxmlmodelsunittests.dll" id="f46dde03-01d9-ecfa-51fc-3b81caa02ca8">
      <Execution id="23d17094-8bf5-49ec-a406-1c7971df3a4b" />
      <TestMethod codeBase="C:/Users/SHSimpson/Documents/Visual Studio 2010/Projects/ZetecXMLModels/ZetecXMLModelsUnitTests/bin/Debug/ZetecXMLModelsUnitTests.DLL" adapterTypeName="Microsoft.VisualStudio.TestTools.TestTypes.Unit.UnitTestAdapter, Microsoft.VisualStudio.QualityTools.Tips.UnitTest.Adapter, Version=10.0.0.0, Culture=neutral, PublicKeyToken=b03f5f7f11d50a3a" className="ZetecXMLModelsUnitTests.TubeTest, ZetecXMLModelsUnitTests, Version=1.0.0.0, Culture=neutral, PublicKeyToken=null" name="YLabelTest" />
    </UnitTest>
    <UnitTest name="GridXTest" storage="c:\users\shsimpson\documents\visual studio 2010\projects\zetecxmlmodels\zetecxmlmodelsunittests\bin\debug\zetecxmlmodelsunittests.dll" id="02a94f3f-28bb-d371-d770-2b28d3740a73">
      <Execution id="b7bc9a88-9a1f-439e-904f-e12a2689b4f2" />
      <TestMethod codeBase="C:/Users/SHSimpson/Documents/Visual Studio 2010/Projects/ZetecXMLModels/ZetecXMLModelsUnitTests/bin/Debug/ZetecXMLModelsUnitTests.DLL" adapterTypeName="Microsoft.VisualStudio.TestTools.TestTypes.Unit.UnitTestAdapter, Microsoft.VisualStudio.QualityTools.Tips.UnitTest.Adapter, Version=10.0.0.0, Culture=neutral, PublicKeyToken=b03f5f7f11d50a3a" className="ZetecXMLModelsUnitTests.TubeTest, ZetecXMLModelsUnitTests, Version=1.0.0.0, Culture=neutral, PublicKeyToken=null" name="GridXTest" />
    </UnitTest>
    <UnitTest name="GridYTest" storage="c:\users\shsimpson\documents\visual studio 2010\projects\zetecxmlmodels\zetecxmlmodelsunittests\bin\debug\zetecxmlmodelsunittests.dll" id="0a0c6ae0-e8e4-d050-e17f-dc3dfadf4a27">
      <Execution id="f3aa0661-6596-44e8-98c3-f9247b4509d3" />
      <TestMethod codeBase="C:/Users/SHSimpson/Documents/Visual Studio 2010/Projects/ZetecXMLModels/ZetecXMLModelsUnitTests/bin/Debug/ZetecXMLModelsUnitTests.DLL" adapterTypeName="Microsoft.VisualStudio.TestTools.TestTypes.Unit.UnitTestAdapter, Microsoft.VisualStudio.QualityTools.Tips.UnitTest.Adapter, Version=10.0.0.0, Culture=neutral, PublicKeyToken=b03f5f7f11d50a3a" className="ZetecXMLModelsUnitTests.TubeTest, ZetecXMLModelsUnitTests, Version=1.0.0.0, Culture=neutral, PublicKeyToken=null" name="GridYTest" />
    </UnitTest>
    <UnitTest name="BowlRadiusTest" storage="c:\users\shsimpson\documents\visual studio 2010\projects\zetecxmlmodels\zetecxmlmodelsunittests\bin\debug\zetecxmlmodelsunittests.dll" id="f722bce2-18b8-5d04-bf89-e49deb2d591b">
      <Execution id="7ca15850-023f-4c7c-b86a-de65605804d6" />
      <TestMethod codeBase="C:/Users/SHSimpson/Documents/Visual Studio 2010/Projects/ZetecXMLModels/ZetecXMLModelsUnitTests/bin/Debug/ZetecXMLModelsUnitTests.DLL" adapterTypeName="Microsoft.VisualStudio.TestTools.TestTypes.Unit.UnitTestAdapter, Microsoft.VisualStudio.QualityTools.Tips.UnitTest.Adapter, Version=10.0.0.0, Culture=neutral, PublicKeyToken=b03f5f7f11d50a3a" className="ZetecXMLModelsUnitTests.VesselInformationTest, ZetecXMLModelsUnitTests, Version=1.0.0.0, Culture=neutral, PublicKeyToken=null" name="BowlRadiusTest" />
    </UnitTest>
    <UnitTest name="PlantNameTest" storage="c:\users\shsimpson\documents\visual studio 2010\projects\zetecxmlmodels\zetecxmlmodelsunittests\bin\debug\zetecxmlmodelsunittests.dll" id="10b01f1c-7c65-5527-c45d-c3020c2cdb4d">
      <Execution id="8a5ac5e7-80c9-4a98-a12f-1fa1a3ee6fcf" />
      <TestMethod codeBase="C:/Users/SHSimpson/Documents/Visual Studio 2010/Projects/ZetecXMLModels/ZetecXMLModelsUnitTests/bin/Debug/ZetecXMLModelsUnitTests.DLL" adapterTypeName="Microsoft.VisualStudio.TestTools.TestTypes.Unit.UnitTestAdapter, Microsoft.VisualStudio.QualityTools.Tips.UnitTest.Adapter, Version=10.0.0.0, Culture=neutral, PublicKeyToken=b03f5f7f11d50a3a" className="ZetecXMLModelsUnitTests.VesselInformationTest, ZetecXMLModelsUnitTests, Version=1.0.0.0, Culture=neutral, PublicKeyToken=null" name="PlantNameTest" />
    </UnitTest>
    <UnitTest name="IDTest" storage="c:\users\shsimpson\documents\visual studio 2010\projects\zetecxmlmodels\zetecxmlmodelsunittests\bin\debug\zetecxmlmodelsunittests.dll" id="36391e30-c188-1acc-8ecc-1e01672d00a5">
      <Execution id="9619c74a-f90f-4eef-a98d-fa071284eccd" />
      <TestMethod codeBase="C:/Users/SHSimpson/Documents/Visual Studio 2010/Projects/ZetecXMLModels/ZetecXMLModelsUnitTests/bin/Debug/ZetecXMLModelsUnitTests.DLL" adapterTypeName="Microsoft.VisualStudio.TestTools.TestTypes.Unit.UnitTestAdapter, Microsoft.VisualStudio.QualityTools.Tips.UnitTest.Adapter, Version=10.0.0.0, Culture=neutral, PublicKeyToken=b03f5f7f11d50a3a" className="ZetecXMLModelsUnitTests.TubeTest, ZetecXMLModelsUnitTests, Version=1.0.0.0, Culture=neutral, PublicKeyToken=null" name="IDTest" />
    </UnitTest>
    <UnitTest name="miscConstructorTest" storage="c:\users\shsimpson\documents\visual studio 2010\projects\zetecxmlmodels\zetecxmlmodelsunittests\bin\debug\zetecxmlmodelsunittests.dll" id="77c02662-9d79-5d8c-2ce3-01f820b23fd3">
      <Execution id="d7b6d81d-0c52-4c65-a6a3-7566be818928" />
      <TestMethod codeBase="C:/Users/SHSimpson/Documents/Visual Studio 2010/Projects/ZetecXMLModels/ZetecXMLModelsUnitTests/bin/Debug/ZetecXMLModelsUnitTests.DLL" adapterTypeName="Microsoft.VisualStudio.TestTools.TestTypes.Unit.UnitTestAdapter, Microsoft.VisualStudio.QualityTools.Tips.UnitTest.Adapter, Version=10.0.0.0, Culture=neutral, PublicKeyToken=b03f5f7f11d50a3a" className="ZetecXMLModelsUnitTests.miscTest, ZetecXMLModelsUnitTests, Version=1.0.0.0, Culture=neutral, PublicKeyToken=null" name="miscConstructorTest" />
    </UnitTest>
    <UnitTest name="OutletCalNumberingTest" storage="c:\users\shsimpson\documents\visual studio 2010\projects\zetecxmlmodels\zetecxmlmodelsunittests\bin\debug\zetecxmlmodelsunittests.dll" id="85be2481-f02f-6177-a926-23d7d1e77482">
      <Execution id="62ec377c-78c2-4a18-bf8d-da96178baa53" />
      <TestMethod codeBase="C:/Users/SHSimpson/Documents/Visual Studio 2010/Projects/ZetecXMLModels/ZetecXMLModelsUnitTests/bin/Debug/ZetecXMLModelsUnitTests.DLL" adapterTypeName="Microsoft.VisualStudio.TestTools.TestTypes.Unit.UnitTestAdapter, Microsoft.VisualStudio.QualityTools.Tips.UnitTest.Adapter, Version=10.0.0.0, Culture=neutral, PublicKeyToken=b03f5f7f11d50a3a" className="ZetecXMLModelsUnitTests.VesselInformationTest, ZetecXMLModelsUnitTests, Version=1.0.0.0, Culture=neutral, PublicKeyToken=null" name="OutletCalNumberingTest" />
    </UnitTest>
    <UnitTest name="InletVesselIDTest" storage="c:\users\shsimpson\documents\visual studio 2010\projects\zetecxmlmodels\zetecxmlmodelsunittests\bin\debug\zetecxmlmodelsunittests.dll" id="26a6f9cf-ce57-ec6e-485b-7271debaf27e">
      <Execution id="39a7ef95-14eb-476e-b787-624d68a8d497" />
      <TestMethod codeBase="C:/Users/SHSimpson/Documents/Visual Studio 2010/Projects/ZetecXMLModels/ZetecXMLModelsUnitTests/bin/Debug/ZetecXMLModelsUnitTests.DLL" adapterTypeName="Microsoft.VisualStudio.TestTools.TestTypes.Unit.UnitTestAdapter, Microsoft.VisualStudio.QualityTools.Tips.UnitTest.Adapter, Version=10.0.0.0, Culture=neutral, PublicKeyToken=b03f5f7f11d50a3a" className="ZetecXMLModelsUnitTests.VesselInformationTest, ZetecXMLModelsUnitTests, Version=1.0.0.0, Culture=neutral, PublicKeyToken=null" name="InletVesselIDTest" />
    </UnitTest>
    <UnitTest name="background_colorTest" storage="c:\users\shsimpson\documents\visual studio 2010\projects\zetecxmlmodels\zetecxmlmodelsunittests\bin\debug\zetecxmlmodelsunittests.dll" id="e20639a1-e3ac-5227-0fa6-529036098c15">
      <Execution id="7026ac6d-4142-42fa-acc9-65990d36b5b5" />
      <TestMethod codeBase="C:/Users/SHSimpson/Documents/Visual Studio 2010/Projects/ZetecXMLModels/ZetecXMLModelsUnitTests/bin/Debug/ZetecXMLModelsUnitTests.DLL" adapterTypeName="Microsoft.VisualStudio.TestTools.TestTypes.Unit.UnitTestAdapter, Microsoft.VisualStudio.QualityTools.Tips.UnitTest.Adapter, Version=10.0.0.0, Culture=neutral, PublicKeyToken=b03f5f7f11d50a3a" className="ZetecXMLModelsUnitTests.miscTest, ZetecXMLModelsUnitTests, Version=1.0.0.0, Culture=neutral, PublicKeyToken=null" name="background_colorTest" />
    </UnitTest>
    <UnitTest name="XDesignationTest" storage="c:\users\shsimpson\documents\visual studio 2010\projects\zetecxmlmodels\zetecxmlmodelsunittests\bin\debug\zetecxmlmodelsunittests.dll" id="13b8ffb4-6016-64ca-e887-e1f08ede3f60">
      <Execution id="d5c89487-1c9e-45a5-a49e-aeda665cfd87" />
      <TestMethod codeBase="C:/Users/SHSimpson/Documents/Visual Studio 2010/Projects/ZetecXMLModels/ZetecXMLModelsUnitTests/bin/Debug/ZetecXMLModelsUnitTests.DLL" adapterTypeName="Microsoft.VisualStudio.TestTools.TestTypes.Unit.UnitTestAdapter, Microsoft.VisualStudio.QualityTools.Tips.UnitTest.Adapter, Version=10.0.0.0, Culture=neutral, PublicKeyToken=b03f5f7f11d50a3a" className="ZetecXMLModelsUnitTests.VesselInformationTest, ZetecXMLModelsUnitTests, Version=1.0.0.0, Culture=neutral, PublicKeyToken=null" name="XDesignationTest" />
    </UnitTest>
    <UnitTest name="text_colorTest" storage="c:\users\shsimpson\documents\visual studio 2010\projects\zetecxmlmodels\zetecxmlmodelsunittests\bin\debug\zetecxmlmodelsunittests.dll" id="fdeca077-1731-5789-f6c7-97ee935d2199">
      <Execution id="8d5bb1c3-8aed-4b5c-9015-6d26fba3af54" />
      <TestMethod codeBase="C:/Users/SHSimpson/Documents/Visual Studio 2010/Projects/ZetecXMLModels/ZetecXMLModelsUnitTests/bin/Debug/ZetecXMLModelsUnitTests.DLL" adapterTypeName="Microsoft.VisualStudio.TestTools.TestTypes.Unit.UnitTestAdapter, Microsoft.VisualStudio.QualityTools.Tips.UnitTest.Adapter, Version=10.0.0.0, Culture=neutral, PublicKeyToken=b03f5f7f11d50a3a" className="ZetecXMLModelsUnitTests.miscTest, ZetecXMLModelsUnitTests, Version=1.0.0.0, Culture=neutral, PublicKeyToken=null" name="text_colorTest" />
    </UnitTest>
    <UnitTest name="grid_colorTest" storage="c:\users\shsimpson\documents\visual studio 2010\projects\zetecxmlmodels\zetecxmlmodelsunittests\bin\debug\zetecxmlmodelsunittests.dll" id="ce4ae171-8b1c-e94a-6046-f6f7f8e80412">
      <Execution id="0accca60-2288-4863-9310-b0b7fb208457" />
      <TestMethod codeBase="C:/Users/SHSimpson/Documents/Visual Studio 2010/Projects/ZetecXMLModels/ZetecXMLModelsUnitTests/bin/Debug/ZetecXMLModelsUnitTests.DLL" adapterTypeName="Microsoft.VisualStudio.TestTools.TestTypes.Unit.UnitTestAdapter, Microsoft.VisualStudio.QualityTools.Tips.UnitTest.Adapter, Version=10.0.0.0, Culture=neutral, PublicKeyToken=b03f5f7f11d50a3a" className="ZetecXMLModelsUnitTests.miscTest, ZetecXMLModelsUnitTests, Version=1.0.0.0, Culture=neutral, PublicKeyToken=null" name="grid_colorTest" />
    </UnitTest>
    <UnitTest name="SectionsActiveTest" storage="c:\users\shsimpson\documents\visual studio 2010\projects\zetecxmlmodels\zetecxmlmodelsunittests\bin\debug\zetecxmlmodelsunittests.dll" id="07c79d70-2d05-ff4d-f6cd-1f5ea09a59d1">
      <Execution id="d123e586-0fee-4d8c-9dd3-2a875f9b41fc" />
      <TestMethod codeBase="C:/Users/SHSimpson/Documents/Visual Studio 2010/Projects/ZetecXMLModels/ZetecXMLModelsUnitTests/bin/Debug/ZetecXMLModelsUnitTests.DLL" adapterTypeName="Microsoft.VisualStudio.TestTools.TestTypes.Unit.UnitTestAdapter, Microsoft.VisualStudio.QualityTools.Tips.UnitTest.Adapter, Version=10.0.0.0, Culture=neutral, PublicKeyToken=b03f5f7f11d50a3a" className="ZetecXMLModelsUnitTests.VesselInformationTest, ZetecXMLModelsUnitTests, Version=1.0.0.0, Culture=neutral, PublicKeyToken=null" name="SectionsActiveTest" />
    </UnitTest>
    <UnitTest name="XLabelTest" storage="c:\users\shsimpson\documents\visual studio 2010\projects\zetecxmlmodels\zetecxmlmodelsunittests\bin\debug\zetecxmlmodelsunittests.dll" id="88625e9d-086d-6f95-871a-ba00a3118136">
      <Execution id="098153e0-843e-4fc6-959a-e89d3d62d777" />
      <TestMethod codeBase="C:/Users/SHSimpson/Documents/Visual Studio 2010/Projects/ZetecXMLModels/ZetecXMLModelsUnitTests/bin/Debug/ZetecXMLModelsUnitTests.DLL" adapterTypeName="Microsoft.VisualStudio.TestTools.TestTypes.Unit.UnitTestAdapter, Microsoft.VisualStudio.QualityTools.Tips.UnitTest.Adapter, Version=10.0.0.0, Culture=neutral, PublicKeyToken=b03f5f7f11d50a3a" className="ZetecXMLModelsUnitTests.TubeTest, ZetecXMLModelsUnitTests, Version=1.0.0.0, Culture=neutral, PublicKeyToken=null" name="XLabelTest" />
    </UnitTest>
    <UnitTest name="OutletDisplaySymbolIDTest" storage="c:\users\shsimpson\documents\visual studio 2010\projects\zetecxmlmodels\zetecxmlmodelsunittests\bin\debug\zetecxmlmodelsunittests.dll" id="1d65620a-b474-a27f-19c2-672761107b81">
      <Execution id="a4befb14-131f-428a-9ab8-c0ab2df3371e" />
      <TestMethod codeBase="C:/Users/SHSimpson/Documents/Visual Studio 2010/Projects/ZetecXMLModels/ZetecXMLModelsUnitTests/bin/Debug/ZetecXMLModelsUnitTests.DLL" adapterTypeName="Microsoft.VisualStudio.TestTools.TestTypes.Unit.UnitTestAdapter, Microsoft.VisualStudio.QualityTools.Tips.UnitTest.Adapter, Version=10.0.0.0, Culture=neutral, PublicKeyToken=b03f5f7f11d50a3a" className="ZetecXMLModelsUnitTests.TubeTest, ZetecXMLModelsUnitTests, Version=1.0.0.0, Culture=neutral, PublicKeyToken=null" name="OutletDisplaySymbolIDTest" />
    </UnitTest>
    <UnitTest name="OutletVesselIDTest" storage="c:\users\shsimpson\documents\visual studio 2010\projects\zetecxmlmodels\zetecxmlmodelsunittests\bin\debug\zetecxmlmodelsunittests.dll" id="de393f97-7194-a95f-30b4-c65d3ce26f75">
      <Execution id="121da968-1fbf-4eaf-ac2f-2c2cb8f58215" />
      <TestMethod codeBase="C:/Users/SHSimpson/Documents/Visual Studio 2010/Projects/ZetecXMLModels/ZetecXMLModelsUnitTests/bin/Debug/ZetecXMLModelsUnitTests.DLL" adapterTypeName="Microsoft.VisualStudio.TestTools.TestTypes.Unit.UnitTestAdapter, Microsoft.VisualStudio.QualityTools.Tips.UnitTest.Adapter, Version=10.0.0.0, Culture=neutral, PublicKeyToken=b03f5f7f11d50a3a" className="ZetecXMLModelsUnitTests.VesselInformationTest, ZetecXMLModelsUnitTests, Version=1.0.0.0, Culture=neutral, PublicKeyToken=null" name="OutletVesselIDTest" />
    </UnitTest>
    <UnitTest name="UnitTest" storage="c:\users\shsimpson\documents\visual studio 2010\projects\zetecxmlmodels\zetecxmlmodelsunittests\bin\debug\zetecxmlmodelsunittests.dll" id="86b705c7-9972-2979-5c9c-3e03d4230724">
      <Execution id="d9af1aa1-465c-4fa4-b6ad-e167a1d609fc" />
      <TestMethod codeBase="C:/Users/SHSimpson/Documents/Visual Studio 2010/Projects/ZetecXMLModels/ZetecXMLModelsUnitTests/bin/Debug/ZetecXMLModelsUnitTests.DLL" adapterTypeName="Microsoft.VisualStudio.TestTools.TestTypes.Unit.UnitTestAdapter, Microsoft.VisualStudio.QualityTools.Tips.UnitTest.Adapter, Version=10.0.0.0, Culture=neutral, PublicKeyToken=b03f5f7f11d50a3a" className="ZetecXMLModelsUnitTests.VesselInformationTest, ZetecXMLModelsUnitTests, Version=1.0.0.0, Culture=neutral, PublicKeyToken=null" name="UnitTest" />
    </UnitTest>
    <UnitTest name="IntletDisplaySymbolIDTest" storage="c:\users\shsimpson\documents\visual studio 2010\projects\zetecxmlmodels\zetecxmlmodelsunittests\bin\debug\zetecxmlmodelsunittests.dll" id="a1a16247-5410-d687-ca1d-14a49f040f67">
      <Execution id="e401a86d-0427-4d91-892a-7ad4825621b1" />
      <TestMethod codeBase="C:/Users/SHSimpson/Documents/Visual Studio 2010/Projects/ZetecXMLModels/ZetecXMLModelsUnitTests/bin/Debug/ZetecXMLModelsUnitTests.DLL" adapterTypeName="Microsoft.VisualStudio.TestTools.TestTypes.Unit.UnitTestAdapter, Microsoft.VisualStudio.QualityTools.Tips.UnitTest.Adapter, Version=10.0.0.0, Culture=neutral, PublicKeyToken=b03f5f7f11d50a3a" className="ZetecXMLModelsUnitTests.TubeTest, ZetecXMLModelsUnitTests, Version=1.0.0.0, Culture=neutral, PublicKeyToken=null" name="IntletDisplaySymbolIDTest" />
    </UnitTest>
    <UnitTest name="ModelNameTest" storage="c:\users\shsimpson\documents\visual studio 2010\projects\zetecxmlmodels\zetecxmlmodelsunittests\bin\debug\zetecxmlmodelsunittests.dll" id="1b30e23d-b371-e559-363a-b5d56ede01ff">
      <Execution id="7f4cb47a-b73a-4ec4-94f3-866a79e7b10c" />
      <TestMethod codeBase="C:/Users/SHSimpson/Documents/Visual Studio 2010/Projects/ZetecXMLModels/ZetecXMLModelsUnitTests/bin/Debug/ZetecXMLModelsUnitTests.DLL" adapterTypeName="Microsoft.VisualStudio.TestTools.TestTypes.Unit.UnitTestAdapter, Microsoft.VisualStudio.QualityTools.Tips.UnitTest.Adapter, Version=10.0.0.0, Culture=neutral, PublicKeyToken=b03f5f7f11d50a3a" className="ZetecXMLModelsUnitTests.VesselInformationTest, ZetecXMLModelsUnitTests, Version=1.0.0.0, Culture=neutral, PublicKeyToken=null" name="ModelNameTest" />
    </UnitTest>
    <UnitTest name="ComponentNameTest" storage="c:\users\shsimpson\documents\visual studio 2010\projects\zetecxmlmodels\zetecxmlmodelsunittests\bin\debug\zetecxmlmodelsunittests.dll" id="5092a366-4896-a1d3-4b30-9505f776942e">
      <Execution id="0786086d-4886-4b48-9b81-e4fc4b9c7dc7" />
      <TestMethod codeBase="C:/Users/SHSimpson/Documents/Visual Studio 2010/Projects/ZetecXMLModels/ZetecXMLModelsUnitTests/bin/Debug/ZetecXMLModelsUnitTests.DLL" adapterTypeName="Microsoft.VisualStudio.TestTools.TestTypes.Unit.UnitTestAdapter, Microsoft.VisualStudio.QualityTools.Tips.UnitTest.Adapter, Version=10.0.0.0, Culture=neutral, PublicKeyToken=b03f5f7f11d50a3a" className="ZetecXMLModelsUnitTests.VesselInformationTest, ZetecXMLModelsUnitTests, Version=1.0.0.0, Culture=neutral, PublicKeyToken=null" name="ComponentNameTest" />
    </UnitTest>
    <UnitTest name="InletCalNumberingTest" storage="c:\users\shsimpson\documents\visual studio 2010\projects\zetecxmlmodels\zetecxmlmodelsunittests\bin\debug\zetecxmlmodelsunittests.dll" id="995bd025-5efd-2416-d859-789130a1bdb4">
      <Execution id="d512392d-6d4f-46cb-95b1-265488cb987d" />
      <TestMethod codeBase="C:/Users/SHSimpson/Documents/Visual Studio 2010/Projects/ZetecXMLModels/ZetecXMLModelsUnitTests/bin/Debug/ZetecXMLModelsUnitTests.DLL" adapterTypeName="Microsoft.VisualStudio.TestTools.TestTypes.Unit.UnitTestAdapter, Microsoft.VisualStudio.QualityTools.Tips.UnitTest.Adapter, Version=10.0.0.0, Culture=neutral, PublicKeyToken=b03f5f7f11d50a3a" className="ZetecXMLModelsUnitTests.VesselInformationTest, ZetecXMLModelsUnitTests, Version=1.0.0.0, Culture=neutral, PublicKeyToken=null" name="InletCalNumberingTest" />
    </UnitTest>
    <UnitTest name="MinimumTubeRadiusTest" storage="c:\users\shsimpson\documents\visual studio 2010\projects\zetecxmlmodels\zetecxmlmodelsunittests\bin\debug\zetecxmlmodelsunittests.dll" id="ce9085de-45bf-256a-44f0-6cd789b25d2f">
      <Execution id="0f68d847-43fb-41f4-b7dd-929d151f2a00" />
      <TestMethod codeBase="C:/Users/SHSimpson/Documents/Visual Studio 2010/Projects/ZetecXMLModels/ZetecXMLModelsUnitTests/bin/Debug/ZetecXMLModelsUnitTests.DLL" adapterTypeName="Microsoft.VisualStudio.TestTools.TestTypes.Unit.UnitTestAdapter, Microsoft.VisualStudio.QualityTools.Tips.UnitTest.Adapter, Version=10.0.0.0, Culture=neutral, PublicKeyToken=b03f5f7f11d50a3a" className="ZetecXMLModelsUnitTests.VesselInformationTest, ZetecXMLModelsUnitTests, Version=1.0.0.0, Culture=neutral, PublicKeyToken=null" name="MinimumTubeRadiusTest" />
    </UnitTest>
    <UnitTest name="OutletYTest" storage="c:\users\shsimpson\documents\visual studio 2010\projects\zetecxmlmodels\zetecxmlmodelsunittests\bin\debug\zetecxmlmodelsunittests.dll" id="8792450d-bd76-961c-f757-852e8d4d4052">
      <Execution id="8fb9f4e1-ecde-41c1-9a51-a484ef560c29" />
      <TestMethod codeBase="C:/Users/SHSimpson/Documents/Visual Studio 2010/Projects/ZetecXMLModels/ZetecXMLModelsUnitTests/bin/Debug/ZetecXMLModelsUnitTests.DLL" adapterTypeName="Microsoft.VisualStudio.TestTools.TestTypes.Unit.UnitTestAdapter, Microsoft.VisualStudio.QualityTools.Tips.UnitTest.Adapter, Version=10.0.0.0, Culture=neutral, PublicKeyToken=b03f5f7f11d50a3a" className="ZetecXMLModelsUnitTests.TubeTest, ZetecXMLModelsUnitTests, Version=1.0.0.0, Culture=neutral, PublicKeyToken=null" name="OutletYTest" />
    </UnitTest>
    <UnitTest name="ToStringTest" storage="c:\users\shsimpson\documents\visual studio 2010\projects\zetecxmlmodels\zetecxmlmodelsunittests\bin\debug\zetecxmlmodelsunittests.dll" id="fd010e4f-ec11-356d-71a2-987599af96ee">
      <Execution id="a8af5e66-0794-4337-bebc-962ec7dc0bad" />
      <TestMethod codeBase="C:/Users/SHSimpson/Documents/Visual Studio 2010/Projects/ZetecXMLModels/ZetecXMLModelsUnitTests/bin/Debug/ZetecXMLModelsUnitTests.DLL" adapterTypeName="Microsoft.VisualStudio.TestTools.TestTypes.Unit.UnitTestAdapter, Microsoft.VisualStudio.QualityTools.Tips.UnitTest.Adapter, Version=10.0.0.0, Culture=neutral, PublicKeyToken=b03f5f7f11d50a3a" className="ZetecXMLModelsUnitTests.TubeTest, ZetecXMLModelsUnitTests, Version=1.0.0.0, Culture=neutral, PublicKeyToken=null" name="ToStringTest" />
    </UnitTest>
    <UnitTest name="VesselTypeTest" storage="c:\users\shsimpson\documents\visual studio 2010\projects\zetecxmlmodels\zetecxmlmodelsunittests\bin\debug\zetecxmlmodelsunittests.dll" id="12766973-1377-5200-80b8-b3f3d230dccd">
      <Execution id="2b4bec8c-eb4b-4b8c-888b-c91cf3bb0dea" />
      <TestMethod codeBase="C:/Users/SHSimpson/Documents/Visual Studio 2010/Projects/ZetecXMLModels/ZetecXMLModelsUnitTests/bin/Debug/ZetecXMLModelsUnitTests.DLL" adapterTypeName="Microsoft.VisualStudio.TestTools.TestTypes.Unit.UnitTestAdapter, Microsoft.VisualStudio.QualityTools.Tips.UnitTest.Adapter, Version=10.0.0.0, Culture=neutral, PublicKeyToken=b03f5f7f11d50a3a" className="ZetecXMLModelsUnitTests.VesselInformationTest, ZetecXMLModelsUnitTests, Version=1.0.0.0, Culture=neutral, PublicKeyToken=null" name="VesselTypeTest" />
    </UnitTest>
    <UnitTest name="VesselInformationConstructorTest" storage="c:\users\shsimpson\documents\visual studio 2010\projects\zetecxmlmodels\zetecxmlmodelsunittests\bin\debug\zetecxmlmodelsunittests.dll" id="7e4cf5a5-5b1c-0932-8559-35accf7c452d">
      <Execution id="0960ee09-d512-4e3d-9d1f-a27bdb92bfdd" />
      <TestMethod codeBase="C:/Users/SHSimpson/Documents/Visual Studio 2010/Projects/ZetecXMLModels/ZetecXMLModelsUnitTests/bin/Debug/ZetecXMLModelsUnitTests.DLL" adapterTypeName="Microsoft.VisualStudio.TestTools.TestTypes.Unit.UnitTestAdapter, Microsoft.VisualStudio.QualityTools.Tips.UnitTest.Adapter, Version=10.0.0.0, Culture=neutral, PublicKeyToken=b03f5f7f11d50a3a" className="ZetecXMLModelsUnitTests.VesselInformationTest, ZetecXMLModelsUnitTests, Version=1.0.0.0, Culture=neutral, PublicKeyToken=null" name="VesselInformationConstructorTest" />
    </UnitTest>
    <UnitTest name="ComponentDesignationTest" storage="c:\users\shsimpson\documents\visual studio 2010\projects\zetecxmlmodels\zetecxmlmodelsunittests\bin\debug\zetecxmlmodelsunittests.dll" id="18c0df62-9e71-531f-0839-9641f985ce05">
      <Execution id="70a80e4a-8c40-49ed-aa76-1ec6e8a7a055" />
      <TestMethod codeBase="C:/Users/SHSimpson/Documents/Visual Studio 2010/Projects/ZetecXMLModels/ZetecXMLModelsUnitTests/bin/Debug/ZetecXMLModelsUnitTests.DLL" adapterTypeName="Microsoft.VisualStudio.TestTools.TestTypes.Unit.UnitTestAdapter, Microsoft.VisualStudio.QualityTools.Tips.UnitTest.Adapter, Version=10.0.0.0, Culture=neutral, PublicKeyToken=b03f5f7f11d50a3a" className="ZetecXMLModelsUnitTests.VesselInformationTest, ZetecXMLModelsUnitTests, Version=1.0.0.0, Culture=neutral, PublicKeyToken=null" name="ComponentDesignationTest" />
    </UnitTest>
    <UnitTest name="ContractorTest" storage="c:\users\shsimpson\documents\visual studio 2010\projects\zetecxmlmodels\zetecxmlmodelsunittests\bin\debug\zetecxmlmodelsunittests.dll" id="498975fa-28ac-56ea-c148-0d358a0c6927">
      <Execution id="b927a67b-8eeb-4c0f-b433-9c6784850326" />
      <TestMethod codeBase="C:/Users/SHSimpson/Documents/Visual Studio 2010/Projects/ZetecXMLModels/ZetecXMLModelsUnitTests/bin/Debug/ZetecXMLModelsUnitTests.DLL" adapterTypeName="Microsoft.VisualStudio.TestTools.TestTypes.Unit.UnitTestAdapter, Microsoft.VisualStudio.QualityTools.Tips.UnitTest.Adapter, Version=10.0.0.0, Culture=neutral, PublicKeyToken=b03f5f7f11d50a3a" className="ZetecXMLModelsUnitTests.VesselInformationTest, ZetecXMLModelsUnitTests, Version=1.0.0.0, Culture=neutral, PublicKeyToken=null" name="ContractorTest" />
    </UnitTest>
    <UnitTest name="TubeSheetNumberingTypeTest" storage="c:\users\shsimpson\documents\visual studio 2010\projects\zetecxmlmodels\zetecxmlmodelsunittests\bin\debug\zetecxmlmodelsunittests.dll" id="342ab28b-1731-c3f9-fc28-a2a8f9e95cf9">
      <Execution id="ad413ec6-4414-4392-a337-fdec3532d5e2" />
      <TestMethod codeBase="C:/Users/SHSimpson/Documents/Visual Studio 2010/Projects/ZetecXMLModels/ZetecXMLModelsUnitTests/bin/Debug/ZetecXMLModelsUnitTests.DLL" adapterTypeName="Microsoft.VisualStudio.TestTools.TestTypes.Unit.UnitTestAdapter, Microsoft.VisualStudio.QualityTools.Tips.UnitTest.Adapter, Version=10.0.0.0, Culture=neutral, PublicKeyToken=b03f5f7f11d50a3a" className="ZetecXMLModelsUnitTests.VesselInformationTest, ZetecXMLModelsUnitTests, Version=1.0.0.0, Culture=neutral, PublicKeyToken=null" name="TubeSheetNumberingTypeTest" />
    </UnitTest>
    <UnitTest name="PlantDesignationTest" storage="c:\users\shsimpson\documents\visual studio 2010\projects\zetecxmlmodels\zetecxmlmodelsunittests\bin\debug\zetecxmlmodelsunittests.dll" id="4947f739-deb8-db54-29ad-f143de8956b0">
      <Execution id="6183e2ab-1ec9-41e4-8e3a-9fa8d01729fb" />
      <TestMethod codeBase="C:/Users/SHSimpson/Documents/Visual Studio 2010/Projects/ZetecXMLModels/ZetecXMLModelsUnitTests/bin/Debug/ZetecXMLModelsUnitTests.DLL" adapterTypeName="Microsoft.VisualStudio.TestTools.TestTypes.Unit.UnitTestAdapter, Microsoft.VisualStudio.QualityTools.Tips.UnitTest.Adapter, Version=10.0.0.0, Culture=neutral, PublicKeyToken=b03f5f7f11d50a3a" className="ZetecXMLModelsUnitTests.VesselInformationTest, ZetecXMLModelsUnitTests, Version=1.0.0.0, Culture=neutral, PublicKeyToken=null" name="PlantDesignationTest" />
    </UnitTest>
    <UnitTest name="MaterialIDTest" storage="c:\users\shsimpson\documents\visual studio 2010\projects\zetecxmlmodels\zetecxmlmodelsunittests\bin\debug\zetecxmlmodelsunittests.dll" id="f06db92a-baa1-e523-c30b-12ff004e6373">
      <Execution id="e8485b6f-6bba-49c7-a5b8-e99f62ce0134" />
      <TestMethod codeBase="C:/Users/SHSimpson/Documents/Visual Studio 2010/Projects/ZetecXMLModels/ZetecXMLModelsUnitTests/bin/Debug/ZetecXMLModelsUnitTests.DLL" adapterTypeName="Microsoft.VisualStudio.TestTools.TestTypes.Unit.UnitTestAdapter, Microsoft.VisualStudio.QualityTools.Tips.UnitTest.Adapter, Version=10.0.0.0, Culture=neutral, PublicKeyToken=b03f5f7f11d50a3a" className="ZetecXMLModelsUnitTests.TubeTest, ZetecXMLModelsUnitTests, Version=1.0.0.0, Culture=neutral, PublicKeyToken=null" name="MaterialIDTest" />
    </UnitTest>
    <UnitTest name="SectionDesignationTest" storage="c:\users\shsimpson\documents\visual studio 2010\projects\zetecxmlmodels\zetecxmlmodelsunittests\bin\debug\zetecxmlmodelsunittests.dll" id="da63952a-891e-c736-3ada-6df53f00898a">
      <Execution id="2664c2d2-f11d-4295-9efa-6d8fc4a513eb" />
      <TestMethod codeBase="C:/Users/SHSimpson/Documents/Visual Studio 2010/Projects/ZetecXMLModels/ZetecXMLModelsUnitTests/bin/Debug/ZetecXMLModelsUnitTests.DLL" adapterTypeName="Microsoft.VisualStudio.TestTools.TestTypes.Unit.UnitTestAdapter, Microsoft.VisualStudio.QualityTools.Tips.UnitTest.Adapter, Version=10.0.0.0, Culture=neutral, PublicKeyToken=b03f5f7f11d50a3a" className="ZetecXMLModelsUnitTests.VesselInformationTest, ZetecXMLModelsUnitTests, Version=1.0.0.0, Culture=neutral, PublicKeyToken=null" name="SectionDesignationTest" />
    </UnitTest>
    <UnitTest name="InletXTest" storage="c:\users\shsimpson\documents\visual studio 2010\projects\zetecxmlmodels\zetecxmlmodelsunittests\bin\debug\zetecxmlmodelsunittests.dll" id="ad85d900-8b15-e0db-270b-0fe6dc68b1e5">
      <Execution id="ce12ca76-b021-4d35-af92-aee9ab5562fd" />
      <TestMethod codeBase="C:/Users/SHSimpson/Documents/Visual Studio 2010/Projects/ZetecXMLModels/ZetecXMLModelsUnitTests/bin/Debug/ZetecXMLModelsUnitTests.DLL" adapterTypeName="Microsoft.VisualStudio.TestTools.TestTypes.Unit.UnitTestAdapter, Microsoft.VisualStudio.QualityTools.Tips.UnitTest.Adapter, Version=10.0.0.0, Culture=neutral, PublicKeyToken=b03f5f7f11d50a3a" className="ZetecXMLModelsUnitTests.TubeTest, ZetecXMLModelsUnitTests, Version=1.0.0.0, Culture=neutral, PublicKeyToken=null" name="InletXTest" />
    </UnitTest>
    <UnitTest name="OutletXTest" storage="c:\users\shsimpson\documents\visual studio 2010\projects\zetecxmlmodels\zetecxmlmodelsunittests\bin\debug\zetecxmlmodelsunittests.dll" id="57b9104c-3dd5-7ab0-0ce0-fa1c988b04b4">
      <Execution id="3f797ac6-5d21-4efe-8f07-4e93ccdcce25" />
      <TestMethod codeBase="C:/Users/SHSimpson/Documents/Visual Studio 2010/Projects/ZetecXMLModels/ZetecXMLModelsUnitTests/bin/Debug/ZetecXMLModelsUnitTests.DLL" adapterTypeName="Microsoft.VisualStudio.TestTools.TestTypes.Unit.UnitTestAdapter, Microsoft.VisualStudio.QualityTools.Tips.UnitTest.Adapter, Version=10.0.0.0, Culture=neutral, PublicKeyToken=b03f5f7f11d50a3a" className="ZetecXMLModelsUnitTests.TubeTest, ZetecXMLModelsUnitTests, Version=1.0.0.0, Culture=neutral, PublicKeyToken=null" name="OutletXTest" />
    </UnitTest>
    <UnitTest name="ModelDesignationTest" storage="c:\users\shsimpson\documents\visual studio 2010\projects\zetecxmlmodels\zetecxmlmodelsunittests\bin\debug\zetecxmlmodelsunittests.dll" id="b2057306-c5e9-1add-e7f7-af5dd9b426ff">
      <Execution id="7754601c-4b2e-4246-9646-f888ace3602a" />
      <TestMethod codeBase="C:/Users/SHSimpson/Documents/Visual Studio 2010/Projects/ZetecXMLModels/ZetecXMLModelsUnitTests/bin/Debug/ZetecXMLModelsUnitTests.DLL" adapterTypeName="Microsoft.VisualStudio.TestTools.TestTypes.Unit.UnitTestAdapter, Microsoft.VisualStudio.QualityTools.Tips.UnitTest.Adapter, Version=10.0.0.0, Culture=neutral, PublicKeyToken=b03f5f7f11d50a3a" className="ZetecXMLModelsUnitTests.VesselInformationTest, ZetecXMLModelsUnitTests, Version=1.0.0.0, Culture=neutral, PublicKeyToken=null" name="ModelDesignationTest" />
    </UnitTest>
    <UnitTest name="UtilityNameTest" storage="c:\users\shsimpson\documents\visual studio 2010\projects\zetecxmlmodels\zetecxmlmodelsunittests\bin\debug\zetecxmlmodelsunittests.dll" id="e01e71af-91f5-cd9d-b9a2-e433f623a001">
      <Execution id="743c83e2-8960-4e57-bd14-6efdc36b90a6" />
      <TestMethod codeBase="C:/Users/SHSimpson/Documents/Visual Studio 2010/Projects/ZetecXMLModels/ZetecXMLModelsUnitTests/bin/Debug/ZetecXMLModelsUnitTests.DLL" adapterTypeName="Microsoft.VisualStudio.TestTools.TestTypes.Unit.UnitTestAdapter, Microsoft.VisualStudio.QualityTools.Tips.UnitTest.Adapter, Version=10.0.0.0, Culture=neutral, PublicKeyToken=b03f5f7f11d50a3a" className="ZetecXMLModelsUnitTests.VesselInformationTest, ZetecXMLModelsUnitTests, Version=1.0.0.0, Culture=neutral, PublicKeyToken=null" name="UtilityNameTest" />
    </UnitTest>
    <UnitTest name="InletChannelHeadTest" storage="c:\users\shsimpson\documents\visual studio 2010\projects\zetecxmlmodels\zetecxmlmodelsunittests\bin\debug\zetecxmlmodelsunittests.dll" id="b169d9f8-48e9-c1ab-f1d0-4527e9150cd3">
      <Execution id="9ef3191f-83d3-41ec-8754-af6e6411e911" />
      <TestMethod codeBase="C:/Users/SHSimpson/Documents/Visual Studio 2010/Projects/ZetecXMLModels/ZetecXMLModelsUnitTests/bin/Debug/ZetecXMLModelsUnitTests.DLL" adapterTypeName="Microsoft.VisualStudio.TestTools.TestTypes.Unit.UnitTestAdapter, Microsoft.VisualStudio.QualityTools.Tips.UnitTest.Adapter, Version=10.0.0.0, Culture=neutral, PublicKeyToken=b03f5f7f11d50a3a" className="ZetecXMLModelsUnitTests.VesselInformationTest, ZetecXMLModelsUnitTests, Version=1.0.0.0, Culture=neutral, PublicKeyToken=null" name="InletChannelHeadTest" />
    </UnitTest>
    <UnitTest name="LegacyIDTest" storage="c:\users\shsimpson\documents\visual studio 2010\projects\zetecxmlmodels\zetecxmlmodelsunittests\bin\debug\zetecxmlmodelsunittests.dll" id="6c794108-9512-4cfe-399f-069beac41e67">
      <Execution id="674b28a5-e164-4d1a-ae68-525296c07950" />
      <TestMethod codeBase="C:/Users/SHSimpson/Documents/Visual Studio 2010/Projects/ZetecXMLModels/ZetecXMLModelsUnitTests/bin/Debug/ZetecXMLModelsUnitTests.DLL" adapterTypeName="Microsoft.VisualStudio.TestTools.TestTypes.Unit.UnitTestAdapter, Microsoft.VisualStudio.QualityTools.Tips.UnitTest.Adapter, Version=10.0.0.0, Culture=neutral, PublicKeyToken=b03f5f7f11d50a3a" className="ZetecXMLModelsUnitTests.TubeTest, ZetecXMLModelsUnitTests, Version=1.0.0.0, Culture=neutral, PublicKeyToken=null" name="LegacyIDTest" />
    </UnitTest>
    <UnitTest name="pixels_per_inchTest" storage="c:\users\shsimpson\documents\visual studio 2010\projects\zetecxmlmodels\zetecxmlmodelsunittests\bin\debug\zetecxmlmodelsunittests.dll" id="080dedd9-abb0-bcd2-c12e-30f24dd9e2de">
      <Execution id="8503e90e-4f5b-4fc3-b454-c903ade2db38" />
      <TestMethod codeBase="C:/Users/SHSimpson/Documents/Visual Studio 2010/Projects/ZetecXMLModels/ZetecXMLModelsUnitTests/bin/Debug/ZetecXMLModelsUnitTests.DLL" adapterTypeName="Microsoft.VisualStudio.TestTools.TestTypes.Unit.UnitTestAdapter, Microsoft.VisualStudio.QualityTools.Tips.UnitTest.Adapter, Version=10.0.0.0, Culture=neutral, PublicKeyToken=b03f5f7f11d50a3a" className="ZetecXMLModelsUnitTests.miscTest, ZetecXMLModelsUnitTests, Version=1.0.0.0, Culture=neutral, PublicKeyToken=null" name="pixels_per_inchTest" />
    </UnitTest>
    <UnitTest name="InletYTest" storage="c:\users\shsimpson\documents\visual studio 2010\projects\zetecxmlmodels\zetecxmlmodelsunittests\bin\debug\zetecxmlmodelsunittests.dll" id="c3da0222-7ce6-132e-b376-ad5fdce6bbe7">
      <Execution id="28ddbf90-7de3-4ee9-9c01-9b24189adda0" />
      <TestMethod codeBase="C:/Users/SHSimpson/Documents/Visual Studio 2010/Projects/ZetecXMLModels/ZetecXMLModelsUnitTests/bin/Debug/ZetecXMLModelsUnitTests.DLL" adapterTypeName="Microsoft.VisualStudio.TestTools.TestTypes.Unit.UnitTestAdapter, Microsoft.VisualStudio.QualityTools.Tips.UnitTest.Adapter, Version=10.0.0.0, Culture=neutral, PublicKeyToken=b03f5f7f11d50a3a" className="ZetecXMLModelsUnitTests.TubeTest, ZetecXMLModelsUnitTests, Version=1.0.0.0, Culture=neutral, PublicKeyToken=null" name="InletYTest" />
    </UnitTest>
    <UnitTest name="SectionLabelTest" storage="c:\users\shsimpson\documents\visual studio 2010\projects\zetecxmlmodels\zetecxmlmodelsunittests\bin\debug\zetecxmlmodelsunittests.dll" id="b6b9b077-2616-106e-0759-3bac9fb0a311">
      <Execution id="ff61d30f-2c40-40e4-b295-9851da77708b" />
      <TestMethod codeBase="C:/Users/SHSimpson/Documents/Visual Studio 2010/Projects/ZetecXMLModels/ZetecXMLModelsUnitTests/bin/Debug/ZetecXMLModelsUnitTests.DLL" adapterTypeName="Microsoft.VisualStudio.TestTools.TestTypes.Unit.UnitTestAdapter, Microsoft.VisualStudio.QualityTools.Tips.UnitTest.Adapter, Version=10.0.0.0, Culture=neutral, PublicKeyToken=b03f5f7f11d50a3a" className="ZetecXMLModelsUnitTests.TubeTest, ZetecXMLModelsUnitTests, Version=1.0.0.0, Culture=neutral, PublicKeyToken=null" name="SectionLabelTest" />
    </UnitTest>
    <UnitTest name="TubeConstructorTest" storage="c:\users\shsimpson\documents\visual studio 2010\projects\zetecxmlmodels\zetecxmlmodelsunittests\bin\debug\zetecxmlmodelsunittests.dll" id="a5c962c3-516d-a59e-ac49-d473361634e5">
      <Execution id="4a2f57d4-d825-4d3d-a22a-04c8f9fea381" />
      <TestMethod codeBase="C:/Users/SHSimpson/Documents/Visual Studio 2010/Projects/ZetecXMLModels/ZetecXMLModelsUnitTests/bin/Debug/ZetecXMLModelsUnitTests.DLL" adapterTypeName="Microsoft.VisualStudio.TestTools.TestTypes.Unit.UnitTestAdapter, Microsoft.VisualStudio.QualityTools.Tips.UnitTest.Adapter, Version=10.0.0.0, Culture=neutral, PublicKeyToken=b03f5f7f11d50a3a" className="ZetecXMLModelsUnitTests.TubeTest, ZetecXMLModelsUnitTests, Version=1.0.0.0, Culture=neutral, PublicKeyToken=null" name="TubeConstructorTest" />
    </UnitTest>
    <UnitTest name="YxXyNotationTest" storage="c:\users\shsimpson\documents\visual studio 2010\projects\zetecxmlmodels\zetecxmlmodelsunittests\bin\debug\zetecxmlmodelsunittests.dll" id="b2c71200-05d2-c464-d78a-06f6f0f9cb57">
      <Execution id="f37c6918-3907-4a29-9f75-3628599afbcb" />
      <TestMethod codeBase="C:/Users/SHSimpson/Documents/Visual Studio 2010/Projects/ZetecXMLModels/ZetecXMLModelsUnitTests/bin/Debug/ZetecXMLModelsUnitTests.DLL" adapterTypeName="Microsoft.VisualStudio.TestTools.TestTypes.Unit.UnitTestAdapter, Microsoft.VisualStudio.QualityTools.Tips.UnitTest.Adapter, Version=10.0.0.0, Culture=neutral, PublicKeyToken=b03f5f7f11d50a3a" className="ZetecXMLModelsUnitTests.VesselInformationTest, ZetecXMLModelsUnitTests, Version=1.0.0.0, Culture=neutral, PublicKeyToken=null" name="YxXyNotationTest" />
    </UnitTest>
    <UnitTest name="VesselIDTypeTest" storage="c:\users\shsimpson\documents\visual studio 2010\projects\zetecxmlmodels\zetecxmlmodelsunittests\bin\debug\zetecxmlmodelsunittests.dll" id="3107f13f-9a0f-48e7-6fc7-b5c5137b212e">
      <Execution id="26460ab9-19a3-4222-a2ab-91f37635a5be" />
      <TestMethod codeBase="C:/Users/SHSimpson/Documents/Visual Studio 2010/Projects/ZetecXMLModels/ZetecXMLModelsUnitTests/bin/Debug/ZetecXMLModelsUnitTests.DLL" adapterTypeName="Microsoft.VisualStudio.TestTools.TestTypes.Unit.UnitTestAdapter, Microsoft.VisualStudio.QualityTools.Tips.UnitTest.Adapter, Version=10.0.0.0, Culture=neutral, PublicKeyToken=b03f5f7f11d50a3a" className="ZetecXMLModelsUnitTests.VesselInformationTest, ZetecXMLModelsUnitTests, Version=1.0.0.0, Culture=neutral, PublicKeyToken=null" name="VesselIDTypeTest" />
    </UnitTest>
    <UnitTest name="grid_scaleTest" storage="c:\users\shsimpson\documents\visual studio 2010\projects\zetecxmlmodels\zetecxmlmodelsunittests\bin\debug\zetecxmlmodelsunittests.dll" id="7937e4e8-872d-6b6c-9b61-34f1e84fe2dd">
      <Execution id="0763827d-030a-44fb-8a49-7dcd21723dc9" />
      <TestMethod codeBase="C:/Users/SHSimpson/Documents/Visual Studio 2010/Projects/ZetecXMLModels/ZetecXMLModelsUnitTests/bin/Debug/ZetecXMLModelsUnitTests.DLL" adapterTypeName="Microsoft.VisualStudio.TestTools.TestTypes.Unit.UnitTestAdapter, Microsoft.VisualStudio.QualityTools.Tips.UnitTest.Adapter, Version=10.0.0.0, Culture=neutral, PublicKeyToken=b03f5f7f11d50a3a" className="ZetecXMLModelsUnitTests.miscTest, ZetecXMLModelsUnitTests, Version=1.0.0.0, Culture=neutral, PublicKeyToken=null" name="grid_scaleTest" />
    </UnitTest>
    <UnitTest name="symbol_sizeTest" storage="c:\users\shsimpson\documents\visual studio 2010\projects\zetecxmlmodels\zetecxmlmodelsunittests\bin\debug\zetecxmlmodelsunittests.dll" id="ecc15bfd-60f9-5125-4547-4de1352adeee">
      <Execution id="ad320bea-231d-47b3-a642-e1d1580545bb" />
      <TestMethod codeBase="C:/Users/SHSimpson/Documents/Visual Studio 2010/Projects/ZetecXMLModels/ZetecXMLModelsUnitTests/bin/Debug/ZetecXMLModelsUnitTests.DLL" adapterTypeName="Microsoft.VisualStudio.TestTools.TestTypes.Unit.UnitTestAdapter, Microsoft.VisualStudio.QualityTools.Tips.UnitTest.Adapter, Version=10.0.0.0, Culture=neutral, PublicKeyToken=b03f5f7f11d50a3a" className="ZetecXMLModelsUnitTests.miscTest, ZetecXMLModelsUnitTests, Version=1.0.0.0, Culture=neutral, PublicKeyToken=null" name="symbol_sizeTest" />
    </UnitTest>
    <UnitTest name="foreground_colorTest" storage="c:\users\shsimpson\documents\visual studio 2010\projects\zetecxmlmodels\zetecxmlmodelsunittests\bin\debug\zetecxmlmodelsunittests.dll" id="983e7fff-d653-565a-d54b-a93994949ed4">
      <Execution id="76b3e5f8-554c-4cf6-979f-15ba4cb29315" />
      <TestMethod codeBase="C:/Users/SHSimpson/Documents/Visual Studio 2010/Projects/ZetecXMLModels/ZetecXMLModelsUnitTests/bin/Debug/ZetecXMLModelsUnitTests.DLL" adapterTypeName="Microsoft.VisualStudio.TestTools.TestTypes.Unit.UnitTestAdapter, Microsoft.VisualStudio.QualityTools.Tips.UnitTest.Adapter, Version=10.0.0.0, Culture=neutral, PublicKeyToken=b03f5f7f11d50a3a" className="ZetecXMLModelsUnitTests.miscTest, ZetecXMLModelsUnitTests, Version=1.0.0.0, Culture=neutral, PublicKeyToken=null" name="foreground_colorTest" />
    </UnitTest>
    <UnitTest name="InletRow1Col1LocationTest" storage="c:\users\shsimpson\documents\visual studio 2010\projects\zetecxmlmodels\zetecxmlmodelsunittests\bin\debug\zetecxmlmodelsunittests.dll" id="1dd43818-7534-8c8a-155f-265c089bf3fe">
      <Execution id="0ce3f2b9-542e-4f05-b1a4-f43ee1717fba" />
      <TestMethod codeBase="C:/Users/SHSimpson/Documents/Visual Studio 2010/Projects/ZetecXMLModels/ZetecXMLModelsUnitTests/bin/Debug/ZetecXMLModelsUnitTests.DLL" adapterTypeName="Microsoft.VisualStudio.TestTools.TestTypes.Unit.UnitTestAdapter, Microsoft.VisualStudio.QualityTools.Tips.UnitTest.Adapter, Version=10.0.0.0, Culture=neutral, PublicKeyToken=b03f5f7f11d50a3a" className="ZetecXMLModelsUnitTests.VesselInformationTest, ZetecXMLModelsUnitTests, Version=1.0.0.0, Culture=neutral, PublicKeyToken=null" name="InletRow1Col1LocationTest" />
    </UnitTest>
    <UnitTest name="UtilityDesignationTest" storage="c:\users\shsimpson\documents\visual studio 2010\projects\zetecxmlmodels\zetecxmlmodelsunittests\bin\debug\zetecxmlmodelsunittests.dll" id="490fa47e-be49-c7f7-e688-1f808e7fcaaa">
      <Execution id="0e9e5c3b-a213-4957-9e7f-f804a1d109bf" />
      <TestMethod codeBase="C:/Users/SHSimpson/Documents/Visual Studio 2010/Projects/ZetecXMLModels/ZetecXMLModelsUnitTests/bin/Debug/ZetecXMLModelsUnitTests.DLL" adapterTypeName="Microsoft.VisualStudio.TestTools.TestTypes.Unit.UnitTestAdapter, Microsoft.VisualStudio.QualityTools.Tips.UnitTest.Adapter, Version=10.0.0.0, Culture=neutral, PublicKeyToken=b03f5f7f11d50a3a" className="ZetecXMLModelsUnitTests.VesselInformationTest, ZetecXMLModelsUnitTests, Version=1.0.0.0, Culture=neutral, PublicKeyToken=null" name="UtilityDesignationTest" />
    </UnitTest>
  </TestDefinitions>
  <TestLists>
    <TestList name="Results Not in a List" id="8c84fa94-04c1-424b-9868-57a2d4851a1d" />
    <TestList name="All Loaded Results" id="19431567-8539-422a-85d7-44ee4e166bda" />
  </TestLists>
  <TestEntries>
    <TestEntry testId="02a94f3f-28bb-d371-d770-2b28d3740a73" executionId="b7bc9a88-9a1f-439e-904f-e12a2689b4f2" testListId="8c84fa94-04c1-424b-9868-57a2d4851a1d" />
    <TestEntry testId="07c79d70-2d05-ff4d-f6cd-1f5ea09a59d1" executionId="d123e586-0fee-4d8c-9dd3-2a875f9b41fc" testListId="8c84fa94-04c1-424b-9868-57a2d4851a1d" />
    <TestEntry testId="080dedd9-abb0-bcd2-c12e-30f24dd9e2de" executionId="8503e90e-4f5b-4fc3-b454-c903ade2db38" testListId="8c84fa94-04c1-424b-9868-57a2d4851a1d" />
    <TestEntry testId="0a0c6ae0-e8e4-d050-e17f-dc3dfadf4a27" executionId="f3aa0661-6596-44e8-98c3-f9247b4509d3" testListId="8c84fa94-04c1-424b-9868-57a2d4851a1d" />
    <TestEntry testId="10b01f1c-7c65-5527-c45d-c3020c2cdb4d" executionId="8a5ac5e7-80c9-4a98-a12f-1fa1a3ee6fcf" testListId="8c84fa94-04c1-424b-9868-57a2d4851a1d" />
    <TestEntry testId="12766973-1377-5200-80b8-b3f3d230dccd" executionId="2b4bec8c-eb4b-4b8c-888b-c91cf3bb0dea" testListId="8c84fa94-04c1-424b-9868-57a2d4851a1d" />
    <TestEntry testId="13b8ffb4-6016-64ca-e887-e1f08ede3f60" executionId="d5c89487-1c9e-45a5-a49e-aeda665cfd87" testListId="8c84fa94-04c1-424b-9868-57a2d4851a1d" />
    <TestEntry testId="18c0df62-9e71-531f-0839-9641f985ce05" executionId="70a80e4a-8c40-49ed-aa76-1ec6e8a7a055" testListId="8c84fa94-04c1-424b-9868-57a2d4851a1d" />
    <TestEntry testId="1b30e23d-b371-e559-363a-b5d56ede01ff" executionId="7f4cb47a-b73a-4ec4-94f3-866a79e7b10c" testListId="8c84fa94-04c1-424b-9868-57a2d4851a1d" />
    <TestEntry testId="1d65620a-b474-a27f-19c2-672761107b81" executionId="a4befb14-131f-428a-9ab8-c0ab2df3371e" testListId="8c84fa94-04c1-424b-9868-57a2d4851a1d" />
    <TestEntry testId="1dd43818-7534-8c8a-155f-265c089bf3fe" executionId="0ce3f2b9-542e-4f05-b1a4-f43ee1717fba" testListId="8c84fa94-04c1-424b-9868-57a2d4851a1d" />
    <TestEntry testId="26a6f9cf-ce57-ec6e-485b-7271debaf27e" executionId="39a7ef95-14eb-476e-b787-624d68a8d497" testListId="8c84fa94-04c1-424b-9868-57a2d4851a1d" />
    <TestEntry testId="3107f13f-9a0f-48e7-6fc7-b5c5137b212e" executionId="26460ab9-19a3-4222-a2ab-91f37635a5be" testListId="8c84fa94-04c1-424b-9868-57a2d4851a1d" />
    <TestEntry testId="342ab28b-1731-c3f9-fc28-a2a8f9e95cf9" executionId="ad413ec6-4414-4392-a337-fdec3532d5e2" testListId="8c84fa94-04c1-424b-9868-57a2d4851a1d" />
    <TestEntry testId="36391e30-c188-1acc-8ecc-1e01672d00a5" executionId="9619c74a-f90f-4eef-a98d-fa071284eccd" testListId="8c84fa94-04c1-424b-9868-57a2d4851a1d" />
    <TestEntry testId="490fa47e-be49-c7f7-e688-1f808e7fcaaa" executionId="0e9e5c3b-a213-4957-9e7f-f804a1d109bf" testListId="8c84fa94-04c1-424b-9868-57a2d4851a1d" />
    <TestEntry testId="4947f739-deb8-db54-29ad-f143de8956b0" executionId="6183e2ab-1ec9-41e4-8e3a-9fa8d01729fb" testListId="8c84fa94-04c1-424b-9868-57a2d4851a1d" />
    <TestEntry testId="498975fa-28ac-56ea-c148-0d358a0c6927" executionId="b927a67b-8eeb-4c0f-b433-9c6784850326" testListId="8c84fa94-04c1-424b-9868-57a2d4851a1d" />
    <TestEntry testId="4ca59c4a-1586-4df3-4c18-8aad9b220064" executionId="3639a6df-c23e-4bad-af28-f7577c455743" testListId="8c84fa94-04c1-424b-9868-57a2d4851a1d" />
    <TestEntry testId="5092a366-4896-a1d3-4b30-9505f776942e" executionId="0786086d-4886-4b48-9b81-e4fc4b9c7dc7" testListId="8c84fa94-04c1-424b-9868-57a2d4851a1d" />
    <TestEntry testId="57b9104c-3dd5-7ab0-0ce0-fa1c988b04b4" executionId="3f797ac6-5d21-4efe-8f07-4e93ccdcce25" testListId="8c84fa94-04c1-424b-9868-57a2d4851a1d" />
    <TestEntry testId="6c794108-9512-4cfe-399f-069beac41e67" executionId="674b28a5-e164-4d1a-ae68-525296c07950" testListId="8c84fa94-04c1-424b-9868-57a2d4851a1d" />
    <TestEntry testId="77c02662-9d79-5d8c-2ce3-01f820b23fd3" executionId="d7b6d81d-0c52-4c65-a6a3-7566be818928" testListId="8c84fa94-04c1-424b-9868-57a2d4851a1d" />
    <TestEntry testId="7937e4e8-872d-6b6c-9b61-34f1e84fe2dd" executionId="0763827d-030a-44fb-8a49-7dcd21723dc9" testListId="8c84fa94-04c1-424b-9868-57a2d4851a1d" />
    <TestEntry testId="7e4cf5a5-5b1c-0932-8559-35accf7c452d" executionId="0960ee09-d512-4e3d-9d1f-a27bdb92bfdd" testListId="8c84fa94-04c1-424b-9868-57a2d4851a1d" />
    <TestEntry testId="85be2481-f02f-6177-a926-23d7d1e77482" executionId="62ec377c-78c2-4a18-bf8d-da96178baa53" testListId="8c84fa94-04c1-424b-9868-57a2d4851a1d" />
    <TestEntry testId="86b705c7-9972-2979-5c9c-3e03d4230724" executionId="d9af1aa1-465c-4fa4-b6ad-e167a1d609fc" testListId="8c84fa94-04c1-424b-9868-57a2d4851a1d" />
    <TestEntry testId="8792450d-bd76-961c-f757-852e8d4d4052" executionId="8fb9f4e1-ecde-41c1-9a51-a484ef560c29" testListId="8c84fa94-04c1-424b-9868-57a2d4851a1d" />
    <TestEntry testId="88625e9d-086d-6f95-871a-ba00a3118136" executionId="098153e0-843e-4fc6-959a-e89d3d62d777" testListId="8c84fa94-04c1-424b-9868-57a2d4851a1d" />
    <TestEntry testId="8f58cb54-4ad6-c1b3-da03-dbae73442545" executionId="cd2faeda-2976-4c3b-bf1e-aad97bbd0ae6" testListId="8c84fa94-04c1-424b-9868-57a2d4851a1d" />
    <TestEntry testId="983e7fff-d653-565a-d54b-a93994949ed4" executionId="76b3e5f8-554c-4cf6-979f-15ba4cb29315" testListId="8c84fa94-04c1-424b-9868-57a2d4851a1d" />
    <TestEntry testId="995bd025-5efd-2416-d859-789130a1bdb4" executionId="d512392d-6d4f-46cb-95b1-265488cb987d" testListId="8c84fa94-04c1-424b-9868-57a2d4851a1d" />
    <TestEntry testId="a1a16247-5410-d687-ca1d-14a49f040f67" executionId="e401a86d-0427-4d91-892a-7ad4825621b1" testListId="8c84fa94-04c1-424b-9868-57a2d4851a1d" />
    <TestEntry testId="a5c962c3-516d-a59e-ac49-d473361634e5" executionId="4a2f57d4-d825-4d3d-a22a-04c8f9fea381" testListId="8c84fa94-04c1-424b-9868-57a2d4851a1d" />
    <TestEntry testId="ad85d900-8b15-e0db-270b-0fe6dc68b1e5" executionId="ce12ca76-b021-4d35-af92-aee9ab5562fd" testListId="8c84fa94-04c1-424b-9868-57a2d4851a1d" />
    <TestEntry testId="b169d9f8-48e9-c1ab-f1d0-4527e9150cd3" executionId="9ef3191f-83d3-41ec-8754-af6e6411e911" testListId="8c84fa94-04c1-424b-9868-57a2d4851a1d" />
    <TestEntry testId="b2057306-c5e9-1add-e7f7-af5dd9b426ff" executionId="7754601c-4b2e-4246-9646-f888ace3602a" testListId="8c84fa94-04c1-424b-9868-57a2d4851a1d" />
    <TestEntry testId="b2c71200-05d2-c464-d78a-06f6f0f9cb57" executionId="f37c6918-3907-4a29-9f75-3628599afbcb" testListId="8c84fa94-04c1-424b-9868-57a2d4851a1d" />
    <TestEntry testId="b6b9b077-2616-106e-0759-3bac9fb0a311" executionId="ff61d30f-2c40-40e4-b295-9851da77708b" testListId="8c84fa94-04c1-424b-9868-57a2d4851a1d" />
    <TestEntry testId="c3da0222-7ce6-132e-b376-ad5fdce6bbe7" executionId="28ddbf90-7de3-4ee9-9c01-9b24189adda0" testListId="8c84fa94-04c1-424b-9868-57a2d4851a1d" />
    <TestEntry testId="ce4ae171-8b1c-e94a-6046-f6f7f8e80412" executionId="0accca60-2288-4863-9310-b0b7fb208457" testListId="8c84fa94-04c1-424b-9868-57a2d4851a1d" />
    <TestEntry testId="ce9085de-45bf-256a-44f0-6cd789b25d2f" executionId="0f68d847-43fb-41f4-b7dd-929d151f2a00" testListId="8c84fa94-04c1-424b-9868-57a2d4851a1d" />
    <TestEntry testId="da63952a-891e-c736-3ada-6df53f00898a" executionId="2664c2d2-f11d-4295-9efa-6d8fc4a513eb" testListId="8c84fa94-04c1-424b-9868-57a2d4851a1d" />
    <TestEntry testId="de393f97-7194-a95f-30b4-c65d3ce26f75" executionId="121da968-1fbf-4eaf-ac2f-2c2cb8f58215" testListId="8c84fa94-04c1-424b-9868-57a2d4851a1d" />
    <TestEntry testId="e01e71af-91f5-cd9d-b9a2-e433f623a001" executionId="743c83e2-8960-4e57-bd14-6efdc36b90a6" testListId="8c84fa94-04c1-424b-9868-57a2d4851a1d" />
    <TestEntry testId="e20639a1-e3ac-5227-0fa6-529036098c15" executionId="7026ac6d-4142-42fa-acc9-65990d36b5b5" testListId="8c84fa94-04c1-424b-9868-57a2d4851a1d" />
    <TestEntry testId="ecc15bfd-60f9-5125-4547-4de1352adeee" executionId="ad320bea-231d-47b3-a642-e1d1580545bb" testListId="8c84fa94-04c1-424b-9868-57a2d4851a1d" />
    <TestEntry testId="f06db92a-baa1-e523-c30b-12ff004e6373" executionId="e8485b6f-6bba-49c7-a5b8-e99f62ce0134" testListId="8c84fa94-04c1-424b-9868-57a2d4851a1d" />
    <TestEntry testId="f46dde03-01d9-ecfa-51fc-3b81caa02ca8" executionId="23d17094-8bf5-49ec-a406-1c7971df3a4b" testListId="8c84fa94-04c1-424b-9868-57a2d4851a1d" />
    <TestEntry testId="f722bce2-18b8-5d04-bf89-e49deb2d591b" executionId="7ca15850-023f-4c7c-b86a-de65605804d6" testListId="8c84fa94-04c1-424b-9868-57a2d4851a1d" />
    <TestEntry testId="fd010e4f-ec11-356d-71a2-987599af96ee" executionId="a8af5e66-0794-4337-bebc-962ec7dc0bad" testListId="8c84fa94-04c1-424b-9868-57a2d4851a1d" />
    <TestEntry testId="fdeca077-1731-5789-f6c7-97ee935d2199" executionId="8d5bb1c3-8aed-4b5c-9015-6d26fba3af54" testListId="8c84fa94-04c1-424b-9868-57a2d4851a1d" />
  </TestEntries>
  <Results>
    <UnitTestResult executionId="b7bc9a88-9a1f-439e-904f-e12a2689b4f2" testId="02a94f3f-28bb-d371-d770-2b28d3740a73" testName="GridXTest" computerName="CLPR9K5797" duration="00:00:00.0135944" startTime="2014-07-02T13:09:01.0835378-04:00" endTime="2014-07-02T13:09:01.3705665-04:00" testType="13cdc9d9-ddb5-4fa4-a97d-d965ccfc6d4b" outcome="Passed" testListId="8c84fa94-04c1-424b-9868-57a2d4851a1d" relativeResultsDirectory="b7bc9a88-9a1f-439e-904f-e12a2689b4f2">
    </UnitTestResult>
    <UnitTestResult executionId="d123e586-0fee-4d8c-9dd3-2a875f9b41fc" testId="07c79d70-2d05-ff4d-f6cd-1f5ea09a59d1" testName="SectionsActiveTest" computerName="CLPR9K5797" duration="00:00:00.0334279" startTime="2014-07-02T13:09:01.3815676-04:00" endTime="2014-07-02T13:09:01.4185713-04:00" testType="13cdc9d9-ddb5-4fa4-a97d-d965ccfc6d4b" outcome="Passed" testListId="8c84fa94-04c1-424b-9868-57a2d4851a1d" relativeResultsDirectory="d123e586-0fee-4d8c-9dd3-2a875f9b41fc">
    </UnitTestResult>
    <UnitTestResult executionId="8503e90e-4f5b-4fc3-b454-c903ade2db38" testId="080dedd9-abb0-bcd2-c12e-30f24dd9e2de" testName="pixels_per_inchTest" computerName="CLPR9K5797" duration="00:00:00.0003247" startTime="2014-07-02T13:09:01.4275722-04:00" endTime="2014-07-02T13:09:01.4535748-04:00" testType="13cdc9d9-ddb5-4fa4-a97d-d965ccfc6d4b" outcome="Passed" testListId="8c84fa94-04c1-424b-9868-57a2d4851a1d" relativeResultsDirectory="8503e90e-4f5b-4fc3-b454-c903ade2db38">
    </UnitTestResult>
    <UnitTestResult executionId="f3aa0661-6596-44e8-98c3-f9247b4509d3" testId="0a0c6ae0-e8e4-d050-e17f-dc3dfadf4a27" testName="GridYTest" computerName="CLPR9K5797" duration="00:00:00.0003259" startTime="2014-07-02T13:09:01.4615756-04:00" endTime="2014-07-02T13:09:01.4645759-04:00" testType="13cdc9d9-ddb5-4fa4-a97d-d965ccfc6d4b" outcome="Passed" testListId="8c84fa94-04c1-424b-9868-57a2d4851a1d" relativeResultsDirectory="f3aa0661-6596-44e8-98c3-f9247b4509d3">
    </UnitTestResult>
    <UnitTestResult executionId="8a5ac5e7-80c9-4a98-a12f-1fa1a3ee6fcf" testId="10b01f1c-7c65-5527-c45d-c3020c2cdb4d" testName="PlantNameTest" computerName="CLPR9K5797" duration="00:00:00.0167574" startTime="2014-07-02T13:09:01.4745769-04:00" endTime="2014-07-02T13:09:01.4955790-04:00" testType="13cdc9d9-ddb5-4fa4-a97d-d965ccfc6d4b" outcome="Passed" testListId="8c84fa94-04c1-424b-9868-57a2d4851a1d" relativeResultsDirectory="8a5ac5e7-80c9-4a98-a12f-1fa1a3ee6fcf">
    </UnitTestResult>
    <UnitTestResult executionId="2b4bec8c-eb4b-4b8c-888b-c91cf3bb0dea" testId="12766973-1377-5200-80b8-b3f3d230dccd" testName="VesselTypeTest" computerName="CLPR9K5797" duration="00:00:00.0187298" startTime="2014-07-02T13:09:01.5045799-04:00" endTime="2014-07-02T13:09:01.5255820-04:00" testType="13cdc9d9-ddb5-4fa4-a97d-d965ccfc6d4b" outcome="Passed" testListId="8c84fa94-04c1-424b-9868-57a2d4851a1d" relativeResultsDirectory="2b4bec8c-eb4b-4b8c-888b-c91cf3bb0dea">
    </UnitTestResult>
    <UnitTestResult executionId="d5c89487-1c9e-45a5-a49e-aeda665cfd87" testId="13b8ffb4-6016-64ca-e887-e1f08ede3f60" testName="XDesignationTest" computerName="CLPR9K5797" duration="00:00:00.0156301" startTime="2014-07-02T13:09:01.5325827-04:00" endTime="2014-07-02T13:09:01.5495844-04:00" testType="13cdc9d9-ddb5-4fa4-a97d-d965ccfc6d4b" outcome="Passed" testListId="8c84fa94-04c1-424b-9868-57a2d4851a1d" relativeResultsDirectory="d5c89487-1c9e-45a5-a49e-aeda665cfd87">
    </UnitTestResult>
    <UnitTestResult executionId="70a80e4a-8c40-49ed-aa76-1ec6e8a7a055" testId="18c0df62-9e71-531f-0839-9641f985ce05" testName="ComponentDesignationTest" computerName="CLPR9K5797" duration="00:00:00.0157091" startTime="2014-07-02T13:09:01.5565851-04:00" endTime="2014-07-02T13:09:01.5745869-04:00" testType="13cdc9d9-ddb5-4fa4-a97d-d965ccfc6d4b" outcome="Passed" testListId="8c84fa94-04c1-424b-9868-57a2d4851a1d" relativeResultsDirectory="70a80e4a-8c40-49ed-aa76-1ec6e8a7a055">
    </UnitTestResult>
    <UnitTestResult executionId="7f4cb47a-b73a-4ec4-94f3-866a79e7b10c" testId="1b30e23d-b371-e559-363a-b5d56ede01ff" testName="ModelNameTest" computerName="CLPR9K5797" duration="00:00:00.0154732" startTime="2014-07-02T13:09:01.5815876-04:00" endTime="2014-07-02T13:09:01.5985893-04:00" testType="13cdc9d9-ddb5-4fa4-a97d-d965ccfc6d4b" outcome="Passed" testListId="8c84fa94-04c1-424b-9868-57a2d4851a1d" relativeResultsDirectory="7f4cb47a-b73a-4ec4-94f3-866a79e7b10c">
    </UnitTestResult>
    <UnitTestResult executionId="a4befb14-131f-428a-9ab8-c0ab2df3371e" testId="1d65620a-b474-a27f-19c2-672761107b81" testName="OutletDisplaySymbolIDTest" computerName="CLPR9K5797" duration="00:00:00.0002568" startTime="2014-07-02T13:09:01.6055900-04:00" endTime="2014-07-02T13:09:01.6075902-04:00" testType="13cdc9d9-ddb5-4fa4-a97d-d965ccfc6d4b" outcome="Passed" testListId="8c84fa94-04c1-424b-9868-57a2d4851a1d" relativeResultsDirectory="a4befb14-131f-428a-9ab8-c0ab2df3371e">
    </UnitTestResult>
    <UnitTestResult executionId="0ce3f2b9-542e-4f05-b1a4-f43ee1717fba" testId="1dd43818-7534-8c8a-155f-265c089bf3fe" testName="InletRow1Col1LocationTest" computerName="CLPR9K5797" duration="00:00:00.0158711" startTime="2014-07-02T13:09:01.6145909-04:00" endTime="2014-07-02T13:09:01.6325927-04:00" testType="13cdc9d9-ddb5-4fa4-a97d-d965ccfc6d4b" outcome="Passed" testListId="8c84fa94-04c1-424b-9868-57a2d4851a1d" relativeResultsDirectory="0ce3f2b9-542e-4f05-b1a4-f43ee1717fba">
    </UnitTestResult>
    <UnitTestResult executionId="39a7ef95-14eb-476e-b787-624d68a8d497" testId="26a6f9cf-ce57-ec6e-485b-7271debaf27e" testName="InletVesselIDTest" computerName="CLPR9K5797" duration="00:00:00.0157020" startTime="2014-07-02T13:09:01.6425937-04:00" endTime="2014-07-02T13:09:01.6605955-04:00" testType="13cdc9d9-ddb5-4fa4-a97d-d965ccfc6d4b" outcome="Passed" testListId="8c84fa94-04c1-424b-9868-57a2d4851a1d" relativeResultsDirectory="39a7ef95-14eb-476e-b787-624d68a8d497">
    </UnitTestResult>
    <UnitTestResult executionId="26460ab9-19a3-4222-a2ab-91f37635a5be" testId="3107f13f-9a0f-48e7-6fc7-b5c5137b212e" testName="VesselIDTypeTest" computerName="CLPR9K5797" duration="00:00:00.0160240" startTime="2014-07-02T13:09:01.6675962-04:00" endTime="2014-07-02T13:09:01.6855980-04:00" testType="13cdc9d9-ddb5-4fa4-a97d-d965ccfc6d4b" outcome="Passed" testListId="8c84fa94-04c1-424b-9868-57a2d4851a1d" relativeResultsDirectory="26460ab9-19a3-4222-a2ab-91f37635a5be">
    </UnitTestResult>
    <UnitTestResult executionId="ad413ec6-4414-4392-a337-fdec3532d5e2" testId="342ab28b-1731-c3f9-fc28-a2a8f9e95cf9" testName="TubeSheetNumberingTypeTest" computerName="CLPR9K5797" duration="00:00:00.0160323" startTime="2014-07-02T13:09:01.6925987-04:00" endTime="2014-07-02T13:09:01.7106005-04:00" testType="13cdc9d9-ddb5-4fa4-a97d-d965ccfc6d4b" outcome="Passed" testListId="8c84fa94-04c1-424b-9868-57a2d4851a1d" relativeResultsDirectory="ad413ec6-4414-4392-a337-fdec3532d5e2">
    </UnitTestResult>
    <UnitTestResult executionId="9619c74a-f90f-4eef-a98d-fa071284eccd" testId="36391e30-c188-1acc-8ecc-1e01672d00a5" testName="IDTest" computerName="CLPR9K5797" duration="00:00:00.0002655" startTime="2014-07-02T13:09:01.7176012-04:00" endTime="2014-07-02T13:09:01.7196014-04:00" testType="13cdc9d9-ddb5-4fa4-a97d-d965ccfc6d4b" outcome="Passed" testListId="8c84fa94-04c1-424b-9868-57a2d4851a1d" relativeResultsDirectory="9619c74a-f90f-4eef-a98d-fa071284eccd">
    </UnitTestResult>
    <UnitTestResult executionId="0e9e5c3b-a213-4957-9e7f-f804a1d109bf" testId="490fa47e-be49-c7f7-e688-1f808e7fcaaa" testName="UtilityDesignationTest" computerName="CLPR9K5797" duration="00:00:00.0157301" startTime="2014-07-02T13:09:01.7266021-04:00" endTime="2014-07-02T13:09:01.7436038-04:00" testType="13cdc9d9-ddb5-4fa4-a97d-d965ccfc6d4b" outcome="Passed" testListId="8c84fa94-04c1-424b-9868-57a2d4851a1d" relativeResultsDirectory="0e9e5c3b-a213-4957-9e7f-f804a1d109bf">
    </UnitTestResult>
    <UnitTestResult executionId="6183e2ab-1ec9-41e4-8e3a-9fa8d01729fb" testId="4947f739-deb8-db54-29ad-f143de8956b0" testName="PlantDesignationTest" computerName="CLPR9K5797" duration="00:00:00.0155372" startTime="2014-07-02T13:09:01.7506045-04:00" endTime="2014-07-02T13:09:01.7676062-04:00" testType="13cdc9d9-ddb5-4fa4-a97d-d965ccfc6d4b" outcome="Passed" testListId="8c84fa94-04c1-424b-9868-57a2d4851a1d" relativeResultsDirectory="6183e2ab-1ec9-41e4-8e3a-9fa8d01729fb">
    </UnitTestResult>
    <UnitTestResult executionId="b927a67b-8eeb-4c0f-b433-9c6784850326" testId="498975fa-28ac-56ea-c148-0d358a0c6927" testName="ContractorTest" computerName="CLPR9K5797" duration="00:00:00.0234321" startTime="2014-07-02T13:09:01.7746069-04:00" endTime="2014-07-02T13:09:01.8006095-04:00" testType="13cdc9d9-ddb5-4fa4-a97d-d965ccfc6d4b" outcome="Passed" testListId="8c84fa94-04c1-424b-9868-57a2d4851a1d" relativeResultsDirectory="b927a67b-8eeb-4c0f-b433-9c6784850326">
    </UnitTestResult>
    <UnitTestResult executionId="3639a6df-c23e-4bad-af28-f7577c455743" testId="4ca59c4a-1586-4df3-4c18-8aad9b220064" testName="group_outline_colorTest" computerName="CLPR9K5797" duration="00:00:00.0003010" startTime="2014-07-02T13:09:01.8106105-04:00" endTime="2014-07-02T13:09:01.8126107-04:00" testType="13cdc9d9-ddb5-4fa4-a97d-d965ccfc6d4b" outcome="Passed" testListId="8c84fa94-04c1-424b-9868-57a2d4851a1d" relativeResultsDirectory="3639a6df-c23e-4bad-af28-f7577c455743">
    </UnitTestResult>
    <UnitTestResult executionId="0786086d-4886-4b48-9b81-e4fc4b9c7dc7" testId="5092a366-4896-a1d3-4b30-9505f776942e" testName="ComponentNameTest" computerName="CLPR9K5797" duration="00:00:00.0191040" startTime="2014-07-02T13:09:01.8226117-04:00" endTime="2014-07-02T13:09:01.8436138-04:00" testType="13cdc9d9-ddb5-4fa4-a97d-d965ccfc6d4b" outcome="Passed" testListId="8c84fa94-04c1-424b-9868-57a2d4851a1d" relativeResultsDirectory="0786086d-4886-4b48-9b81-e4fc4b9c7dc7">
    </UnitTestResult>
    <UnitTestResult executionId="3f797ac6-5d21-4efe-8f07-4e93ccdcce25" testId="57b9104c-3dd5-7ab0-0ce0-fa1c988b04b4" testName="OutletXTest" computerName="CLPR9K5797" duration="00:00:00.0003133" startTime="2014-07-02T13:09:01.8506145-04:00" endTime="2014-07-02T13:09:01.8526147-04:00" testType="13cdc9d9-ddb5-4fa4-a97d-d965ccfc6d4b" outcome="Passed" testListId="8c84fa94-04c1-424b-9868-57a2d4851a1d" relativeResultsDirectory="3f797ac6-5d21-4efe-8f07-4e93ccdcce25">
    </UnitTestResult>
    <UnitTestResult executionId="674b28a5-e164-4d1a-ae68-525296c07950" testId="6c794108-9512-4cfe-399f-069beac41e67" testName="LegacyIDTest" computerName="CLPR9K5797" duration="00:00:00.0002465" startTime="2014-07-02T13:09:01.8596154-04:00" endTime="2014-07-02T13:09:01.8606155-04:00" testType="13cdc9d9-ddb5-4fa4-a97d-d965ccfc6d4b" outcome="Passed" testListId="8c84fa94-04c1-424b-9868-57a2d4851a1d" relativeResultsDirectory="674b28a5-e164-4d1a-ae68-525296c07950">
    </UnitTestResult>
    <UnitTestResult executionId="d7b6d81d-0c52-4c65-a6a3-7566be818928" testId="77c02662-9d79-5d8c-2ce3-01f820b23fd3" testName="miscConstructorTest" computerName="CLPR9K5797" duration="00:00:00.0001489" startTime="2014-07-02T13:09:01.8686163-04:00" endTime="2014-07-02T13:09:01.8706165-04:00" testType="13cdc9d9-ddb5-4fa4-a97d-d965ccfc6d4b" outcome="Passed" testListId="8c84fa94-04c1-424b-9868-57a2d4851a1d" relativeResultsDirectory="d7b6d81d-0c52-4c65-a6a3-7566be818928">
    </UnitTestResult>
    <UnitTestResult executionId="0763827d-030a-44fb-8a49-7dcd21723dc9" testId="7937e4e8-872d-6b6c-9b61-34f1e84fe2dd" testName="grid_scaleTest" computerName="CLPR9K5797" duration="00:00:00.0002864" startTime="2014-07-02T13:09:01.8766171-04:00" endTime="2014-07-02T13:09:01.8786173-04:00" testType="13cdc9d9-ddb5-4fa4-a97d-d965ccfc6d4b" outcome="Passed" testListId="8c84fa94-04c1-424b-9868-57a2d4851a1d" relativeResultsDirectory="0763827d-030a-44fb-8a49-7dcd21723dc9">
    </UnitTestResult>
    <UnitTestResult executionId="0960ee09-d512-4e3d-9d1f-a27bdb92bfdd" testId="7e4cf5a5-5b1c-0932-8559-35accf7c452d" testName="VesselInformationConstructorTest" computerName="CLPR9K5797" duration="00:00:00.0195975" startTime="2014-07-02T13:09:01.8856180-04:00" endTime="2014-07-02T13:09:01.9076202-04:00" testType="13cdc9d9-ddb5-4fa4-a97d-d965ccfc6d4b" outcome="Passed" testListId="8c84fa94-04c1-424b-9868-57a2d4851a1d" relativeResultsDirectory="0960ee09-d512-4e3d-9d1f-a27bdb92bfdd">
    </UnitTestResult>
    <UnitTestResult executionId="62ec377c-78c2-4a18-bf8d-da96178baa53" testId="85be2481-f02f-6177-a926-23d7d1e77482" testName="OutletCalNumberingTest" computerName="CLPR9K5797" duration="00:00:00.0159980" startTime="2014-07-02T13:09:01.9146209-04:00" endTime="2014-07-02T13:09:01.9326227-04:00" testType="13cdc9d9-ddb5-4fa4-a97d-d965ccfc6d4b" outcome="Passed" testListId="8c84fa94-04c1-424b-9868-57a2d4851a1d" relativeResultsDirectory="62ec377c-78c2-4a18-bf8d-da96178baa53">
    </UnitTestResult>
    <UnitTestResult executionId="d9af1aa1-465c-4fa4-b6ad-e167a1d609fc" testId="86b705c7-9972-2979-5c9c-3e03d4230724" testName="UnitTest" computerName="CLPR9K5797" duration="00:00:00.0154973" startTime="2014-07-02T13:09:01.9396234-04:00" endTime="2014-07-02T13:09:01.9566251-04:00" testType="13cdc9d9-ddb5-4fa4-a97d-d965ccfc6d4b" outcome="Passed" testListId="8c84fa94-04c1-424b-9868-57a2d4851a1d" relativeResultsDirectory="d9af1aa1-465c-4fa4-b6ad-e167a1d609fc">
    </UnitTestResult>
    <UnitTestResult executionId="8fb9f4e1-ecde-41c1-9a51-a484ef560c29" testId="8792450d-bd76-961c-f757-852e8d4d4052" testName="OutletYTest" computerName="CLPR9K5797" duration="00:00:00.0003050" startTime="2014-07-02T13:09:01.9636258-04:00" endTime="2014-07-02T13:09:01.9656260-04:00" testType="13cdc9d9-ddb5-4fa4-a97d-d965ccfc6d4b" outcome="Passed" testListId="8c84fa94-04c1-424b-9868-57a2d4851a1d" relativeResultsDirectory="8fb9f4e1-ecde-41c1-9a51-a484ef560c29">
    </UnitTestResult>
    <UnitTestResult executionId="098153e0-843e-4fc6-959a-e89d3d62d777" testId="88625e9d-086d-6f95-871a-ba00a3118136" testName="XLabelTest" computerName="CLPR9K5797" duration="00:00:00.0002568" startTime="2014-07-02T13:09:01.9726267-04:00" endTime="2014-07-02T13:09:01.9746269-04:00" testType="13cdc9d9-ddb5-4fa4-a97d-d965ccfc6d4b" outcome="Passed" testListId="8c84fa94-04c1-424b-9868-57a2d4851a1d" relativeResultsDirectory="098153e0-843e-4fc6-959a-e89d3d62d777">
    </UnitTestResult>
    <UnitTestResult executionId="cd2faeda-2976-4c3b-bf1e-aad97bbd0ae6" testId="8f58cb54-4ad6-c1b3-da03-dbae73442545" testName="YDesignationTest" computerName="CLPR9K5797" duration="00:00:00.0154946" startTime="2014-07-02T13:09:01.9816276-04:00" endTime="2014-07-02T13:09:01.9986293-04:00" testType="13cdc9d9-ddb5-4fa4-a97d-d965ccfc6d4b" outcome="Passed" testListId="8c84fa94-04c1-424b-9868-57a2d4851a1d" relativeResultsDirectory="cd2faeda-2976-4c3b-bf1e-aad97bbd0ae6">
    </UnitTestResult>
    <UnitTestResult executionId="76b3e5f8-554c-4cf6-979f-15ba4cb29315" testId="983e7fff-d653-565a-d54b-a93994949ed4" testName="foreground_colorTest" computerName="CLPR9K5797" duration="00:00:00.0002943" startTime="2014-07-02T13:09:02.0056300-04:00" endTime="2014-07-02T13:09:02.0086303-04:00" testType="13cdc9d9-ddb5-4fa4-a97d-d965ccfc6d4b" outcome="Passed" testListId="8c84fa94-04c1-424b-9868-57a2d4851a1d" relativeResultsDirectory="76b3e5f8-554c-4cf6-979f-15ba4cb29315">
    </UnitTestResult>
    <UnitTestResult executionId="d512392d-6d4f-46cb-95b1-265488cb987d" testId="995bd025-5efd-2416-d859-789130a1bdb4" testName="InletCalNumberingTest" computerName="CLPR9K5797" duration="00:00:00.0151449" startTime="2014-07-02T13:09:02.0146309-04:00" endTime="2014-07-02T13:09:02.0316326-04:00" testType="13cdc9d9-ddb5-4fa4-a97d-d965ccfc6d4b" outcome="Passed" testListId="8c84fa94-04c1-424b-9868-57a2d4851a1d" relativeResultsDirectory="d512392d-6d4f-46cb-95b1-265488cb987d">
    </UnitTestResult>
    <UnitTestResult executionId="e401a86d-0427-4d91-892a-7ad4825621b1" testId="a1a16247-5410-d687-ca1d-14a49f040f67" testName="IntletDisplaySymbolIDTest" computerName="CLPR9K5797" duration="00:00:00.0002536" startTime="2014-07-02T13:09:02.0386333-04:00" endTime="2014-07-02T13:09:02.0406335-04:00" testType="13cdc9d9-ddb5-4fa4-a97d-d965ccfc6d4b" outcome="Passed" testListId="8c84fa94-04c1-424b-9868-57a2d4851a1d" relativeResultsDirectory="e401a86d-0427-4d91-892a-7ad4825621b1">
    </UnitTestResult>
    <UnitTestResult executionId="4a2f57d4-d825-4d3d-a22a-04c8f9fea381" testId="a5c962c3-516d-a59e-ac49-d473361634e5" testName="TubeConstructorTest" computerName="CLPR9K5797" duration="00:00:00.0001738" startTime="2014-07-02T13:09:02.0476342-04:00" endTime="2014-07-02T13:09:02.0506345-04:00" testType="13cdc9d9-ddb5-4fa4-a97d-d965ccfc6d4b" outcome="Passed" testListId="8c84fa94-04c1-424b-9868-57a2d4851a1d" relativeResultsDirectory="4a2f57d4-d825-4d3d-a22a-04c8f9fea381">
    </UnitTestResult>
    <UnitTestResult executionId="ce12ca76-b021-4d35-af92-aee9ab5562fd" testId="ad85d900-8b15-e0db-270b-0fe6dc68b1e5" testName="InletXTest" computerName="CLPR9K5797" duration="00:00:00.0003484" startTime="2014-07-02T13:09:02.0596354-04:00" endTime="2014-07-02T13:09:02.0626357-04:00" testType="13cdc9d9-ddb5-4fa4-a97d-d965ccfc6d4b" outcome="Passed" testListId="8c84fa94-04c1-424b-9868-57a2d4851a1d" relativeResultsDirectory="ce12ca76-b021-4d35-af92-aee9ab5562fd">
    </UnitTestResult>
    <UnitTestResult executionId="9ef3191f-83d3-41ec-8754-af6e6411e911" testId="b169d9f8-48e9-c1ab-f1d0-4527e9150cd3" testName="InletChannelHeadTest" computerName="CLPR9K5797" duration="00:00:00.0173536" startTime="2014-07-02T13:09:02.0706365-04:00" endTime="2014-07-02T13:09:02.0896384-04:00" testType="13cdc9d9-ddb5-4fa4-a97d-d965ccfc6d4b" outcome="Passed" testListId="8c84fa94-04c1-424b-9868-57a2d4851a1d" relativeResultsDirectory="9ef3191f-83d3-41ec-8754-af6e6411e911">
    </UnitTestResult>
    <UnitTestResult executionId="7754601c-4b2e-4246-9646-f888ace3602a" testId="b2057306-c5e9-1add-e7f7-af5dd9b426ff" testName="ModelDesignationTest" computerName="CLPR9K5797" duration="00:00:00.0167811" startTime="2014-07-02T13:09:02.0976392-04:00" endTime="2014-07-02T13:09:02.1166411-04:00" testType="13cdc9d9-ddb5-4fa4-a97d-d965ccfc6d4b" outcome="Passed" testListId="8c84fa94-04c1-424b-9868-57a2d4851a1d" relativeResultsDirectory="7754601c-4b2e-4246-9646-f888ace3602a">
    </UnitTestResult>
    <UnitTestResult executionId="f37c6918-3907-4a29-9f75-3628599afbcb" testId="b2c71200-05d2-c464-d78a-06f6f0f9cb57" testName="YxXyNotationTest" computerName="CLPR9K5797" duration="00:00:00.0160691" startTime="2014-07-02T13:09:02.1236418-04:00" endTime="2014-07-02T13:09:02.1416436-04:00" testType="13cdc9d9-ddb5-4fa4-a97d-d965ccfc6d4b" outcome="Passed" testListId="8c84fa94-04c1-424b-9868-57a2d4851a1d" relativeResultsDirectory="f37c6918-3907-4a29-9f75-3628599afbcb">
    </UnitTestResult>
    <UnitTestResult executionId="ff61d30f-2c40-40e4-b295-9851da77708b" testId="b6b9b077-2616-106e-0759-3bac9fb0a311" testName="SectionLabelTest" computerName="CLPR9K5797" duration="00:00:00.0002789" startTime="2014-07-02T13:09:02.1486443-04:00" endTime="2014-07-02T13:09:02.1506445-04:00" testType="13cdc9d9-ddb5-4fa4-a97d-d965ccfc6d4b" outcome="Passed" testListId="8c84fa94-04c1-424b-9868-57a2d4851a1d" relativeResultsDirectory="ff61d30f-2c40-40e4-b295-9851da77708b">
    </UnitTestResult>
    <UnitTestResult executionId="28ddbf90-7de3-4ee9-9c01-9b24189adda0" testId="c3da0222-7ce6-132e-b376-ad5fdce6bbe7" testName="InletYTest" computerName="CLPR9K5797" duration="00:00:00.0003097" startTime="2014-07-02T13:09:02.1616456-04:00" endTime="2014-07-02T13:09:02.1646459-04:00" testType="13cdc9d9-ddb5-4fa4-a97d-d965ccfc6d4b" outcome="Passed" testListId="8c84fa94-04c1-424b-9868-57a2d4851a1d" relativeResultsDirectory="28ddbf90-7de3-4ee9-9c01-9b24189adda0">
    </UnitTestResult>
    <UnitTestResult executionId="0accca60-2288-4863-9310-b0b7fb208457" testId="ce4ae171-8b1c-e94a-6046-f6f7f8e80412" testName="grid_colorTest" computerName="CLPR9K5797" duration="00:00:00.0003216" startTime="2014-07-02T13:09:02.1726467-04:00" endTime="2014-07-02T13:09:02.1746469-04:00" testType="13cdc9d9-ddb5-4fa4-a97d-d965ccfc6d4b" outcome="Passed" testListId="8c84fa94-04c1-424b-9868-57a2d4851a1d" relativeResultsDirectory="0accca60-2288-4863-9310-b0b7fb208457">
    </UnitTestResult>
    <UnitTestResult executionId="0f68d847-43fb-41f4-b7dd-929d151f2a00" testId="ce9085de-45bf-256a-44f0-6cd789b25d2f" testName="MinimumTubeRadiusTest" computerName="CLPR9K5797" duration="00:00:00.0189037" startTime="2014-07-02T13:09:02.1816476-04:00" endTime="2014-07-02T13:09:02.2026497-04:00" testType="13cdc9d9-ddb5-4fa4-a97d-d965ccfc6d4b" outcome="Passed" testListId="8c84fa94-04c1-424b-9868-57a2d4851a1d" relativeResultsDirectory="0f68d847-43fb-41f4-b7dd-929d151f2a00">
    </UnitTestResult>
    <UnitTestResult executionId="2664c2d2-f11d-4295-9efa-6d8fc4a513eb" testId="da63952a-891e-c736-3ada-6df53f00898a" testName="SectionDesignationTest" computerName="CLPR9K5797" duration="00:00:00.0276228" startTime="2014-07-02T13:09:02.2126507-04:00" endTime="2014-07-02T13:09:02.2436538-04:00" testType="13cdc9d9-ddb5-4fa4-a97d-d965ccfc6d4b" outcome="Passed" testListId="8c84fa94-04c1-424b-9868-57a2d4851a1d" relativeResultsDirectory="2664c2d2-f11d-4295-9efa-6d8fc4a513eb">
    </UnitTestResult>
    <UnitTestResult executionId="121da968-1fbf-4eaf-ac2f-2c2cb8f58215" testId="de393f97-7194-a95f-30b4-c65d3ce26f75" testName="OutletVesselIDTest" computerName="CLPR9K5797" duration="00:00:00.0260941" startTime="2014-07-02T13:09:02.2516546-04:00" endTime="2014-07-02T13:09:02.2806575-04:00" testType="13cdc9d9-ddb5-4fa4-a97d-d965ccfc6d4b" outcome="Passed" testListId="8c84fa94-04c1-424b-9868-57a2d4851a1d" relativeResultsDirectory="121da968-1fbf-4eaf-ac2f-2c2cb8f58215">
    </UnitTestResult>
    <UnitTestResult executionId="743c83e2-8960-4e57-bd14-6efdc36b90a6" testId="e01e71af-91f5-cd9d-b9a2-e433f623a001" testName="UtilityNameTest" computerName="CLPR9K5797" duration="00:00:00.0178404" startTime="2014-07-02T13:09:02.2876582-04:00" endTime="2014-07-02T13:09:02.3086603-04:00" testType="13cdc9d9-ddb5-4fa4-a97d-d965ccfc6d4b" outcome="Passed" testListId="8c84fa94-04c1-424b-9868-57a2d4851a1d" relativeResultsDirectory="743c83e2-8960-4e57-bd14-6efdc36b90a6">
    </UnitTestResult>
    <UnitTestResult executionId="7026ac6d-4142-42fa-acc9-65990d36b5b5" testId="e20639a1-e3ac-5227-0fa6-529036098c15" testName="background_colorTest" computerName="CLPR9K5797" duration="00:00:00.0004117" startTime="2014-07-02T13:09:02.3186613-04:00" endTime="2014-07-02T13:09:02.3226617-04:00" testType="13cdc9d9-ddb5-4fa4-a97d-d965ccfc6d4b" outcome="Passed" testListId="8c84fa94-04c1-424b-9868-57a2d4851a1d" relativeResultsDirectory="7026ac6d-4142-42fa-acc9-65990d36b5b5">
    </UnitTestResult>
    <UnitTestResult executionId="ad320bea-231d-47b3-a642-e1d1580545bb" testId="ecc15bfd-60f9-5125-4547-4de1352adeee" testName="symbol_sizeTest" computerName="CLPR9K5797" duration="00:00:00.0003287" startTime="2014-07-02T13:09:02.3326627-04:00" endTime="2014-07-02T13:09:02.3356630-04:00" testType="13cdc9d9-ddb5-4fa4-a97d-d965ccfc6d4b" outcome="Passed" testListId="8c84fa94-04c1-424b-9868-57a2d4851a1d" relativeResultsDirectory="ad320bea-231d-47b3-a642-e1d1580545bb">
    </UnitTestResult>
    <UnitTestResult executionId="e8485b6f-6bba-49c7-a5b8-e99f62ce0134" testId="f06db92a-baa1-e523-c30b-12ff004e6373" testName="MaterialIDTest" computerName="CLPR9K5797" duration="00:00:00.0002742" startTime="2014-07-02T13:09:02.3446639-04:00" endTime="2014-07-02T13:09:02.3486643-04:00" testType="13cdc9d9-ddb5-4fa4-a97d-d965ccfc6d4b" outcome="Passed" testListId="8c84fa94-04c1-424b-9868-57a2d4851a1d" relativeResultsDirectory="e8485b6f-6bba-49c7-a5b8-e99f62ce0134">
    </UnitTestResult>
    <UnitTestResult executionId="23d17094-8bf5-49ec-a406-1c7971df3a4b" testId="f46dde03-01d9-ecfa-51fc-3b81caa02ca8" testName="YLabelTest" computerName="CLPR9K5797" duration="00:00:00.0002611" startTime="2014-07-02T13:09:02.3566651-04:00" endTime="2014-07-02T13:09:02.3596654-04:00" testType="13cdc9d9-ddb5-4fa4-a97d-d965ccfc6d4b" outcome="Passed" testListId="8c84fa94-04c1-424b-9868-57a2d4851a1d" relativeResultsDirectory="23d17094-8bf5-49ec-a406-1c7971df3a4b">
    </UnitTestResult>
    <UnitTestResult executionId="7ca15850-023f-4c7c-b86a-de65605804d6" testId="f722bce2-18b8-5d04-bf89-e49deb2d591b" testName="BowlRadiusTest" computerName="CLPR9K5797" duration="00:00:00.0165009" startTime="2014-07-02T13:09:02.3676662-04:00" endTime="2014-07-02T13:09:02.3866681-04:00" testType="13cdc9d9-ddb5-4fa4-a97d-d965ccfc6d4b" outcome="Passed" testListId="8c84fa94-04c1-424b-9868-57a2d4851a1d" relativeResultsDirectory="7ca15850-023f-4c7c-b86a-de65605804d6">
    </UnitTestResult>
    <UnitTestResult executionId="a8af5e66-0794-4337-bebc-962ec7dc0bad" testId="fd010e4f-ec11-356d-71a2-987599af96ee" testName="ToStringTest" computerName="CLPR9K5797" duration="00:00:00.0101375" startTime="2014-07-02T13:09:02.3936688-04:00" endTime="2014-07-02T13:09:02.4056700-04:00" testType="13cdc9d9-ddb5-4fa4-a97d-d965ccfc6d4b" outcome="Failed" testListId="8c84fa94-04c1-424b-9868-57a2d4851a1d" relativeResultsDirectory="a8af5e66-0794-4337-bebc-962ec7dc0bad">
      <Output>
        <ErrorInfo>
          <Message>Assert.AreEqual failed. Expected:&lt;XX Row:1 Col:1&gt;. Actual:&lt;Sec:XX Row:1 Col:1&gt;. </Message>
          <StackTrace>   at ZetecXMLModelsUnitTests.TubeTest.ToStringTest() in C:\Users\SHSimpson\Documents\Visual Studio 2010\Projects\ZetecXMLModels\ZetecXMLModelsUnitTests\TubeTest.cs:line 91
</StackTrace>
        </ErrorInfo>
      </Output>
    </UnitTestResult>
    <UnitTestResult executionId="8d5bb1c3-8aed-4b5c-9015-6d26fba3af54" testId="fdeca077-1731-5789-f6c7-97ee935d2199" testName="text_colorTest" computerName="CLPR9K5797" duration="00:00:00.0003145" startTime="2014-07-02T13:09:02.4126707-04:00" endTime="2014-07-02T13:09:02.4146709-04:00" testType="13cdc9d9-ddb5-4fa4-a97d-d965ccfc6d4b" outcome="Passed" testListId="8c84fa94-04c1-424b-9868-57a2d4851a1d" relativeResultsDirectory="8d5bb1c3-8aed-4b5c-9015-6d26fba3af54">
    </UnitTestResult>
  </Results>
</TestRun>