<?xml version="1.0" encoding="UTF-8"?>
<TestRun id="78cf4920-d9ec-47ef-906c-1fb545ae22e6" name="shsimpson@CLPR9K5797 2014-06-25 16:09:36" runUser="BWES\shsimpson" xmlns="http://microsoft.com/schemas/VisualStudio/TeamTest/2010">
  <TestSettings name="Local" id="c8ac5721-ddb3-4dfb-8f66-2f5de01df2a9">
    <Description>These are default test settings for a local test run.</Description>
    <Deployment runDeploymentRoot="shsimpson_CLPR9K5797 2014-06-25 16_09_36">
      <DeploymentItem filename="ZetecXMLModelsUnitTests\BGA-33110-SG.xml" />
      <DeploymentItem filename="C:\Users\SHSimpson\Documents\Visual Studio 2010\Projects\ZetecXMLModels\ZetecXMLModels\bin\Debug\ZetecXMLModels.dll" />
    </Deployment>
    <Execution>
      <TestTypeSpecific>
        <UnitTestRunConfig testTypeId="13cdc9d9-ddb5-4fa4-a97d-d965ccfc6d4b">
          <AssemblyResolution>
            <TestDirectory useLoadContext="true" />
          </AssemblyResolution>
        </UnitTestRunConfig>
      </TestTypeSpecific>
      <AgentRule name="Execution Agents">
      </AgentRule>
    </Execution>
  </TestSettings>
  <Times creation="2014-06-25T16:09:36.8862532-04:00" queuing="2014-06-25T16:09:38.0192532-04:00" start="2014-06-25T16:09:38.1272532-04:00" finish="2014-06-25T16:10:06.7772532-04:00" />
  <ResultSummary outcome="Error">
    <Counters total="52" executed="2" passed="1" error="0" failed="0" timeout="0" aborted="1" inconclusive="0" passedButRunAborted="0" notRunnable="0" notExecuted="50" disconnected="0" warning="0" completed="0" inProgress="0" pending="0" />
    <Output>
      <DebugTrace>4210
</DebugTrace>
    </Output>
    <RunInfos>
      <RunInfo computerName="CLPR9K5797" outcome="Error" timestamp="2014-06-25T16:10:06.7702532-04:00">
        <Text>Test host process exited unexpectedly.</Text>
      </RunInfo>
    </RunInfos>
  </ResultSummary>
  <TestDefinitions>
    <UnitTest name="YDesignationTest" storage="c:\users\shsimpson\documents\visual studio 2010\projects\zetecxmlmodels\zetecxmlmodelsunittests\bin\debug\zetecxmlmodelsunittests.dll" id="8f58cb54-4ad6-c1b3-da03-dbae73442545">
      <Execution id="b945ce75-6daa-4671-9ef1-1996f87ce651" />
      <TestMethod codeBase="C:/Users/SHSimpson/Documents/Visual Studio 2010/Projects/ZetecXMLModels/ZetecXMLModelsUnitTests/bin/Debug/ZetecXMLModelsUnitTests.DLL" adapterTypeName="Microsoft.VisualStudio.TestTools.TestTypes.Unit.UnitTestAdapter, Microsoft.VisualStudio.QualityTools.Tips.UnitTest.Adapter, Version=10.0.0.0, Culture=neutral, PublicKeyToken=b03f5f7f11d50a3a" className="ZetecXMLModelsUnitTests.VesselInformationTest, ZetecXMLModelsUnitTests, Version=1.0.0.0, Culture=neutral, PublicKeyToken=null" name="YDesignationTest" />
    </UnitTest>
    <UnitTest name="group_outline_colorTest" storage="c:\users\shsimpson\documents\visual studio 2010\projects\zetecxmlmodels\zetecxmlmodelsunittests\bin\debug\zetecxmlmodelsunittests.dll" id="4ca59c4a-1586-4df3-4c18-8aad9b220064">
      <Execution id="37ec9145-0b2c-43c9-b27a-02dceec13c72" />
      <TestMethod codeBase="C:/Users/SHSimpson/Documents/Visual Studio 2010/Projects/ZetecXMLModels/ZetecXMLModelsUnitTests/bin/Debug/ZetecXMLModelsUnitTests.DLL" adapterTypeName="Microsoft.VisualStudio.TestTools.TestTypes.Unit.UnitTestAdapter, Microsoft.VisualStudio.QualityTools.Tips.UnitTest.Adapter, Version=10.0.0.0, Culture=neutral, PublicKeyToken=b03f5f7f11d50a3a" className="ZetecXMLModelsUnitTests.miscTest, ZetecXMLModelsUnitTests, Version=1.0.0.0, Culture=neutral, PublicKeyToken=null" name="group_outline_colorTest" />
    </UnitTest>
    <UnitTest name="YLabelTest" storage="c:\users\shsimpson\documents\visual studio 2010\projects\zetecxmlmodels\zetecxmlmodelsunittests\bin\debug\zetecxmlmodelsunittests.dll" id="f46dde03-01d9-ecfa-51fc-3b81caa02ca8">
      <Execution id="2819a101-2291-4014-a7da-dcef2d4ed6f5" />
      <TestMethod codeBase="C:/Users/SHSimpson/Documents/Visual Studio 2010/Projects/ZetecXMLModels/ZetecXMLModelsUnitTests/bin/Debug/ZetecXMLModelsUnitTests.DLL" adapterTypeName="Microsoft.VisualStudio.TestTools.TestTypes.Unit.UnitTestAdapter, Microsoft.VisualStudio.QualityTools.Tips.UnitTest.Adapter, Version=10.0.0.0, Culture=neutral, PublicKeyToken=b03f5f7f11d50a3a" className="ZetecXMLModelsUnitTests.TubeTest, ZetecXMLModelsUnitTests, Version=1.0.0.0, Culture=neutral, PublicKeyToken=null" name="YLabelTest" />
    </UnitTest>
    <UnitTest name="GridXTest" storage="c:\users\shsimpson\documents\visual studio 2010\projects\zetecxmlmodels\zetecxmlmodelsunittests\bin\debug\zetecxmlmodelsunittests.dll" id="02a94f3f-28bb-d371-d770-2b28d3740a73">
      <Execution id="2599e119-4ed9-4fa2-b302-6f59685a2b06" />
      <TestMethod codeBase="C:/Users/SHSimpson/Documents/Visual Studio 2010/Projects/ZetecXMLModels/ZetecXMLModelsUnitTests/bin/Debug/ZetecXMLModelsUnitTests.DLL" adapterTypeName="Microsoft.VisualStudio.TestTools.TestTypes.Unit.UnitTestAdapter, Microsoft.VisualStudio.QualityTools.Tips.UnitTest.Adapter, Version=10.0.0.0, Culture=neutral, PublicKeyToken=b03f5f7f11d50a3a" className="ZetecXMLModelsUnitTests.TubeTest, ZetecXMLModelsUnitTests, Version=1.0.0.0, Culture=neutral, PublicKeyToken=null" name="GridXTest" />
    </UnitTest>
    <UnitTest name="GridYTest" storage="c:\users\shsimpson\documents\visual studio 2010\projects\zetecxmlmodels\zetecxmlmodelsunittests\bin\debug\zetecxmlmodelsunittests.dll" id="0a0c6ae0-e8e4-d050-e17f-dc3dfadf4a27">
      <Execution id="f4cad6a1-0809-4be4-a5f6-18acc32b0598" />
      <TestMethod codeBase="C:/Users/SHSimpson/Documents/Visual Studio 2010/Projects/ZetecXMLModels/ZetecXMLModelsUnitTests/bin/Debug/ZetecXMLModelsUnitTests.DLL" adapterTypeName="Microsoft.VisualStudio.TestTools.TestTypes.Unit.UnitTestAdapter, Microsoft.VisualStudio.QualityTools.Tips.UnitTest.Adapter, Version=10.0.0.0, Culture=neutral, PublicKeyToken=b03f5f7f11d50a3a" className="ZetecXMLModelsUnitTests.TubeTest, ZetecXMLModelsUnitTests, Version=1.0.0.0, Culture=neutral, PublicKeyToken=null" name="GridYTest" />
    </UnitTest>
    <UnitTest name="BowlRadiusTest" storage="c:\users\shsimpson\documents\visual studio 2010\projects\zetecxmlmodels\zetecxmlmodelsunittests\bin\debug\zetecxmlmodelsunittests.dll" id="f722bce2-18b8-5d04-bf89-e49deb2d591b">
      <Execution id="c2d257bc-7141-483f-b9e5-75b7e4e50066" />
      <TestMethod codeBase="C:/Users/SHSimpson/Documents/Visual Studio 2010/Projects/ZetecXMLModels/ZetecXMLModelsUnitTests/bin/Debug/ZetecXMLModelsUnitTests.DLL" adapterTypeName="Microsoft.VisualStudio.TestTools.TestTypes.Unit.UnitTestAdapter, Microsoft.VisualStudio.QualityTools.Tips.UnitTest.Adapter, Version=10.0.0.0, Culture=neutral, PublicKeyToken=b03f5f7f11d50a3a" className="ZetecXMLModelsUnitTests.VesselInformationTest, ZetecXMLModelsUnitTests, Version=1.0.0.0, Culture=neutral, PublicKeyToken=null" name="BowlRadiusTest" />
    </UnitTest>
    <UnitTest name="PlantNameTest" storage="c:\users\shsimpson\documents\visual studio 2010\projects\zetecxmlmodels\zetecxmlmodelsunittests\bin\debug\zetecxmlmodelsunittests.dll" id="10b01f1c-7c65-5527-c45d-c3020c2cdb4d">
      <Execution id="123471b5-baaa-4d72-8937-1a20fa0e712e" />
      <TestMethod codeBase="C:/Users/SHSimpson/Documents/Visual Studio 2010/Projects/ZetecXMLModels/ZetecXMLModelsUnitTests/bin/Debug/ZetecXMLModelsUnitTests.DLL" adapterTypeName="Microsoft.VisualStudio.TestTools.TestTypes.Unit.UnitTestAdapter, Microsoft.VisualStudio.QualityTools.Tips.UnitTest.Adapter, Version=10.0.0.0, Culture=neutral, PublicKeyToken=b03f5f7f11d50a3a" className="ZetecXMLModelsUnitTests.VesselInformationTest, ZetecXMLModelsUnitTests, Version=1.0.0.0, Culture=neutral, PublicKeyToken=null" name="PlantNameTest" />
    </UnitTest>
    <UnitTest name="IDTest" storage="c:\users\shsimpson\documents\visual studio 2010\projects\zetecxmlmodels\zetecxmlmodelsunittests\bin\debug\zetecxmlmodelsunittests.dll" id="36391e30-c188-1acc-8ecc-1e01672d00a5">
      <Execution id="79734cd9-c05b-4d61-93fd-aada0d602518" />
      <TestMethod codeBase="C:/Users/SHSimpson/Documents/Visual Studio 2010/Projects/ZetecXMLModels/ZetecXMLModelsUnitTests/bin/Debug/ZetecXMLModelsUnitTests.DLL" adapterTypeName="Microsoft.VisualStudio.TestTools.TestTypes.Unit.UnitTestAdapter, Microsoft.VisualStudio.QualityTools.Tips.UnitTest.Adapter, Version=10.0.0.0, Culture=neutral, PublicKeyToken=b03f5f7f11d50a3a" className="ZetecXMLModelsUnitTests.TubeTest, ZetecXMLModelsUnitTests, Version=1.0.0.0, Culture=neutral, PublicKeyToken=null" name="IDTest" />
    </UnitTest>
    <UnitTest name="miscConstructorTest" storage="c:\users\shsimpson\documents\visual studio 2010\projects\zetecxmlmodels\zetecxmlmodelsunittests\bin\debug\zetecxmlmodelsunittests.dll" id="77c02662-9d79-5d8c-2ce3-01f820b23fd3">
      <Execution id="0ad89774-1352-4470-8f34-5439ec640077" />
      <TestMethod codeBase="C:/Users/SHSimpson/Documents/Visual Studio 2010/Projects/ZetecXMLModels/ZetecXMLModelsUnitTests/bin/Debug/ZetecXMLModelsUnitTests.DLL" adapterTypeName="Microsoft.VisualStudio.TestTools.TestTypes.Unit.UnitTestAdapter, Microsoft.VisualStudio.QualityTools.Tips.UnitTest.Adapter, Version=10.0.0.0, Culture=neutral, PublicKeyToken=b03f5f7f11d50a3a" className="ZetecXMLModelsUnitTests.miscTest, ZetecXMLModelsUnitTests, Version=1.0.0.0, Culture=neutral, PublicKeyToken=null" name="miscConstructorTest" />
    </UnitTest>
    <UnitTest name="OutletCalNumberingTest" storage="c:\users\shsimpson\documents\visual studio 2010\projects\zetecxmlmodels\zetecxmlmodelsunittests\bin\debug\zetecxmlmodelsunittests.dll" id="85be2481-f02f-6177-a926-23d7d1e77482">
      <Execution id="5cb58b1b-2556-4531-b3a2-a21e832fe1fc" />
      <TestMethod codeBase="C:/Users/SHSimpson/Documents/Visual Studio 2010/Projects/ZetecXMLModels/ZetecXMLModelsUnitTests/bin/Debug/ZetecXMLModelsUnitTests.DLL" adapterTypeName="Microsoft.VisualStudio.TestTools.TestTypes.Unit.UnitTestAdapter, Microsoft.VisualStudio.QualityTools.Tips.UnitTest.Adapter, Version=10.0.0.0, Culture=neutral, PublicKeyToken=b03f5f7f11d50a3a" className="ZetecXMLModelsUnitTests.VesselInformationTest, ZetecXMLModelsUnitTests, Version=1.0.0.0, Culture=neutral, PublicKeyToken=null" name="OutletCalNumberingTest" />
    </UnitTest>
    <UnitTest name="InletVesselIDTest" storage="c:\users\shsimpson\documents\visual studio 2010\projects\zetecxmlmodels\zetecxmlmodelsunittests\bin\debug\zetecxmlmodelsunittests.dll" id="26a6f9cf-ce57-ec6e-485b-7271debaf27e">
      <Execution id="fa6dcb66-e03f-4672-b03b-d6b77d757871" />
      <TestMethod codeBase="C:/Users/SHSimpson/Documents/Visual Studio 2010/Projects/ZetecXMLModels/ZetecXMLModelsUnitTests/bin/Debug/ZetecXMLModelsUnitTests.DLL" adapterTypeName="Microsoft.VisualStudio.TestTools.TestTypes.Unit.UnitTestAdapter, Microsoft.VisualStudio.QualityTools.Tips.UnitTest.Adapter, Version=10.0.0.0, Culture=neutral, PublicKeyToken=b03f5f7f11d50a3a" className="ZetecXMLModelsUnitTests.VesselInformationTest, ZetecXMLModelsUnitTests, Version=1.0.0.0, Culture=neutral, PublicKeyToken=null" name="InletVesselIDTest" />
    </UnitTest>
    <UnitTest name="background_colorTest" storage="c:\users\shsimpson\documents\visual studio 2010\projects\zetecxmlmodels\zetecxmlmodelsunittests\bin\debug\zetecxmlmodelsunittests.dll" id="e20639a1-e3ac-5227-0fa6-529036098c15">
      <Execution id="eadaeeca-881f-4c58-9bdf-234e4bf0273c" />
      <TestMethod codeBase="C:/Users/SHSimpson/Documents/Visual Studio 2010/Projects/ZetecXMLModels/ZetecXMLModelsUnitTests/bin/Debug/ZetecXMLModelsUnitTests.DLL" adapterTypeName="Microsoft.VisualStudio.TestTools.TestTypes.Unit.UnitTestAdapter, Microsoft.VisualStudio.QualityTools.Tips.UnitTest.Adapter, Version=10.0.0.0, Culture=neutral, PublicKeyToken=b03f5f7f11d50a3a" className="ZetecXMLModelsUnitTests.miscTest, ZetecXMLModelsUnitTests, Version=1.0.0.0, Culture=neutral, PublicKeyToken=null" name="background_colorTest" />
    </UnitTest>
    <UnitTest name="XDesignationTest" storage="c:\users\shsimpson\documents\visual studio 2010\projects\zetecxmlmodels\zetecxmlmodelsunittests\bin\debug\zetecxmlmodelsunittests.dll" id="13b8ffb4-6016-64ca-e887-e1f08ede3f60">
      <Execution id="ae68b938-a5b5-4f76-98c3-20a10d51347c" />
      <TestMethod codeBase="C:/Users/SHSimpson/Documents/Visual Studio 2010/Projects/ZetecXMLModels/ZetecXMLModelsUnitTests/bin/Debug/ZetecXMLModelsUnitTests.DLL" adapterTypeName="Microsoft.VisualStudio.TestTools.TestTypes.Unit.UnitTestAdapter, Microsoft.VisualStudio.QualityTools.Tips.UnitTest.Adapter, Version=10.0.0.0, Culture=neutral, PublicKeyToken=b03f5f7f11d50a3a" className="ZetecXMLModelsUnitTests.VesselInformationTest, ZetecXMLModelsUnitTests, Version=1.0.0.0, Culture=neutral, PublicKeyToken=null" name="XDesignationTest" />
    </UnitTest>
    <UnitTest name="text_colorTest" storage="c:\users\shsimpson\documents\visual studio 2010\projects\zetecxmlmodels\zetecxmlmodelsunittests\bin\debug\zetecxmlmodelsunittests.dll" id="fdeca077-1731-5789-f6c7-97ee935d2199">
      <Execution id="d4a00734-d927-4b42-8c0a-8bc7cb7a7170" />
      <TestMethod codeBase="C:/Users/SHSimpson/Documents/Visual Studio 2010/Projects/ZetecXMLModels/ZetecXMLModelsUnitTests/bin/Debug/ZetecXMLModelsUnitTests.DLL" adapterTypeName="Microsoft.VisualStudio.TestTools.TestTypes.Unit.UnitTestAdapter, Microsoft.VisualStudio.QualityTools.Tips.UnitTest.Adapter, Version=10.0.0.0, Culture=neutral, PublicKeyToken=b03f5f7f11d50a3a" className="ZetecXMLModelsUnitTests.miscTest, ZetecXMLModelsUnitTests, Version=1.0.0.0, Culture=neutral, PublicKeyToken=null" name="text_colorTest" />
    </UnitTest>
    <UnitTest name="grid_colorTest" storage="c:\users\shsimpson\documents\visual studio 2010\projects\zetecxmlmodels\zetecxmlmodelsunittests\bin\debug\zetecxmlmodelsunittests.dll" id="ce4ae171-8b1c-e94a-6046-f6f7f8e80412">
      <Execution id="6a57f460-b035-486f-8ff7-7de9e5686377" />
      <TestMethod codeBase="C:/Users/SHSimpson/Documents/Visual Studio 2010/Projects/ZetecXMLModels/ZetecXMLModelsUnitTests/bin/Debug/ZetecXMLModelsUnitTests.DLL" adapterTypeName="Microsoft.VisualStudio.TestTools.TestTypes.Unit.UnitTestAdapter, Microsoft.VisualStudio.QualityTools.Tips.UnitTest.Adapter, Version=10.0.0.0, Culture=neutral, PublicKeyToken=b03f5f7f11d50a3a" className="ZetecXMLModelsUnitTests.miscTest, ZetecXMLModelsUnitTests, Version=1.0.0.0, Culture=neutral, PublicKeyToken=null" name="grid_colorTest" />
    </UnitTest>
    <UnitTest name="SectionsActiveTest" storage="c:\users\shsimpson\documents\visual studio 2010\projects\zetecxmlmodels\zetecxmlmodelsunittests\bin\debug\zetecxmlmodelsunittests.dll" id="07c79d70-2d05-ff4d-f6cd-1f5ea09a59d1">
      <Execution id="914e3c38-4d18-411c-8d3a-135c7eb632eb" />
      <TestMethod codeBase="C:/Users/SHSimpson/Documents/Visual Studio 2010/Projects/ZetecXMLModels/ZetecXMLModelsUnitTests/bin/Debug/ZetecXMLModelsUnitTests.DLL" adapterTypeName="Microsoft.VisualStudio.TestTools.TestTypes.Unit.UnitTestAdapter, Microsoft.VisualStudio.QualityTools.Tips.UnitTest.Adapter, Version=10.0.0.0, Culture=neutral, PublicKeyToken=b03f5f7f11d50a3a" className="ZetecXMLModelsUnitTests.VesselInformationTest, ZetecXMLModelsUnitTests, Version=1.0.0.0, Culture=neutral, PublicKeyToken=null" name="SectionsActiveTest" />
    </UnitTest>
    <UnitTest name="XLabelTest" storage="c:\users\shsimpson\documents\visual studio 2010\projects\zetecxmlmodels\zetecxmlmodelsunittests\bin\debug\zetecxmlmodelsunittests.dll" id="88625e9d-086d-6f95-871a-ba00a3118136">
      <Execution id="99b83850-b869-4751-a77c-0f4a40106c06" />
      <TestMethod codeBase="C:/Users/SHSimpson/Documents/Visual Studio 2010/Projects/ZetecXMLModels/ZetecXMLModelsUnitTests/bin/Debug/ZetecXMLModelsUnitTests.DLL" adapterTypeName="Microsoft.VisualStudio.TestTools.TestTypes.Unit.UnitTestAdapter, Microsoft.VisualStudio.QualityTools.Tips.UnitTest.Adapter, Version=10.0.0.0, Culture=neutral, PublicKeyToken=b03f5f7f11d50a3a" className="ZetecXMLModelsUnitTests.TubeTest, ZetecXMLModelsUnitTests, Version=1.0.0.0, Culture=neutral, PublicKeyToken=null" name="XLabelTest" />
    </UnitTest>
    <UnitTest name="OutletDisplaySymbolIDTest" storage="c:\users\shsimpson\documents\visual studio 2010\projects\zetecxmlmodels\zetecxmlmodelsunittests\bin\debug\zetecxmlmodelsunittests.dll" id="1d65620a-b474-a27f-19c2-672761107b81">
      <Execution id="79740211-58a8-46bb-be52-2847e2f23557" />
      <TestMethod codeBase="C:/Users/SHSimpson/Documents/Visual Studio 2010/Projects/ZetecXMLModels/ZetecXMLModelsUnitTests/bin/Debug/ZetecXMLModelsUnitTests.DLL" adapterTypeName="Microsoft.VisualStudio.TestTools.TestTypes.Unit.UnitTestAdapter, Microsoft.VisualStudio.QualityTools.Tips.UnitTest.Adapter, Version=10.0.0.0, Culture=neutral, PublicKeyToken=b03f5f7f11d50a3a" className="ZetecXMLModelsUnitTests.TubeTest, ZetecXMLModelsUnitTests, Version=1.0.0.0, Culture=neutral, PublicKeyToken=null" name="OutletDisplaySymbolIDTest" />
    </UnitTest>
    <UnitTest name="OutletVesselIDTest" storage="c:\users\shsimpson\documents\visual studio 2010\projects\zetecxmlmodels\zetecxmlmodelsunittests\bin\debug\zetecxmlmodelsunittests.dll" id="de393f97-7194-a95f-30b4-c65d3ce26f75">
      <Execution id="4bb0a7d4-8b30-44f4-aa7b-7cae9b4d9bf5" />
      <TestMethod codeBase="C:/Users/SHSimpson/Documents/Visual Studio 2010/Projects/ZetecXMLModels/ZetecXMLModelsUnitTests/bin/Debug/ZetecXMLModelsUnitTests.DLL" adapterTypeName="Microsoft.VisualStudio.TestTools.TestTypes.Unit.UnitTestAdapter, Microsoft.VisualStudio.QualityTools.Tips.UnitTest.Adapter, Version=10.0.0.0, Culture=neutral, PublicKeyToken=b03f5f7f11d50a3a" className="ZetecXMLModelsUnitTests.VesselInformationTest, ZetecXMLModelsUnitTests, Version=1.0.0.0, Culture=neutral, PublicKeyToken=null" name="OutletVesselIDTest" />
    </UnitTest>
    <UnitTest name="UnitTest" storage="c:\users\shsimpson\documents\visual studio 2010\projects\zetecxmlmodels\zetecxmlmodelsunittests\bin\debug\zetecxmlmodelsunittests.dll" id="86b705c7-9972-2979-5c9c-3e03d4230724">
      <Execution id="a8a491eb-2ecb-478e-ba5e-39b4374446b5" />
      <TestMethod codeBase="C:/Users/SHSimpson/Documents/Visual Studio 2010/Projects/ZetecXMLModels/ZetecXMLModelsUnitTests/bin/Debug/ZetecXMLModelsUnitTests.DLL" adapterTypeName="Microsoft.VisualStudio.TestTools.TestTypes.Unit.UnitTestAdapter, Microsoft.VisualStudio.QualityTools.Tips.UnitTest.Adapter, Version=10.0.0.0, Culture=neutral, PublicKeyToken=b03f5f7f11d50a3a" className="ZetecXMLModelsUnitTests.VesselInformationTest, ZetecXMLModelsUnitTests, Version=1.0.0.0, Culture=neutral, PublicKeyToken=null" name="UnitTest" />
    </UnitTest>
    <UnitTest name="IntletDisplaySymbolIDTest" storage="c:\users\shsimpson\documents\visual studio 2010\projects\zetecxmlmodels\zetecxmlmodelsunittests\bin\debug\zetecxmlmodelsunittests.dll" id="a1a16247-5410-d687-ca1d-14a49f040f67">
      <Execution id="fca28263-a6a7-4273-98ca-63d9a7ce8e9f" />
      <TestMethod codeBase="C:/Users/SHSimpson/Documents/Visual Studio 2010/Projects/ZetecXMLModels/ZetecXMLModelsUnitTests/bin/Debug/ZetecXMLModelsUnitTests.DLL" adapterTypeName="Microsoft.VisualStudio.TestTools.TestTypes.Unit.UnitTestAdapter, Microsoft.VisualStudio.QualityTools.Tips.UnitTest.Adapter, Version=10.0.0.0, Culture=neutral, PublicKeyToken=b03f5f7f11d50a3a" className="ZetecXMLModelsUnitTests.TubeTest, ZetecXMLModelsUnitTests, Version=1.0.0.0, Culture=neutral, PublicKeyToken=null" name="IntletDisplaySymbolIDTest" />
    </UnitTest>
    <UnitTest name="ModelNameTest" storage="c:\users\shsimpson\documents\visual studio 2010\projects\zetecxmlmodels\zetecxmlmodelsunittests\bin\debug\zetecxmlmodelsunittests.dll" id="1b30e23d-b371-e559-363a-b5d56ede01ff">
      <Execution id="f26620eb-cadb-40b2-b4a4-71973109ba04" />
      <TestMethod codeBase="C:/Users/SHSimpson/Documents/Visual Studio 2010/Projects/ZetecXMLModels/ZetecXMLModelsUnitTests/bin/Debug/ZetecXMLModelsUnitTests.DLL" adapterTypeName="Microsoft.VisualStudio.TestTools.TestTypes.Unit.UnitTestAdapter, Microsoft.VisualStudio.QualityTools.Tips.UnitTest.Adapter, Version=10.0.0.0, Culture=neutral, PublicKeyToken=b03f5f7f11d50a3a" className="ZetecXMLModelsUnitTests.VesselInformationTest, ZetecXMLModelsUnitTests, Version=1.0.0.0, Culture=neutral, PublicKeyToken=null" name="ModelNameTest" />
    </UnitTest>
    <UnitTest name="ComponentNameTest" storage="c:\users\shsimpson\documents\visual studio 2010\projects\zetecxmlmodels\zetecxmlmodelsunittests\bin\debug\zetecxmlmodelsunittests.dll" id="5092a366-4896-a1d3-4b30-9505f776942e">
      <Execution id="5d416193-ee0b-4374-9a25-8fcff353438a" />
      <TestMethod codeBase="C:/Users/SHSimpson/Documents/Visual Studio 2010/Projects/ZetecXMLModels/ZetecXMLModelsUnitTests/bin/Debug/ZetecXMLModelsUnitTests.DLL" adapterTypeName="Microsoft.VisualStudio.TestTools.TestTypes.Unit.UnitTestAdapter, Microsoft.VisualStudio.QualityTools.Tips.UnitTest.Adapter, Version=10.0.0.0, Culture=neutral, PublicKeyToken=b03f5f7f11d50a3a" className="ZetecXMLModelsUnitTests.VesselInformationTest, ZetecXMLModelsUnitTests, Version=1.0.0.0, Culture=neutral, PublicKeyToken=null" name="ComponentNameTest" />
    </UnitTest>
    <UnitTest name="InletCalNumberingTest" storage="c:\users\shsimpson\documents\visual studio 2010\projects\zetecxmlmodels\zetecxmlmodelsunittests\bin\debug\zetecxmlmodelsunittests.dll" id="995bd025-5efd-2416-d859-789130a1bdb4">
      <Execution id="09108fda-5f06-41c2-a79d-3e8e610ae64e" />
      <TestMethod codeBase="C:/Users/SHSimpson/Documents/Visual Studio 2010/Projects/ZetecXMLModels/ZetecXMLModelsUnitTests/bin/Debug/ZetecXMLModelsUnitTests.DLL" adapterTypeName="Microsoft.VisualStudio.TestTools.TestTypes.Unit.UnitTestAdapter, Microsoft.VisualStudio.QualityTools.Tips.UnitTest.Adapter, Version=10.0.0.0, Culture=neutral, PublicKeyToken=b03f5f7f11d50a3a" className="ZetecXMLModelsUnitTests.VesselInformationTest, ZetecXMLModelsUnitTests, Version=1.0.0.0, Culture=neutral, PublicKeyToken=null" name="InletCalNumberingTest" />
    </UnitTest>
    <UnitTest name="MinimumTubeRadiusTest" storage="c:\users\shsimpson\documents\visual studio 2010\projects\zetecxmlmodels\zetecxmlmodelsunittests\bin\debug\zetecxmlmodelsunittests.dll" id="ce9085de-45bf-256a-44f0-6cd789b25d2f">
      <Execution id="2345408f-2c3c-44c2-8128-10f8fd63f6ee" />
      <TestMethod codeBase="C:/Users/SHSimpson/Documents/Visual Studio 2010/Projects/ZetecXMLModels/ZetecXMLModelsUnitTests/bin/Debug/ZetecXMLModelsUnitTests.DLL" adapterTypeName="Microsoft.VisualStudio.TestTools.TestTypes.Unit.UnitTestAdapter, Microsoft.VisualStudio.QualityTools.Tips.UnitTest.Adapter, Version=10.0.0.0, Culture=neutral, PublicKeyToken=b03f5f7f11d50a3a" className="ZetecXMLModelsUnitTests.VesselInformationTest, ZetecXMLModelsUnitTests, Version=1.0.0.0, Culture=neutral, PublicKeyToken=null" name="MinimumTubeRadiusTest" />
    </UnitTest>
    <UnitTest name="OutletYTest" storage="c:\users\shsimpson\documents\visual studio 2010\projects\zetecxmlmodels\zetecxmlmodelsunittests\bin\debug\zetecxmlmodelsunittests.dll" id="8792450d-bd76-961c-f757-852e8d4d4052">
      <Execution id="9a6d5a6f-5f21-4daf-9663-2409c8a8ac02" />
      <TestMethod codeBase="C:/Users/SHSimpson/Documents/Visual Studio 2010/Projects/ZetecXMLModels/ZetecXMLModelsUnitTests/bin/Debug/ZetecXMLModelsUnitTests.DLL" adapterTypeName="Microsoft.VisualStudio.TestTools.TestTypes.Unit.UnitTestAdapter, Microsoft.VisualStudio.QualityTools.Tips.UnitTest.Adapter, Version=10.0.0.0, Culture=neutral, PublicKeyToken=b03f5f7f11d50a3a" className="ZetecXMLModelsUnitTests.TubeTest, ZetecXMLModelsUnitTests, Version=1.0.0.0, Culture=neutral, PublicKeyToken=null" name="OutletYTest" />
    </UnitTest>
    <UnitTest name="ToStringTest" storage="c:\users\shsimpson\documents\visual studio 2010\projects\zetecxmlmodels\zetecxmlmodelsunittests\bin\debug\zetecxmlmodelsunittests.dll" id="fd010e4f-ec11-356d-71a2-987599af96ee">
      <Execution id="43a3d3a2-7161-426c-988c-05f990763615" />
      <TestMethod codeBase="C:/Users/SHSimpson/Documents/Visual Studio 2010/Projects/ZetecXMLModels/ZetecXMLModelsUnitTests/bin/Debug/ZetecXMLModelsUnitTests.DLL" adapterTypeName="Microsoft.VisualStudio.TestTools.TestTypes.Unit.UnitTestAdapter, Microsoft.VisualStudio.QualityTools.Tips.UnitTest.Adapter, Version=10.0.0.0, Culture=neutral, PublicKeyToken=b03f5f7f11d50a3a" className="ZetecXMLModelsUnitTests.TubeTest, ZetecXMLModelsUnitTests, Version=1.0.0.0, Culture=neutral, PublicKeyToken=null" name="ToStringTest" />
    </UnitTest>
    <UnitTest name="VesselTypeTest" storage="c:\users\shsimpson\documents\visual studio 2010\projects\zetecxmlmodels\zetecxmlmodelsunittests\bin\debug\zetecxmlmodelsunittests.dll" id="12766973-1377-5200-80b8-b3f3d230dccd">
      <Execution id="e7ade7e6-769d-4ebe-b4d2-5f200b1bf0a8" />
      <TestMethod codeBase="C:/Users/SHSimpson/Documents/Visual Studio 2010/Projects/ZetecXMLModels/ZetecXMLModelsUnitTests/bin/Debug/ZetecXMLModelsUnitTests.DLL" adapterTypeName="Microsoft.VisualStudio.TestTools.TestTypes.Unit.UnitTestAdapter, Microsoft.VisualStudio.QualityTools.Tips.UnitTest.Adapter, Version=10.0.0.0, Culture=neutral, PublicKeyToken=b03f5f7f11d50a3a" className="ZetecXMLModelsUnitTests.VesselInformationTest, ZetecXMLModelsUnitTests, Version=1.0.0.0, Culture=neutral, PublicKeyToken=null" name="VesselTypeTest" />
    </UnitTest>
    <UnitTest name="VesselInformationConstructorTest" storage="c:\users\shsimpson\documents\visual studio 2010\projects\zetecxmlmodels\zetecxmlmodelsunittests\bin\debug\zetecxmlmodelsunittests.dll" id="7e4cf5a5-5b1c-0932-8559-35accf7c452d">
      <Execution id="02ade565-5cda-4cf2-9188-912c1ca3a5a4" />
      <TestMethod codeBase="C:/Users/SHSimpson/Documents/Visual Studio 2010/Projects/ZetecXMLModels/ZetecXMLModelsUnitTests/bin/Debug/ZetecXMLModelsUnitTests.DLL" adapterTypeName="Microsoft.VisualStudio.TestTools.TestTypes.Unit.UnitTestAdapter, Microsoft.VisualStudio.QualityTools.Tips.UnitTest.Adapter, Version=10.0.0.0, Culture=neutral, PublicKeyToken=b03f5f7f11d50a3a" className="ZetecXMLModelsUnitTests.VesselInformationTest, ZetecXMLModelsUnitTests, Version=1.0.0.0, Culture=neutral, PublicKeyToken=null" name="VesselInformationConstructorTest" />
    </UnitTest>
    <UnitTest name="ComponentDesignationTest" storage="c:\users\shsimpson\documents\visual studio 2010\projects\zetecxmlmodels\zetecxmlmodelsunittests\bin\debug\zetecxmlmodelsunittests.dll" id="18c0df62-9e71-531f-0839-9641f985ce05">
      <Execution id="a560e8af-3de9-45e7-b92d-b300e8d7867c" />
      <TestMethod codeBase="C:/Users/SHSimpson/Documents/Visual Studio 2010/Projects/ZetecXMLModels/ZetecXMLModelsUnitTests/bin/Debug/ZetecXMLModelsUnitTests.DLL" adapterTypeName="Microsoft.VisualStudio.TestTools.TestTypes.Unit.UnitTestAdapter, Microsoft.VisualStudio.QualityTools.Tips.UnitTest.Adapter, Version=10.0.0.0, Culture=neutral, PublicKeyToken=b03f5f7f11d50a3a" className="ZetecXMLModelsUnitTests.VesselInformationTest, ZetecXMLModelsUnitTests, Version=1.0.0.0, Culture=neutral, PublicKeyToken=null" name="ComponentDesignationTest" />
    </UnitTest>
    <UnitTest name="ContractorTest" storage="c:\users\shsimpson\documents\visual studio 2010\projects\zetecxmlmodels\zetecxmlmodelsunittests\bin\debug\zetecxmlmodelsunittests.dll" id="498975fa-28ac-56ea-c148-0d358a0c6927">
      <Execution id="877592f3-d2ae-43f5-8664-e623c30c0a31" />
      <TestMethod codeBase="C:/Users/SHSimpson/Documents/Visual Studio 2010/Projects/ZetecXMLModels/ZetecXMLModelsUnitTests/bin/Debug/ZetecXMLModelsUnitTests.DLL" adapterTypeName="Microsoft.VisualStudio.TestTools.TestTypes.Unit.UnitTestAdapter, Microsoft.VisualStudio.QualityTools.Tips.UnitTest.Adapter, Version=10.0.0.0, Culture=neutral, PublicKeyToken=b03f5f7f11d50a3a" className="ZetecXMLModelsUnitTests.VesselInformationTest, ZetecXMLModelsUnitTests, Version=1.0.0.0, Culture=neutral, PublicKeyToken=null" name="ContractorTest" />
    </UnitTest>
    <UnitTest name="TubeSheetNumberingTypeTest" storage="c:\users\shsimpson\documents\visual studio 2010\projects\zetecxmlmodels\zetecxmlmodelsunittests\bin\debug\zetecxmlmodelsunittests.dll" id="342ab28b-1731-c3f9-fc28-a2a8f9e95cf9">
      <Execution id="8d82cea7-2d7f-4204-acf9-b028bbeb971c" />
      <TestMethod codeBase="C:/Users/SHSimpson/Documents/Visual Studio 2010/Projects/ZetecXMLModels/ZetecXMLModelsUnitTests/bin/Debug/ZetecXMLModelsUnitTests.DLL" adapterTypeName="Microsoft.VisualStudio.TestTools.TestTypes.Unit.UnitTestAdapter, Microsoft.VisualStudio.QualityTools.Tips.UnitTest.Adapter, Version=10.0.0.0, Culture=neutral, PublicKeyToken=b03f5f7f11d50a3a" className="ZetecXMLModelsUnitTests.VesselInformationTest, ZetecXMLModelsUnitTests, Version=1.0.0.0, Culture=neutral, PublicKeyToken=null" name="TubeSheetNumberingTypeTest" />
    </UnitTest>
    <UnitTest name="PlantDesignationTest" storage="c:\users\shsimpson\documents\visual studio 2010\projects\zetecxmlmodels\zetecxmlmodelsunittests\bin\debug\zetecxmlmodelsunittests.dll" id="4947f739-deb8-db54-29ad-f143de8956b0">
      <Execution id="6faca9e7-e9cb-4a1b-88ac-63928769b2c4" />
      <TestMethod codeBase="C:/Users/SHSimpson/Documents/Visual Studio 2010/Projects/ZetecXMLModels/ZetecXMLModelsUnitTests/bin/Debug/ZetecXMLModelsUnitTests.DLL" adapterTypeName="Microsoft.VisualStudio.TestTools.TestTypes.Unit.UnitTestAdapter, Microsoft.VisualStudio.QualityTools.Tips.UnitTest.Adapter, Version=10.0.0.0, Culture=neutral, PublicKeyToken=b03f5f7f11d50a3a" className="ZetecXMLModelsUnitTests.VesselInformationTest, ZetecXMLModelsUnitTests, Version=1.0.0.0, Culture=neutral, PublicKeyToken=null" name="PlantDesignationTest" />
    </UnitTest>
    <UnitTest name="MaterialIDTest" storage="c:\users\shsimpson\documents\visual studio 2010\projects\zetecxmlmodels\zetecxmlmodelsunittests\bin\debug\zetecxmlmodelsunittests.dll" id="f06db92a-baa1-e523-c30b-12ff004e6373">
      <Execution id="0f68b323-c512-4819-b519-94191ebd2b88" />
      <TestMethod codeBase="C:/Users/SHSimpson/Documents/Visual Studio 2010/Projects/ZetecXMLModels/ZetecXMLModelsUnitTests/bin/Debug/ZetecXMLModelsUnitTests.DLL" adapterTypeName="Microsoft.VisualStudio.TestTools.TestTypes.Unit.UnitTestAdapter, Microsoft.VisualStudio.QualityTools.Tips.UnitTest.Adapter, Version=10.0.0.0, Culture=neutral, PublicKeyToken=b03f5f7f11d50a3a" className="ZetecXMLModelsUnitTests.TubeTest, ZetecXMLModelsUnitTests, Version=1.0.0.0, Culture=neutral, PublicKeyToken=null" name="MaterialIDTest" />
    </UnitTest>
    <UnitTest name="SectionDesignationTest" storage="c:\users\shsimpson\documents\visual studio 2010\projects\zetecxmlmodels\zetecxmlmodelsunittests\bin\debug\zetecxmlmodelsunittests.dll" id="da63952a-891e-c736-3ada-6df53f00898a">
      <Execution id="35b1d2e5-e299-4efd-8c03-1f6378bc4a8a" />
      <TestMethod codeBase="C:/Users/SHSimpson/Documents/Visual Studio 2010/Projects/ZetecXMLModels/ZetecXMLModelsUnitTests/bin/Debug/ZetecXMLModelsUnitTests.DLL" adapterTypeName="Microsoft.VisualStudio.TestTools.TestTypes.Unit.UnitTestAdapter, Microsoft.VisualStudio.QualityTools.Tips.UnitTest.Adapter, Version=10.0.0.0, Culture=neutral, PublicKeyToken=b03f5f7f11d50a3a" className="ZetecXMLModelsUnitTests.VesselInformationTest, ZetecXMLModelsUnitTests, Version=1.0.0.0, Culture=neutral, PublicKeyToken=null" name="SectionDesignationTest" />
    </UnitTest>
    <UnitTest name="InletXTest" storage="c:\users\shsimpson\documents\visual studio 2010\projects\zetecxmlmodels\zetecxmlmodelsunittests\bin\debug\zetecxmlmodelsunittests.dll" id="ad85d900-8b15-e0db-270b-0fe6dc68b1e5">
      <Execution id="c6d97cc9-7576-4b59-8bb7-77625f8f32cc" />
      <TestMethod codeBase="C:/Users/SHSimpson/Documents/Visual Studio 2010/Projects/ZetecXMLModels/ZetecXMLModelsUnitTests/bin/Debug/ZetecXMLModelsUnitTests.DLL" adapterTypeName="Microsoft.VisualStudio.TestTools.TestTypes.Unit.UnitTestAdapter, Microsoft.VisualStudio.QualityTools.Tips.UnitTest.Adapter, Version=10.0.0.0, Culture=neutral, PublicKeyToken=b03f5f7f11d50a3a" className="ZetecXMLModelsUnitTests.TubeTest, ZetecXMLModelsUnitTests, Version=1.0.0.0, Culture=neutral, PublicKeyToken=null" name="InletXTest" />
    </UnitTest>
    <UnitTest name="OutletXTest" storage="c:\users\shsimpson\documents\visual studio 2010\projects\zetecxmlmodels\zetecxmlmodelsunittests\bin\debug\zetecxmlmodelsunittests.dll" id="57b9104c-3dd5-7ab0-0ce0-fa1c988b04b4">
      <Execution id="0a638bb8-19a4-41ba-906a-fd23dd214430" />
      <TestMethod codeBase="C:/Users/SHSimpson/Documents/Visual Studio 2010/Projects/ZetecXMLModels/ZetecXMLModelsUnitTests/bin/Debug/ZetecXMLModelsUnitTests.DLL" adapterTypeName="Microsoft.VisualStudio.TestTools.TestTypes.Unit.UnitTestAdapter, Microsoft.VisualStudio.QualityTools.Tips.UnitTest.Adapter, Version=10.0.0.0, Culture=neutral, PublicKeyToken=b03f5f7f11d50a3a" className="ZetecXMLModelsUnitTests.TubeTest, ZetecXMLModelsUnitTests, Version=1.0.0.0, Culture=neutral, PublicKeyToken=null" name="OutletXTest" />
    </UnitTest>
    <UnitTest name="ModelDesignationTest" storage="c:\users\shsimpson\documents\visual studio 2010\projects\zetecxmlmodels\zetecxmlmodelsunittests\bin\debug\zetecxmlmodelsunittests.dll" id="b2057306-c5e9-1add-e7f7-af5dd9b426ff">
      <Execution id="e7aab7db-0e54-47d9-8295-0d6942b7f186" />
      <TestMethod codeBase="C:/Users/SHSimpson/Documents/Visual Studio 2010/Projects/ZetecXMLModels/ZetecXMLModelsUnitTests/bin/Debug/ZetecXMLModelsUnitTests.DLL" adapterTypeName="Microsoft.VisualStudio.TestTools.TestTypes.Unit.UnitTestAdapter, Microsoft.VisualStudio.QualityTools.Tips.UnitTest.Adapter, Version=10.0.0.0, Culture=neutral, PublicKeyToken=b03f5f7f11d50a3a" className="ZetecXMLModelsUnitTests.VesselInformationTest, ZetecXMLModelsUnitTests, Version=1.0.0.0, Culture=neutral, PublicKeyToken=null" name="ModelDesignationTest" />
    </UnitTest>
    <UnitTest name="UtilityNameTest" storage="c:\users\shsimpson\documents\visual studio 2010\projects\zetecxmlmodels\zetecxmlmodelsunittests\bin\debug\zetecxmlmodelsunittests.dll" id="e01e71af-91f5-cd9d-b9a2-e433f623a001">
      <Execution id="8c2ec56e-5012-4e93-ae7f-8311d0c96c28" />
      <TestMethod codeBase="C:/Users/SHSimpson/Documents/Visual Studio 2010/Projects/ZetecXMLModels/ZetecXMLModelsUnitTests/bin/Debug/ZetecXMLModelsUnitTests.DLL" adapterTypeName="Microsoft.VisualStudio.TestTools.TestTypes.Unit.UnitTestAdapter, Microsoft.VisualStudio.QualityTools.Tips.UnitTest.Adapter, Version=10.0.0.0, Culture=neutral, PublicKeyToken=b03f5f7f11d50a3a" className="ZetecXMLModelsUnitTests.VesselInformationTest, ZetecXMLModelsUnitTests, Version=1.0.0.0, Culture=neutral, PublicKeyToken=null" name="UtilityNameTest" />
    </UnitTest>
    <UnitTest name="InletChannelHeadTest" storage="c:\users\shsimpson\documents\visual studio 2010\projects\zetecxmlmodels\zetecxmlmodelsunittests\bin\debug\zetecxmlmodelsunittests.dll" id="b169d9f8-48e9-c1ab-f1d0-4527e9150cd3">
      <Execution id="bfba9f1e-73fc-4034-b460-6e43699e3509" />
      <TestMethod codeBase="C:/Users/SHSimpson/Documents/Visual Studio 2010/Projects/ZetecXMLModels/ZetecXMLModelsUnitTests/bin/Debug/ZetecXMLModelsUnitTests.DLL" adapterTypeName="Microsoft.VisualStudio.TestTools.TestTypes.Unit.UnitTestAdapter, Microsoft.VisualStudio.QualityTools.Tips.UnitTest.Adapter, Version=10.0.0.0, Culture=neutral, PublicKeyToken=b03f5f7f11d50a3a" className="ZetecXMLModelsUnitTests.VesselInformationTest, ZetecXMLModelsUnitTests, Version=1.0.0.0, Culture=neutral, PublicKeyToken=null" name="InletChannelHeadTest" />
    </UnitTest>
    <UnitTest name="LegacyIDTest" storage="c:\users\shsimpson\documents\visual studio 2010\projects\zetecxmlmodels\zetecxmlmodelsunittests\bin\debug\zetecxmlmodelsunittests.dll" id="6c794108-9512-4cfe-399f-069beac41e67">
      <Execution id="422e9b10-d524-4257-ba72-d33ea1a6398e" />
      <TestMethod codeBase="C:/Users/SHSimpson/Documents/Visual Studio 2010/Projects/ZetecXMLModels/ZetecXMLModelsUnitTests/bin/Debug/ZetecXMLModelsUnitTests.DLL" adapterTypeName="Microsoft.VisualStudio.TestTools.TestTypes.Unit.UnitTestAdapter, Microsoft.VisualStudio.QualityTools.Tips.UnitTest.Adapter, Version=10.0.0.0, Culture=neutral, PublicKeyToken=b03f5f7f11d50a3a" className="ZetecXMLModelsUnitTests.TubeTest, ZetecXMLModelsUnitTests, Version=1.0.0.0, Culture=neutral, PublicKeyToken=null" name="LegacyIDTest" />
    </UnitTest>
    <UnitTest name="pixels_per_inchTest" storage="c:\users\shsimpson\documents\visual studio 2010\projects\zetecxmlmodels\zetecxmlmodelsunittests\bin\debug\zetecxmlmodelsunittests.dll" id="080dedd9-abb0-bcd2-c12e-30f24dd9e2de">
      <Execution id="cc80adab-da92-454e-b5e9-8bdaf733e32e" />
      <TestMethod codeBase="C:/Users/SHSimpson/Documents/Visual Studio 2010/Projects/ZetecXMLModels/ZetecXMLModelsUnitTests/bin/Debug/ZetecXMLModelsUnitTests.DLL" adapterTypeName="Microsoft.VisualStudio.TestTools.TestTypes.Unit.UnitTestAdapter, Microsoft.VisualStudio.QualityTools.Tips.UnitTest.Adapter, Version=10.0.0.0, Culture=neutral, PublicKeyToken=b03f5f7f11d50a3a" className="ZetecXMLModelsUnitTests.miscTest, ZetecXMLModelsUnitTests, Version=1.0.0.0, Culture=neutral, PublicKeyToken=null" name="pixels_per_inchTest" />
    </UnitTest>
    <UnitTest name="InletYTest" storage="c:\users\shsimpson\documents\visual studio 2010\projects\zetecxmlmodels\zetecxmlmodelsunittests\bin\debug\zetecxmlmodelsunittests.dll" id="c3da0222-7ce6-132e-b376-ad5fdce6bbe7">
      <Execution id="5af30861-ccd8-4064-a883-fc2b83a07045" />
      <TestMethod codeBase="C:/Users/SHSimpson/Documents/Visual Studio 2010/Projects/ZetecXMLModels/ZetecXMLModelsUnitTests/bin/Debug/ZetecXMLModelsUnitTests.DLL" adapterTypeName="Microsoft.VisualStudio.TestTools.TestTypes.Unit.UnitTestAdapter, Microsoft.VisualStudio.QualityTools.Tips.UnitTest.Adapter, Version=10.0.0.0, Culture=neutral, PublicKeyToken=b03f5f7f11d50a3a" className="ZetecXMLModelsUnitTests.TubeTest, ZetecXMLModelsUnitTests, Version=1.0.0.0, Culture=neutral, PublicKeyToken=null" name="InletYTest" />
    </UnitTest>
    <UnitTest name="SectionLabelTest" storage="c:\users\shsimpson\documents\visual studio 2010\projects\zetecxmlmodels\zetecxmlmodelsunittests\bin\debug\zetecxmlmodelsunittests.dll" id="b6b9b077-2616-106e-0759-3bac9fb0a311">
      <Execution id="4ae11dd6-62a1-4b02-a960-7e9c461e5c6d" />
      <TestMethod codeBase="C:/Users/SHSimpson/Documents/Visual Studio 2010/Projects/ZetecXMLModels/ZetecXMLModelsUnitTests/bin/Debug/ZetecXMLModelsUnitTests.DLL" adapterTypeName="Microsoft.VisualStudio.TestTools.TestTypes.Unit.UnitTestAdapter, Microsoft.VisualStudio.QualityTools.Tips.UnitTest.Adapter, Version=10.0.0.0, Culture=neutral, PublicKeyToken=b03f5f7f11d50a3a" className="ZetecXMLModelsUnitTests.TubeTest, ZetecXMLModelsUnitTests, Version=1.0.0.0, Culture=neutral, PublicKeyToken=null" name="SectionLabelTest" />
    </UnitTest>
    <UnitTest name="TubeConstructorTest" storage="c:\users\shsimpson\documents\visual studio 2010\projects\zetecxmlmodels\zetecxmlmodelsunittests\bin\debug\zetecxmlmodelsunittests.dll" id="a5c962c3-516d-a59e-ac49-d473361634e5">
      <Execution id="d8db292a-9e8b-4cb1-8657-8459e21fb556" />
      <TestMethod codeBase="C:/Users/SHSimpson/Documents/Visual Studio 2010/Projects/ZetecXMLModels/ZetecXMLModelsUnitTests/bin/Debug/ZetecXMLModelsUnitTests.DLL" adapterTypeName="Microsoft.VisualStudio.TestTools.TestTypes.Unit.UnitTestAdapter, Microsoft.VisualStudio.QualityTools.Tips.UnitTest.Adapter, Version=10.0.0.0, Culture=neutral, PublicKeyToken=b03f5f7f11d50a3a" className="ZetecXMLModelsUnitTests.TubeTest, ZetecXMLModelsUnitTests, Version=1.0.0.0, Culture=neutral, PublicKeyToken=null" name="TubeConstructorTest" />
    </UnitTest>
    <UnitTest name="YxXyNotationTest" storage="c:\users\shsimpson\documents\visual studio 2010\projects\zetecxmlmodels\zetecxmlmodelsunittests\bin\debug\zetecxmlmodelsunittests.dll" id="b2c71200-05d2-c464-d78a-06f6f0f9cb57">
      <Execution id="493deea3-a65f-4f3e-800a-8ebc4baf1da4" />
      <TestMethod codeBase="C:/Users/SHSimpson/Documents/Visual Studio 2010/Projects/ZetecXMLModels/ZetecXMLModelsUnitTests/bin/Debug/ZetecXMLModelsUnitTests.DLL" adapterTypeName="Microsoft.VisualStudio.TestTools.TestTypes.Unit.UnitTestAdapter, Microsoft.VisualStudio.QualityTools.Tips.UnitTest.Adapter, Version=10.0.0.0, Culture=neutral, PublicKeyToken=b03f5f7f11d50a3a" className="ZetecXMLModelsUnitTests.VesselInformationTest, ZetecXMLModelsUnitTests, Version=1.0.0.0, Culture=neutral, PublicKeyToken=null" name="YxXyNotationTest" />
    </UnitTest>
    <UnitTest name="VesselIDTypeTest" storage="c:\users\shsimpson\documents\visual studio 2010\projects\zetecxmlmodels\zetecxmlmodelsunittests\bin\debug\zetecxmlmodelsunittests.dll" id="3107f13f-9a0f-48e7-6fc7-b5c5137b212e">
      <Execution id="480fab34-246d-44d9-b04d-a2e960ecf653" />
      <TestMethod codeBase="C:/Users/SHSimpson/Documents/Visual Studio 2010/Projects/ZetecXMLModels/ZetecXMLModelsUnitTests/bin/Debug/ZetecXMLModelsUnitTests.DLL" adapterTypeName="Microsoft.VisualStudio.TestTools.TestTypes.Unit.UnitTestAdapter, Microsoft.VisualStudio.QualityTools.Tips.UnitTest.Adapter, Version=10.0.0.0, Culture=neutral, PublicKeyToken=b03f5f7f11d50a3a" className="ZetecXMLModelsUnitTests.VesselInformationTest, ZetecXMLModelsUnitTests, Version=1.0.0.0, Culture=neutral, PublicKeyToken=null" name="VesselIDTypeTest" />
    </UnitTest>
    <UnitTest name="grid_scaleTest" storage="c:\users\shsimpson\documents\visual studio 2010\projects\zetecxmlmodels\zetecxmlmodelsunittests\bin\debug\zetecxmlmodelsunittests.dll" id="7937e4e8-872d-6b6c-9b61-34f1e84fe2dd">
      <Execution id="48639ea0-710a-4344-8cae-6257da0212a0" />
      <TestMethod codeBase="C:/Users/SHSimpson/Documents/Visual Studio 2010/Projects/ZetecXMLModels/ZetecXMLModelsUnitTests/bin/Debug/ZetecXMLModelsUnitTests.DLL" adapterTypeName="Microsoft.VisualStudio.TestTools.TestTypes.Unit.UnitTestAdapter, Microsoft.VisualStudio.QualityTools.Tips.UnitTest.Adapter, Version=10.0.0.0, Culture=neutral, PublicKeyToken=b03f5f7f11d50a3a" className="ZetecXMLModelsUnitTests.miscTest, ZetecXMLModelsUnitTests, Version=1.0.0.0, Culture=neutral, PublicKeyToken=null" name="grid_scaleTest" />
    </UnitTest>
    <UnitTest name="symbol_sizeTest" storage="c:\users\shsimpson\documents\visual studio 2010\projects\zetecxmlmodels\zetecxmlmodelsunittests\bin\debug\zetecxmlmodelsunittests.dll" id="ecc15bfd-60f9-5125-4547-4de1352adeee">
      <Execution id="77301871-caf4-4870-b57e-13cdc5fa8669" />
      <TestMethod codeBase="C:/Users/SHSimpson/Documents/Visual Studio 2010/Projects/ZetecXMLModels/ZetecXMLModelsUnitTests/bin/Debug/ZetecXMLModelsUnitTests.DLL" adapterTypeName="Microsoft.VisualStudio.TestTools.TestTypes.Unit.UnitTestAdapter, Microsoft.VisualStudio.QualityTools.Tips.UnitTest.Adapter, Version=10.0.0.0, Culture=neutral, PublicKeyToken=b03f5f7f11d50a3a" className="ZetecXMLModelsUnitTests.miscTest, ZetecXMLModelsUnitTests, Version=1.0.0.0, Culture=neutral, PublicKeyToken=null" name="symbol_sizeTest" />
    </UnitTest>
    <UnitTest name="foreground_colorTest" storage="c:\users\shsimpson\documents\visual studio 2010\projects\zetecxmlmodels\zetecxmlmodelsunittests\bin\debug\zetecxmlmodelsunittests.dll" id="983e7fff-d653-565a-d54b-a93994949ed4">
      <Execution id="03e27cd2-2ef5-4ce4-8b0d-f9814df776c1" />
      <TestMethod codeBase="C:/Users/SHSimpson/Documents/Visual Studio 2010/Projects/ZetecXMLModels/ZetecXMLModelsUnitTests/bin/Debug/ZetecXMLModelsUnitTests.DLL" adapterTypeName="Microsoft.VisualStudio.TestTools.TestTypes.Unit.UnitTestAdapter, Microsoft.VisualStudio.QualityTools.Tips.UnitTest.Adapter, Version=10.0.0.0, Culture=neutral, PublicKeyToken=b03f5f7f11d50a3a" className="ZetecXMLModelsUnitTests.miscTest, ZetecXMLModelsUnitTests, Version=1.0.0.0, Culture=neutral, PublicKeyToken=null" name="foreground_colorTest" />
    </UnitTest>
    <UnitTest name="InletRow1Col1LocationTest" storage="c:\users\shsimpson\documents\visual studio 2010\projects\zetecxmlmodels\zetecxmlmodelsunittests\bin\debug\zetecxmlmodelsunittests.dll" id="1dd43818-7534-8c8a-155f-265c089bf3fe">
      <Execution id="8b0c37f8-b164-4ae9-bd9c-fb7240db42fc" />
      <TestMethod codeBase="C:/Users/SHSimpson/Documents/Visual Studio 2010/Projects/ZetecXMLModels/ZetecXMLModelsUnitTests/bin/Debug/ZetecXMLModelsUnitTests.DLL" adapterTypeName="Microsoft.VisualStudio.TestTools.TestTypes.Unit.UnitTestAdapter, Microsoft.VisualStudio.QualityTools.Tips.UnitTest.Adapter, Version=10.0.0.0, Culture=neutral, PublicKeyToken=b03f5f7f11d50a3a" className="ZetecXMLModelsUnitTests.VesselInformationTest, ZetecXMLModelsUnitTests, Version=1.0.0.0, Culture=neutral, PublicKeyToken=null" name="InletRow1Col1LocationTest" />
    </UnitTest>
    <UnitTest name="UtilityDesignationTest" storage="c:\users\shsimpson\documents\visual studio 2010\projects\zetecxmlmodels\zetecxmlmodelsunittests\bin\debug\zetecxmlmodelsunittests.dll" id="490fa47e-be49-c7f7-e688-1f808e7fcaaa">
      <Execution id="bf45564f-4ddd-440a-b5b7-fb4986037220" />
      <TestMethod codeBase="C:/Users/SHSimpson/Documents/Visual Studio 2010/Projects/ZetecXMLModels/ZetecXMLModelsUnitTests/bin/Debug/ZetecXMLModelsUnitTests.DLL" adapterTypeName="Microsoft.VisualStudio.TestTools.TestTypes.Unit.UnitTestAdapter, Microsoft.VisualStudio.QualityTools.Tips.UnitTest.Adapter, Version=10.0.0.0, Culture=neutral, PublicKeyToken=b03f5f7f11d50a3a" className="ZetecXMLModelsUnitTests.VesselInformationTest, ZetecXMLModelsUnitTests, Version=1.0.0.0, Culture=neutral, PublicKeyToken=null" name="UtilityDesignationTest" />
    </UnitTest>
  </TestDefinitions>
  <TestLists>
    <TestList name="Results Not in a List" id="8c84fa94-04c1-424b-9868-57a2d4851a1d" />
    <TestList name="All Loaded Results" id="19431567-8539-422a-85d7-44ee4e166bda" />
  </TestLists>
  <TestEntries>
    <TestEntry testId="02a94f3f-28bb-d371-d770-2b28d3740a73" executionId="2599e119-4ed9-4fa2-b302-6f59685a2b06" testListId="8c84fa94-04c1-424b-9868-57a2d4851a1d" />
    <TestEntry testId="07c79d70-2d05-ff4d-f6cd-1f5ea09a59d1" executionId="914e3c38-4d18-411c-8d3a-135c7eb632eb" testListId="8c84fa94-04c1-424b-9868-57a2d4851a1d" />
    <TestEntry testId="080dedd9-abb0-bcd2-c12e-30f24dd9e2de" executionId="cc80adab-da92-454e-b5e9-8bdaf733e32e" testListId="8c84fa94-04c1-424b-9868-57a2d4851a1d" />
    <TestEntry testId="0a0c6ae0-e8e4-d050-e17f-dc3dfadf4a27" executionId="f4cad6a1-0809-4be4-a5f6-18acc32b0598" testListId="8c84fa94-04c1-424b-9868-57a2d4851a1d" />
    <TestEntry testId="10b01f1c-7c65-5527-c45d-c3020c2cdb4d" executionId="123471b5-baaa-4d72-8937-1a20fa0e712e" testListId="8c84fa94-04c1-424b-9868-57a2d4851a1d" />
    <TestEntry testId="12766973-1377-5200-80b8-b3f3d230dccd" executionId="e7ade7e6-769d-4ebe-b4d2-5f200b1bf0a8" testListId="8c84fa94-04c1-424b-9868-57a2d4851a1d" />
    <TestEntry testId="13b8ffb4-6016-64ca-e887-e1f08ede3f60" executionId="ae68b938-a5b5-4f76-98c3-20a10d51347c" testListId="8c84fa94-04c1-424b-9868-57a2d4851a1d" />
    <TestEntry testId="18c0df62-9e71-531f-0839-9641f985ce05" executionId="a560e8af-3de9-45e7-b92d-b300e8d7867c" testListId="8c84fa94-04c1-424b-9868-57a2d4851a1d" />
    <TestEntry testId="1b30e23d-b371-e559-363a-b5d56ede01ff" executionId="f26620eb-cadb-40b2-b4a4-71973109ba04" testListId="8c84fa94-04c1-424b-9868-57a2d4851a1d" />
    <TestEntry testId="1d65620a-b474-a27f-19c2-672761107b81" executionId="79740211-58a8-46bb-be52-2847e2f23557" testListId="8c84fa94-04c1-424b-9868-57a2d4851a1d" />
    <TestEntry testId="1dd43818-7534-8c8a-155f-265c089bf3fe" executionId="8b0c37f8-b164-4ae9-bd9c-fb7240db42fc" testListId="8c84fa94-04c1-424b-9868-57a2d4851a1d" />
    <TestEntry testId="26a6f9cf-ce57-ec6e-485b-7271debaf27e" executionId="fa6dcb66-e03f-4672-b03b-d6b77d757871" testListId="8c84fa94-04c1-424b-9868-57a2d4851a1d" />
    <TestEntry testId="3107f13f-9a0f-48e7-6fc7-b5c5137b212e" executionId="480fab34-246d-44d9-b04d-a2e960ecf653" testListId="8c84fa94-04c1-424b-9868-57a2d4851a1d" />
    <TestEntry testId="342ab28b-1731-c3f9-fc28-a2a8f9e95cf9" executionId="8d82cea7-2d7f-4204-acf9-b028bbeb971c" testListId="8c84fa94-04c1-424b-9868-57a2d4851a1d" />
    <TestEntry testId="36391e30-c188-1acc-8ecc-1e01672d00a5" executionId="79734cd9-c05b-4d61-93fd-aada0d602518" testListId="8c84fa94-04c1-424b-9868-57a2d4851a1d" />
    <TestEntry testId="490fa47e-be49-c7f7-e688-1f808e7fcaaa" executionId="bf45564f-4ddd-440a-b5b7-fb4986037220" testListId="8c84fa94-04c1-424b-9868-57a2d4851a1d" />
    <TestEntry testId="4947f739-deb8-db54-29ad-f143de8956b0" executionId="6faca9e7-e9cb-4a1b-88ac-63928769b2c4" testListId="8c84fa94-04c1-424b-9868-57a2d4851a1d" />
    <TestEntry testId="498975fa-28ac-56ea-c148-0d358a0c6927" executionId="877592f3-d2ae-43f5-8664-e623c30c0a31" testListId="8c84fa94-04c1-424b-9868-57a2d4851a1d" />
    <TestEntry testId="4ca59c4a-1586-4df3-4c18-8aad9b220064" executionId="37ec9145-0b2c-43c9-b27a-02dceec13c72" testListId="8c84fa94-04c1-424b-9868-57a2d4851a1d" />
    <TestEntry testId="5092a366-4896-a1d3-4b30-9505f776942e" executionId="5d416193-ee0b-4374-9a25-8fcff353438a" testListId="8c84fa94-04c1-424b-9868-57a2d4851a1d" />
    <TestEntry testId="57b9104c-3dd5-7ab0-0ce0-fa1c988b04b4" executionId="0a638bb8-19a4-41ba-906a-fd23dd214430" testListId="8c84fa94-04c1-424b-9868-57a2d4851a1d" />
    <TestEntry testId="6c794108-9512-4cfe-399f-069beac41e67" executionId="422e9b10-d524-4257-ba72-d33ea1a6398e" testListId="8c84fa94-04c1-424b-9868-57a2d4851a1d" />
    <TestEntry testId="77c02662-9d79-5d8c-2ce3-01f820b23fd3" executionId="0ad89774-1352-4470-8f34-5439ec640077" testListId="8c84fa94-04c1-424b-9868-57a2d4851a1d" />
    <TestEntry testId="7937e4e8-872d-6b6c-9b61-34f1e84fe2dd" executionId="48639ea0-710a-4344-8cae-6257da0212a0" testListId="8c84fa94-04c1-424b-9868-57a2d4851a1d" />
    <TestEntry testId="7e4cf5a5-5b1c-0932-8559-35accf7c452d" executionId="02ade565-5cda-4cf2-9188-912c1ca3a5a4" testListId="8c84fa94-04c1-424b-9868-57a2d4851a1d" />
    <TestEntry testId="85be2481-f02f-6177-a926-23d7d1e77482" executionId="5cb58b1b-2556-4531-b3a2-a21e832fe1fc" testListId="8c84fa94-04c1-424b-9868-57a2d4851a1d" />
    <TestEntry testId="86b705c7-9972-2979-5c9c-3e03d4230724" executionId="a8a491eb-2ecb-478e-ba5e-39b4374446b5" testListId="8c84fa94-04c1-424b-9868-57a2d4851a1d" />
    <TestEntry testId="8792450d-bd76-961c-f757-852e8d4d4052" executionId="9a6d5a6f-5f21-4daf-9663-2409c8a8ac02" testListId="8c84fa94-04c1-424b-9868-57a2d4851a1d" />
    <TestEntry testId="88625e9d-086d-6f95-871a-ba00a3118136" executionId="99b83850-b869-4751-a77c-0f4a40106c06" testListId="8c84fa94-04c1-424b-9868-57a2d4851a1d" />
    <TestEntry testId="8f58cb54-4ad6-c1b3-da03-dbae73442545" executionId="b945ce75-6daa-4671-9ef1-1996f87ce651" testListId="8c84fa94-04c1-424b-9868-57a2d4851a1d" />
    <TestEntry testId="983e7fff-d653-565a-d54b-a93994949ed4" executionId="03e27cd2-2ef5-4ce4-8b0d-f9814df776c1" testListId="8c84fa94-04c1-424b-9868-57a2d4851a1d" />
    <TestEntry testId="995bd025-5efd-2416-d859-789130a1bdb4" executionId="09108fda-5f06-41c2-a79d-3e8e610ae64e" testListId="8c84fa94-04c1-424b-9868-57a2d4851a1d" />
    <TestEntry testId="a1a16247-5410-d687-ca1d-14a49f040f67" executionId="fca28263-a6a7-4273-98ca-63d9a7ce8e9f" testListId="8c84fa94-04c1-424b-9868-57a2d4851a1d" />
    <TestEntry testId="a5c962c3-516d-a59e-ac49-d473361634e5" executionId="d8db292a-9e8b-4cb1-8657-8459e21fb556" testListId="8c84fa94-04c1-424b-9868-57a2d4851a1d" />
    <TestEntry testId="ad85d900-8b15-e0db-270b-0fe6dc68b1e5" executionId="c6d97cc9-7576-4b59-8bb7-77625f8f32cc" testListId="8c84fa94-04c1-424b-9868-57a2d4851a1d" />
    <TestEntry testId="b169d9f8-48e9-c1ab-f1d0-4527e9150cd3" executionId="bfba9f1e-73fc-4034-b460-6e43699e3509" testListId="8c84fa94-04c1-424b-9868-57a2d4851a1d" />
    <TestEntry testId="b2057306-c5e9-1add-e7f7-af5dd9b426ff" executionId="e7aab7db-0e54-47d9-8295-0d6942b7f186" testListId="8c84fa94-04c1-424b-9868-57a2d4851a1d" />
    <TestEntry testId="b2c71200-05d2-c464-d78a-06f6f0f9cb57" executionId="493deea3-a65f-4f3e-800a-8ebc4baf1da4" testListId="8c84fa94-04c1-424b-9868-57a2d4851a1d" />
    <TestEntry testId="b6b9b077-2616-106e-0759-3bac9fb0a311" executionId="4ae11dd6-62a1-4b02-a960-7e9c461e5c6d" testListId="8c84fa94-04c1-424b-9868-57a2d4851a1d" />
    <TestEntry testId="c3da0222-7ce6-132e-b376-ad5fdce6bbe7" executionId="5af30861-ccd8-4064-a883-fc2b83a07045" testListId="8c84fa94-04c1-424b-9868-57a2d4851a1d" />
    <TestEntry testId="ce4ae171-8b1c-e94a-6046-f6f7f8e80412" executionId="6a57f460-b035-486f-8ff7-7de9e5686377" testListId="8c84fa94-04c1-424b-9868-57a2d4851a1d" />
    <TestEntry testId="ce9085de-45bf-256a-44f0-6cd789b25d2f" executionId="2345408f-2c3c-44c2-8128-10f8fd63f6ee" testListId="8c84fa94-04c1-424b-9868-57a2d4851a1d" />
    <TestEntry testId="da63952a-891e-c736-3ada-6df53f00898a" executionId="35b1d2e5-e299-4efd-8c03-1f6378bc4a8a" testListId="8c84fa94-04c1-424b-9868-57a2d4851a1d" />
    <TestEntry testId="de393f97-7194-a95f-30b4-c65d3ce26f75" executionId="4bb0a7d4-8b30-44f4-aa7b-7cae9b4d9bf5" testListId="8c84fa94-04c1-424b-9868-57a2d4851a1d" />
    <TestEntry testId="e01e71af-91f5-cd9d-b9a2-e433f623a001" executionId="8c2ec56e-5012-4e93-ae7f-8311d0c96c28" testListId="8c84fa94-04c1-424b-9868-57a2d4851a1d" />
    <TestEntry testId="e20639a1-e3ac-5227-0fa6-529036098c15" executionId="eadaeeca-881f-4c58-9bdf-234e4bf0273c" testListId="8c84fa94-04c1-424b-9868-57a2d4851a1d" />
    <TestEntry testId="ecc15bfd-60f9-5125-4547-4de1352adeee" executionId="77301871-caf4-4870-b57e-13cdc5fa8669" testListId="8c84fa94-04c1-424b-9868-57a2d4851a1d" />
    <TestEntry testId="f06db92a-baa1-e523-c30b-12ff004e6373" executionId="0f68b323-c512-4819-b519-94191ebd2b88" testListId="8c84fa94-04c1-424b-9868-57a2d4851a1d" />
    <TestEntry testId="f46dde03-01d9-ecfa-51fc-3b81caa02ca8" executionId="2819a101-2291-4014-a7da-dcef2d4ed6f5" testListId="8c84fa94-04c1-424b-9868-57a2d4851a1d" />
    <TestEntry testId="f722bce2-18b8-5d04-bf89-e49deb2d591b" executionId="c2d257bc-7141-483f-b9e5-75b7e4e50066" testListId="8c84fa94-04c1-424b-9868-57a2d4851a1d" />
    <TestEntry testId="fd010e4f-ec11-356d-71a2-987599af96ee" executionId="43a3d3a2-7161-426c-988c-05f990763615" testListId="8c84fa94-04c1-424b-9868-57a2d4851a1d" />
    <TestEntry testId="fdeca077-1731-5789-f6c7-97ee935d2199" executionId="d4a00734-d927-4b42-8c0a-8bc7cb7a7170" testListId="8c84fa94-04c1-424b-9868-57a2d4851a1d" />
  </TestEntries>
  <Results>
    <UnitTestResult executionId="2599e119-4ed9-4fa2-b302-6f59685a2b06" testId="02a94f3f-28bb-d371-d770-2b28d3740a73" testName="GridXTest" computerName="CLPR9K5797" duration="00:00:00.0090012" startTime="2014-06-25T16:09:38.1922532-04:00" endTime="2014-06-25T16:09:39.6132532-04:00" testType="13cdc9d9-ddb5-4fa4-a97d-d965ccfc6d4b" outcome="Passed" testListId="8c84fa94-04c1-424b-9868-57a2d4851a1d" relativeResultsDirectory="2599e119-4ed9-4fa2-b302-6f59685a2b06">
    </UnitTestResult>
    <UnitTestResult executionId="914e3c38-4d18-411c-8d3a-135c7eb632eb" testId="07c79d70-2d05-ff4d-f6cd-1f5ea09a59d1" testName="SectionsActiveTest" computerName="CLPR9K5797" duration="00:00:27.1490000" startTime="2014-06-25T16:09:39.6242532-04:00" endTime="2014-06-25T16:10:06.7732532-04:00" testType="13cdc9d9-ddb5-4fa4-a97d-d965ccfc6d4b" outcome="Aborted" testListId="8c84fa94-04c1-424b-9868-57a2d4851a1d" relativeResultsDirectory="914e3c38-4d18-411c-8d3a-135c7eb632eb">
    </UnitTestResult>
    <UnitTestResult executionId="cc80adab-da92-454e-b5e9-8bdaf733e32e" testId="080dedd9-abb0-bcd2-c12e-30f24dd9e2de" testName="pixels_per_inchTest" computerName="CLPR9K5797" testType="13cdc9d9-ddb5-4fa4-a97d-d965ccfc6d4b" outcome="NotExecuted" testListId="8c84fa94-04c1-424b-9868-57a2d4851a1d" relativeResultsDirectory="cc80adab-da92-454e-b5e9-8bdaf733e32e">
    </UnitTestResult>
    <UnitTestResult executionId="f4cad6a1-0809-4be4-a5f6-18acc32b0598" testId="0a0c6ae0-e8e4-d050-e17f-dc3dfadf4a27" testName="GridYTest" computerName="CLPR9K5797" testType="13cdc9d9-ddb5-4fa4-a97d-d965ccfc6d4b" outcome="NotExecuted" testListId="8c84fa94-04c1-424b-9868-57a2d4851a1d" relativeResultsDirectory="f4cad6a1-0809-4be4-a5f6-18acc32b0598">
    </UnitTestResult>
    <UnitTestResult executionId="123471b5-baaa-4d72-8937-1a20fa0e712e" testId="10b01f1c-7c65-5527-c45d-c3020c2cdb4d" testName="PlantNameTest" computerName="CLPR9K5797" testType="13cdc9d9-ddb5-4fa4-a97d-d965ccfc6d4b" outcome="NotExecuted" testListId="8c84fa94-04c1-424b-9868-57a2d4851a1d" relativeResultsDirectory="123471b5-baaa-4d72-8937-1a20fa0e712e">
    </UnitTestResult>
    <UnitTestResult executionId="e7ade7e6-769d-4ebe-b4d2-5f200b1bf0a8" testId="12766973-1377-5200-80b8-b3f3d230dccd" testName="VesselTypeTest" computerName="CLPR9K5797" testType="13cdc9d9-ddb5-4fa4-a97d-d965ccfc6d4b" outcome="NotExecuted" testListId="8c84fa94-04c1-424b-9868-57a2d4851a1d" relativeResultsDirectory="e7ade7e6-769d-4ebe-b4d2-5f200b1bf0a8">
    </UnitTestResult>
    <UnitTestResult executionId="ae68b938-a5b5-4f76-98c3-20a10d51347c" testId="13b8ffb4-6016-64ca-e887-e1f08ede3f60" testName="XDesignationTest" computerName="CLPR9K5797" testType="13cdc9d9-ddb5-4fa4-a97d-d965ccfc6d4b" outcome="NotExecuted" testListId="8c84fa94-04c1-424b-9868-57a2d4851a1d" relativeResultsDirectory="ae68b938-a5b5-4f76-98c3-20a10d51347c">
    </UnitTestResult>
    <UnitTestResult executionId="a560e8af-3de9-45e7-b92d-b300e8d7867c" testId="18c0df62-9e71-531f-0839-9641f985ce05" testName="ComponentDesignationTest" computerName="CLPR9K5797" testType="13cdc9d9-ddb5-4fa4-a97d-d965ccfc6d4b" outcome="NotExecuted" testListId="8c84fa94-04c1-424b-9868-57a2d4851a1d" relativeResultsDirectory="a560e8af-3de9-45e7-b92d-b300e8d7867c">
    </UnitTestResult>
    <UnitTestResult executionId="f26620eb-cadb-40b2-b4a4-71973109ba04" testId="1b30e23d-b371-e559-363a-b5d56ede01ff" testName="ModelNameTest" computerName="CLPR9K5797" testType="13cdc9d9-ddb5-4fa4-a97d-d965ccfc6d4b" outcome="NotExecuted" testListId="8c84fa94-04c1-424b-9868-57a2d4851a1d" relativeResultsDirectory="f26620eb-cadb-40b2-b4a4-71973109ba04">
    </UnitTestResult>
    <UnitTestResult executionId="79740211-58a8-46bb-be52-2847e2f23557" testId="1d65620a-b474-a27f-19c2-672761107b81" testName="OutletDisplaySymbolIDTest" computerName="CLPR9K5797" testType="13cdc9d9-ddb5-4fa4-a97d-d965ccfc6d4b" outcome="NotExecuted" testListId="8c84fa94-04c1-424b-9868-57a2d4851a1d" relativeResultsDirectory="79740211-58a8-46bb-be52-2847e2f23557">
    </UnitTestResult>
    <UnitTestResult executionId="8b0c37f8-b164-4ae9-bd9c-fb7240db42fc" testId="1dd43818-7534-8c8a-155f-265c089bf3fe" testName="InletRow1Col1LocationTest" computerName="CLPR9K5797" testType="13cdc9d9-ddb5-4fa4-a97d-d965ccfc6d4b" outcome="NotExecuted" testListId="8c84fa94-04c1-424b-9868-57a2d4851a1d" relativeResultsDirectory="8b0c37f8-b164-4ae9-bd9c-fb7240db42fc">
    </UnitTestResult>
    <UnitTestResult executionId="fa6dcb66-e03f-4672-b03b-d6b77d757871" testId="26a6f9cf-ce57-ec6e-485b-7271debaf27e" testName="InletVesselIDTest" computerName="CLPR9K5797" testType="13cdc9d9-ddb5-4fa4-a97d-d965ccfc6d4b" outcome="NotExecuted" testListId="8c84fa94-04c1-424b-9868-57a2d4851a1d" relativeResultsDirectory="fa6dcb66-e03f-4672-b03b-d6b77d757871">
    </UnitTestResult>
    <UnitTestResult executionId="480fab34-246d-44d9-b04d-a2e960ecf653" testId="3107f13f-9a0f-48e7-6fc7-b5c5137b212e" testName="VesselIDTypeTest" computerName="CLPR9K5797" testType="13cdc9d9-ddb5-4fa4-a97d-d965ccfc6d4b" outcome="NotExecuted" testListId="8c84fa94-04c1-424b-9868-57a2d4851a1d" relativeResultsDirectory="480fab34-246d-44d9-b04d-a2e960ecf653">
    </UnitTestResult>
    <UnitTestResult executionId="8d82cea7-2d7f-4204-acf9-b028bbeb971c" testId="342ab28b-1731-c3f9-fc28-a2a8f9e95cf9" testName="TubeSheetNumberingTypeTest" computerName="CLPR9K5797" testType="13cdc9d9-ddb5-4fa4-a97d-d965ccfc6d4b" outcome="NotExecuted" testListId="8c84fa94-04c1-424b-9868-57a2d4851a1d" relativeResultsDirectory="8d82cea7-2d7f-4204-acf9-b028bbeb971c">
    </UnitTestResult>
    <UnitTestResult executionId="79734cd9-c05b-4d61-93fd-aada0d602518" testId="36391e30-c188-1acc-8ecc-1e01672d00a5" testName="IDTest" computerName="CLPR9K5797" testType="13cdc9d9-ddb5-4fa4-a97d-d965ccfc6d4b" outcome="NotExecuted" testListId="8c84fa94-04c1-424b-9868-57a2d4851a1d" relativeResultsDirectory="79734cd9-c05b-4d61-93fd-aada0d602518">
    </UnitTestResult>
    <UnitTestResult executionId="bf45564f-4ddd-440a-b5b7-fb4986037220" testId="490fa47e-be49-c7f7-e688-1f808e7fcaaa" testName="UtilityDesignationTest" computerName="CLPR9K5797" testType="13cdc9d9-ddb5-4fa4-a97d-d965ccfc6d4b" outcome="NotExecuted" testListId="8c84fa94-04c1-424b-9868-57a2d4851a1d" relativeResultsDirectory="bf45564f-4ddd-440a-b5b7-fb4986037220">
    </UnitTestResult>
    <UnitTestResult executionId="6faca9e7-e9cb-4a1b-88ac-63928769b2c4" testId="4947f739-deb8-db54-29ad-f143de8956b0" testName="PlantDesignationTest" computerName="CLPR9K5797" testType="13cdc9d9-ddb5-4fa4-a97d-d965ccfc6d4b" outcome="NotExecuted" testListId="8c84fa94-04c1-424b-9868-57a2d4851a1d" relativeResultsDirectory="6faca9e7-e9cb-4a1b-88ac-63928769b2c4">
    </UnitTestResult>
    <UnitTestResult executionId="877592f3-d2ae-43f5-8664-e623c30c0a31" testId="498975fa-28ac-56ea-c148-0d358a0c6927" testName="ContractorTest" computerName="CLPR9K5797" testType="13cdc9d9-ddb5-4fa4-a97d-d965ccfc6d4b" outcome="NotExecuted" testListId="8c84fa94-04c1-424b-9868-57a2d4851a1d" relativeResultsDirectory="877592f3-d2ae-43f5-8664-e623c30c0a31">
    </UnitTestResult>
    <UnitTestResult executionId="37ec9145-0b2c-43c9-b27a-02dceec13c72" testId="4ca59c4a-1586-4df3-4c18-8aad9b220064" testName="group_outline_colorTest" computerName="CLPR9K5797" testType="13cdc9d9-ddb5-4fa4-a97d-d965ccfc6d4b" outcome="NotExecuted" testListId="8c84fa94-04c1-424b-9868-57a2d4851a1d" relativeResultsDirectory="37ec9145-0b2c-43c9-b27a-02dceec13c72">
    </UnitTestResult>
    <UnitTestResult executionId="5d416193-ee0b-4374-9a25-8fcff353438a" testId="5092a366-4896-a1d3-4b30-9505f776942e" testName="ComponentNameTest" computerName="CLPR9K5797" testType="13cdc9d9-ddb5-4fa4-a97d-d965ccfc6d4b" outcome="NotExecuted" testListId="8c84fa94-04c1-424b-9868-57a2d4851a1d" relativeResultsDirectory="5d416193-ee0b-4374-9a25-8fcff353438a">
    </UnitTestResult>
    <UnitTestResult executionId="0a638bb8-19a4-41ba-906a-fd23dd214430" testId="57b9104c-3dd5-7ab0-0ce0-fa1c988b04b4" testName="OutletXTest" computerName="CLPR9K5797" testType="13cdc9d9-ddb5-4fa4-a97d-d965ccfc6d4b" outcome="NotExecuted" testListId="8c84fa94-04c1-424b-9868-57a2d4851a1d" relativeResultsDirectory="0a638bb8-19a4-41ba-906a-fd23dd214430">
    </UnitTestResult>
    <UnitTestResult executionId="422e9b10-d524-4257-ba72-d33ea1a6398e" testId="6c794108-9512-4cfe-399f-069beac41e67" testName="LegacyIDTest" computerName="CLPR9K5797" testType="13cdc9d9-ddb5-4fa4-a97d-d965ccfc6d4b" outcome="NotExecuted" testListId="8c84fa94-04c1-424b-9868-57a2d4851a1d" relativeResultsDirectory="422e9b10-d524-4257-ba72-d33ea1a6398e">
    </UnitTestResult>
    <UnitTestResult executionId="0ad89774-1352-4470-8f34-5439ec640077" testId="77c02662-9d79-5d8c-2ce3-01f820b23fd3" testName="miscConstructorTest" computerName="CLPR9K5797" testType="13cdc9d9-ddb5-4fa4-a97d-d965ccfc6d4b" outcome="NotExecuted" testListId="8c84fa94-04c1-424b-9868-57a2d4851a1d" relativeResultsDirectory="0ad89774-1352-4470-8f34-5439ec640077">
    </UnitTestResult>
    <UnitTestResult executionId="48639ea0-710a-4344-8cae-6257da0212a0" testId="7937e4e8-872d-6b6c-9b61-34f1e84fe2dd" testName="grid_scaleTest" computerName="CLPR9K5797" testType="13cdc9d9-ddb5-4fa4-a97d-d965ccfc6d4b" outcome="NotExecuted" testListId="8c84fa94-04c1-424b-9868-57a2d4851a1d" relativeResultsDirectory="48639ea0-710a-4344-8cae-6257da0212a0">
    </UnitTestResult>
    <UnitTestResult executionId="02ade565-5cda-4cf2-9188-912c1ca3a5a4" testId="7e4cf5a5-5b1c-0932-8559-35accf7c452d" testName="VesselInformationConstructorTest" computerName="CLPR9K5797" testType="13cdc9d9-ddb5-4fa4-a97d-d965ccfc6d4b" outcome="NotExecuted" testListId="8c84fa94-04c1-424b-9868-57a2d4851a1d" relativeResultsDirectory="02ade565-5cda-4cf2-9188-912c1ca3a5a4">
    </UnitTestResult>
    <UnitTestResult executionId="5cb58b1b-2556-4531-b3a2-a21e832fe1fc" testId="85be2481-f02f-6177-a926-23d7d1e77482" testName="OutletCalNumberingTest" computerName="CLPR9K5797" testType="13cdc9d9-ddb5-4fa4-a97d-d965ccfc6d4b" outcome="NotExecuted" testListId="8c84fa94-04c1-424b-9868-57a2d4851a1d" relativeResultsDirectory="5cb58b1b-2556-4531-b3a2-a21e832fe1fc">
    </UnitTestResult>
    <UnitTestResult executionId="a8a491eb-2ecb-478e-ba5e-39b4374446b5" testId="86b705c7-9972-2979-5c9c-3e03d4230724" testName="UnitTest" computerName="CLPR9K5797" testType="13cdc9d9-ddb5-4fa4-a97d-d965ccfc6d4b" outcome="NotExecuted" testListId="8c84fa94-04c1-424b-9868-57a2d4851a1d" relativeResultsDirectory="a8a491eb-2ecb-478e-ba5e-39b4374446b5">
    </UnitTestResult>
    <UnitTestResult executionId="9a6d5a6f-5f21-4daf-9663-2409c8a8ac02" testId="8792450d-bd76-961c-f757-852e8d4d4052" testName="OutletYTest" computerName="CLPR9K5797" testType="13cdc9d9-ddb5-4fa4-a97d-d965ccfc6d4b" outcome="NotExecuted" testListId="8c84fa94-04c1-424b-9868-57a2d4851a1d" relativeResultsDirectory="9a6d5a6f-5f21-4daf-9663-2409c8a8ac02">
    </UnitTestResult>
    <UnitTestResult executionId="99b83850-b869-4751-a77c-0f4a40106c06" testId="88625e9d-086d-6f95-871a-ba00a3118136" testName="XLabelTest" computerName="CLPR9K5797" testType="13cdc9d9-ddb5-4fa4-a97d-d965ccfc6d4b" outcome="NotExecuted" testListId="8c84fa94-04c1-424b-9868-57a2d4851a1d" relativeResultsDirectory="99b83850-b869-4751-a77c-0f4a40106c06">
    </UnitTestResult>
    <UnitTestResult executionId="b945ce75-6daa-4671-9ef1-1996f87ce651" testId="8f58cb54-4ad6-c1b3-da03-dbae73442545" testName="YDesignationTest" computerName="CLPR9K5797" testType="13cdc9d9-ddb5-4fa4-a97d-d965ccfc6d4b" outcome="NotExecuted" testListId="8c84fa94-04c1-424b-9868-57a2d4851a1d" relativeResultsDirectory="b945ce75-6daa-4671-9ef1-1996f87ce651">
    </UnitTestResult>
    <UnitTestResult executionId="03e27cd2-2ef5-4ce4-8b0d-f9814df776c1" testId="983e7fff-d653-565a-d54b-a93994949ed4" testName="foreground_colorTest" computerName="CLPR9K5797" testType="13cdc9d9-ddb5-4fa4-a97d-d965ccfc6d4b" outcome="NotExecuted" testListId="8c84fa94-04c1-424b-9868-57a2d4851a1d" relativeResultsDirectory="03e27cd2-2ef5-4ce4-8b0d-f9814df776c1">
    </UnitTestResult>
    <UnitTestResult executionId="09108fda-5f06-41c2-a79d-3e8e610ae64e" testId="995bd025-5efd-2416-d859-789130a1bdb4" testName="InletCalNumberingTest" computerName="CLPR9K5797" testType="13cdc9d9-ddb5-4fa4-a97d-d965ccfc6d4b" outcome="NotExecuted" testListId="8c84fa94-04c1-424b-9868-57a2d4851a1d" relativeResultsDirectory="09108fda-5f06-41c2-a79d-3e8e610ae64e">
    </UnitTestResult>
    <UnitTestResult executionId="fca28263-a6a7-4273-98ca-63d9a7ce8e9f" testId="a1a16247-5410-d687-ca1d-14a49f040f67" testName="IntletDisplaySymbolIDTest" computerName="CLPR9K5797" testType="13cdc9d9-ddb5-4fa4-a97d-d965ccfc6d4b" outcome="NotExecuted" testListId="8c84fa94-04c1-424b-9868-57a2d4851a1d" relativeResultsDirectory="fca28263-a6a7-4273-98ca-63d9a7ce8e9f">
    </UnitTestResult>
    <UnitTestResult executionId="d8db292a-9e8b-4cb1-8657-8459e21fb556" testId="a5c962c3-516d-a59e-ac49-d473361634e5" testName="TubeConstructorTest" computerName="CLPR9K5797" testType="13cdc9d9-ddb5-4fa4-a97d-d965ccfc6d4b" outcome="NotExecuted" testListId="8c84fa94-04c1-424b-9868-57a2d4851a1d" relativeResultsDirectory="d8db292a-9e8b-4cb1-8657-8459e21fb556">
    </UnitTestResult>
    <UnitTestResult executionId="c6d97cc9-7576-4b59-8bb7-77625f8f32cc" testId="ad85d900-8b15-e0db-270b-0fe6dc68b1e5" testName="InletXTest" computerName="CLPR9K5797" testType="13cdc9d9-ddb5-4fa4-a97d-d965ccfc6d4b" outcome="NotExecuted" testListId="8c84fa94-04c1-424b-9868-57a2d4851a1d" relativeResultsDirectory="c6d97cc9-7576-4b59-8bb7-77625f8f32cc">
    </UnitTestResult>
    <UnitTestResult executionId="bfba9f1e-73fc-4034-b460-6e43699e3509" testId="b169d9f8-48e9-c1ab-f1d0-4527e9150cd3" testName="InletChannelHeadTest" computerName="CLPR9K5797" testType="13cdc9d9-ddb5-4fa4-a97d-d965ccfc6d4b" outcome="NotExecuted" testListId="8c84fa94-04c1-424b-9868-57a2d4851a1d" relativeResultsDirectory="bfba9f1e-73fc-4034-b460-6e43699e3509">
    </UnitTestResult>
    <UnitTestResult executionId="e7aab7db-0e54-47d9-8295-0d6942b7f186" testId="b2057306-c5e9-1add-e7f7-af5dd9b426ff" testName="ModelDesignationTest" computerName="CLPR9K5797" testType="13cdc9d9-ddb5-4fa4-a97d-d965ccfc6d4b" outcome="NotExecuted" testListId="8c84fa94-04c1-424b-9868-57a2d4851a1d" relativeResultsDirectory="e7aab7db-0e54-47d9-8295-0d6942b7f186">
    </UnitTestResult>
    <UnitTestResult executionId="493deea3-a65f-4f3e-800a-8ebc4baf1da4" testId="b2c71200-05d2-c464-d78a-06f6f0f9cb57" testName="YxXyNotationTest" computerName="CLPR9K5797" testType="13cdc9d9-ddb5-4fa4-a97d-d965ccfc6d4b" outcome="NotExecuted" testListId="8c84fa94-04c1-424b-9868-57a2d4851a1d" relativeResultsDirectory="493deea3-a65f-4f3e-800a-8ebc4baf1da4">
    </UnitTestResult>
    <UnitTestResult executionId="4ae11dd6-62a1-4b02-a960-7e9c461e5c6d" testId="b6b9b077-2616-106e-0759-3bac9fb0a311" testName="SectionLabelTest" computerName="CLPR9K5797" testType="13cdc9d9-ddb5-4fa4-a97d-d965ccfc6d4b" outcome="NotExecuted" testListId="8c84fa94-04c1-424b-9868-57a2d4851a1d" relativeResultsDirectory="4ae11dd6-62a1-4b02-a960-7e9c461e5c6d">
    </UnitTestResult>
    <UnitTestResult executionId="5af30861-ccd8-4064-a883-fc2b83a07045" testId="c3da0222-7ce6-132e-b376-ad5fdce6bbe7" testName="InletYTest" computerName="CLPR9K5797" testType="13cdc9d9-ddb5-4fa4-a97d-d965ccfc6d4b" outcome="NotExecuted" testListId="8c84fa94-04c1-424b-9868-57a2d4851a1d" relativeResultsDirectory="5af30861-ccd8-4064-a883-fc2b83a07045">
    </UnitTestResult>
    <UnitTestResult executionId="6a57f460-b035-486f-8ff7-7de9e5686377" testId="ce4ae171-8b1c-e94a-6046-f6f7f8e80412" testName="grid_colorTest" computerName="CLPR9K5797" testType="13cdc9d9-ddb5-4fa4-a97d-d965ccfc6d4b" outcome="NotExecuted" testListId="8c84fa94-04c1-424b-9868-57a2d4851a1d" relativeResultsDirectory="6a57f460-b035-486f-8ff7-7de9e5686377">
    </UnitTestResult>
    <UnitTestResult executionId="2345408f-2c3c-44c2-8128-10f8fd63f6ee" testId="ce9085de-45bf-256a-44f0-6cd789b25d2f" testName="MinimumTubeRadiusTest" computerName="CLPR9K5797" testType="13cdc9d9-ddb5-4fa4-a97d-d965ccfc6d4b" outcome="NotExecuted" testListId="8c84fa94-04c1-424b-9868-57a2d4851a1d" relativeResultsDirectory="2345408f-2c3c-44c2-8128-10f8fd63f6ee">
    </UnitTestResult>
    <UnitTestResult executionId="35b1d2e5-e299-4efd-8c03-1f6378bc4a8a" testId="da63952a-891e-c736-3ada-6df53f00898a" testName="SectionDesignationTest" computerName="CLPR9K5797" testType="13cdc9d9-ddb5-4fa4-a97d-d965ccfc6d4b" outcome="NotExecuted" testListId="8c84fa94-04c1-424b-9868-57a2d4851a1d" relativeResultsDirectory="35b1d2e5-e299-4efd-8c03-1f6378bc4a8a">
    </UnitTestResult>
    <UnitTestResult executionId="4bb0a7d4-8b30-44f4-aa7b-7cae9b4d9bf5" testId="de393f97-7194-a95f-30b4-c65d3ce26f75" testName="OutletVesselIDTest" computerName="CLPR9K5797" testType="13cdc9d9-ddb5-4fa4-a97d-d965ccfc6d4b" outcome="NotExecuted" testListId="8c84fa94-04c1-424b-9868-57a2d4851a1d" relativeResultsDirectory="4bb0a7d4-8b30-44f4-aa7b-7cae9b4d9bf5">
    </UnitTestResult>
    <UnitTestResult executionId="8c2ec56e-5012-4e93-ae7f-8311d0c96c28" testId="e01e71af-91f5-cd9d-b9a2-e433f623a001" testName="UtilityNameTest" computerName="CLPR9K5797" testType="13cdc9d9-ddb5-4fa4-a97d-d965ccfc6d4b" outcome="NotExecuted" testListId="8c84fa94-04c1-424b-9868-57a2d4851a1d" relativeResultsDirectory="8c2ec56e-5012-4e93-ae7f-8311d0c96c28">
    </UnitTestResult>
    <UnitTestResult executionId="eadaeeca-881f-4c58-9bdf-234e4bf0273c" testId="e20639a1-e3ac-5227-0fa6-529036098c15" testName="background_colorTest" computerName="CLPR9K5797" testType="13cdc9d9-ddb5-4fa4-a97d-d965ccfc6d4b" outcome="NotExecuted" testListId="8c84fa94-04c1-424b-9868-57a2d4851a1d" relativeResultsDirectory="eadaeeca-881f-4c58-9bdf-234e4bf0273c">
    </UnitTestResult>
    <UnitTestResult executionId="77301871-caf4-4870-b57e-13cdc5fa8669" testId="ecc15bfd-60f9-5125-4547-4de1352adeee" testName="symbol_sizeTest" computerName="CLPR9K5797" testType="13cdc9d9-ddb5-4fa4-a97d-d965ccfc6d4b" outcome="NotExecuted" testListId="8c84fa94-04c1-424b-9868-57a2d4851a1d" relativeResultsDirectory="77301871-caf4-4870-b57e-13cdc5fa8669">
    </UnitTestResult>
    <UnitTestResult executionId="0f68b323-c512-4819-b519-94191ebd2b88" testId="f06db92a-baa1-e523-c30b-12ff004e6373" testName="MaterialIDTest" computerName="CLPR9K5797" testType="13cdc9d9-ddb5-4fa4-a97d-d965ccfc6d4b" outcome="NotExecuted" testListId="8c84fa94-04c1-424b-9868-57a2d4851a1d" relativeResultsDirectory="0f68b323-c512-4819-b519-94191ebd2b88">
    </UnitTestResult>
    <UnitTestResult executionId="2819a101-2291-4014-a7da-dcef2d4ed6f5" testId="f46dde03-01d9-ecfa-51fc-3b81caa02ca8" testName="YLabelTest" computerName="CLPR9K5797" testType="13cdc9d9-ddb5-4fa4-a97d-d965ccfc6d4b" outcome="NotExecuted" testListId="8c84fa94-04c1-424b-9868-57a2d4851a1d" relativeResultsDirectory="2819a101-2291-4014-a7da-dcef2d4ed6f5">
    </UnitTestResult>
    <UnitTestResult executionId="c2d257bc-7141-483f-b9e5-75b7e4e50066" testId="f722bce2-18b8-5d04-bf89-e49deb2d591b" testName="BowlRadiusTest" computerName="CLPR9K5797" testType="13cdc9d9-ddb5-4fa4-a97d-d965ccfc6d4b" outcome="NotExecuted" testListId="8c84fa94-04c1-424b-9868-57a2d4851a1d" relativeResultsDirectory="c2d257bc-7141-483f-b9e5-75b7e4e50066">
    </UnitTestResult>
    <UnitTestResult executionId="43a3d3a2-7161-426c-988c-05f990763615" testId="fd010e4f-ec11-356d-71a2-987599af96ee" testName="ToStringTest" computerName="CLPR9K5797" testType="13cdc9d9-ddb5-4fa4-a97d-d965ccfc6d4b" outcome="NotExecuted" testListId="8c84fa94-04c1-424b-9868-57a2d4851a1d" relativeResultsDirectory="43a3d3a2-7161-426c-988c-05f990763615">
    </UnitTestResult>
    <UnitTestResult executionId="d4a00734-d927-4b42-8c0a-8bc7cb7a7170" testId="fdeca077-1731-5789-f6c7-97ee935d2199" testName="text_colorTest" computerName="CLPR9K5797" testType="13cdc9d9-ddb5-4fa4-a97d-d965ccfc6d4b" outcome="NotExecuted" testListId="8c84fa94-04c1-424b-9868-57a2d4851a1d" relativeResultsDirectory="d4a00734-d927-4b42-8c0a-8bc7cb7a7170">
    </UnitTestResult>
  </Results>
</TestRun>