<?xml version="1.0" encoding="UTF-8"?>
<TestRun id="ad472e8c-33f1-48a1-8d4b-cd1ca52d7ab3" name="shsimpson@CLPR9K5797 2014-07-02 13:08:12" runUser="BWES\shsimpson" xmlns="http://microsoft.com/schemas/VisualStudio/TeamTest/2010">
  <TestSettings name="Local" id="c8ac5721-ddb3-4dfb-8f66-2f5de01df2a9">
    <Description>These are default test settings for a local test run.</Description>
    <Deployment runDeploymentRoot="shsimpson_CLPR9K5797 2014-07-02 13_08_12">
      <DeploymentItem filename="ZetecXMLModelsUnitTests\BGA-33110-SG.xml" />
      <DeploymentItem filename="C:\Users\SHSimpson\Documents\Visual Studio 2010\Projects\ZetecXMLModels\ZetecXMLModels\bin\Debug\ZetecXMLModels.dll" />
    </Deployment>
    <Execution>
      <TestTypeSpecific>
        <UnitTestRunConfig testTypeId="13cdc9d9-ddb5-4fa4-a97d-d965ccfc6d4b">
          <AssemblyResolution>
            <TestDirectory useLoadContext="true" />
          </AssemblyResolution>
        </UnitTestRunConfig>
      </TestTypeSpecific>
      <AgentRule name="Execution Agents">
      </AgentRule>
    </Execution>
  </TestSettings>
  <Times creation="2014-07-02T13:08:12.2066506-04:00" queuing="2014-07-02T13:08:12.9647264-04:00" start="2014-07-02T13:08:13.0667366-04:00" finish="2014-07-02T13:08:15.0449344-04:00" />
  <ResultSummary outcome="Failed">
    <Counters total="52" executed="52" passed="49" error="0" failed="3" timeout="0" aborted="0" inconclusive="0" passedButRunAborted="0" notRunnable="0" notExecuted="0" disconnected="0" warning="0" completed="0" inProgress="0" pending="0" />
    <Output>
      <DebugTrace>4210
Misc Options
-------------
#2519fa: Text Color:		
#14a80a: Grid Color:		
#871199: Group Outline Color:		
#090947: BG Color:		
#ffffff: FG Color:		
10: Grid Scale:		
12: Symbol Size:		
18.76: Pixels per Inch:	
</DebugTrace>
    </Output>
  </ResultSummary>
  <TestDefinitions>
    <UnitTest name="YDesignationTest" storage="c:\users\shsimpson\documents\visual studio 2010\projects\zetecxmlmodels\zetecxmlmodelsunittests\bin\debug\zetecxmlmodelsunittests.dll" id="8f58cb54-4ad6-c1b3-da03-dbae73442545">
      <Execution id="77de0b2b-932e-4eba-894a-76434a941bbd" />
      <TestMethod codeBase="C:/Users/SHSimpson/Documents/Visual Studio 2010/Projects/ZetecXMLModels/ZetecXMLModelsUnitTests/bin/Debug/ZetecXMLModelsUnitTests.DLL" adapterTypeName="Microsoft.VisualStudio.TestTools.TestTypes.Unit.UnitTestAdapter, Microsoft.VisualStudio.QualityTools.Tips.UnitTest.Adapter, Version=10.0.0.0, Culture=neutral, PublicKeyToken=b03f5f7f11d50a3a" className="ZetecXMLModelsUnitTests.VesselInformationTest, ZetecXMLModelsUnitTests, Version=1.0.0.0, Culture=neutral, PublicKeyToken=null" name="YDesignationTest" />
    </UnitTest>
    <UnitTest name="group_outline_colorTest" storage="c:\users\shsimpson\documents\visual studio 2010\projects\zetecxmlmodels\zetecxmlmodelsunittests\bin\debug\zetecxmlmodelsunittests.dll" id="4ca59c4a-1586-4df3-4c18-8aad9b220064">
      <Execution id="1c783554-84ad-4833-8536-96c25cbc1077" />
      <TestMethod codeBase="C:/Users/SHSimpson/Documents/Visual Studio 2010/Projects/ZetecXMLModels/ZetecXMLModelsUnitTests/bin/Debug/ZetecXMLModelsUnitTests.DLL" adapterTypeName="Microsoft.VisualStudio.TestTools.TestTypes.Unit.UnitTestAdapter, Microsoft.VisualStudio.QualityTools.Tips.UnitTest.Adapter, Version=10.0.0.0, Culture=neutral, PublicKeyToken=b03f5f7f11d50a3a" className="ZetecXMLModelsUnitTests.miscTest, ZetecXMLModelsUnitTests, Version=1.0.0.0, Culture=neutral, PublicKeyToken=null" name="group_outline_colorTest" />
    </UnitTest>
    <UnitTest name="YLabelTest" storage="c:\users\shsimpson\documents\visual studio 2010\projects\zetecxmlmodels\zetecxmlmodelsunittests\bin\debug\zetecxmlmodelsunittests.dll" id="f46dde03-01d9-ecfa-51fc-3b81caa02ca8">
      <Execution id="6c9a52ef-31aa-4079-9355-0775c872ce56" />
      <TestMethod codeBase="C:/Users/SHSimpson/Documents/Visual Studio 2010/Projects/ZetecXMLModels/ZetecXMLModelsUnitTests/bin/Debug/ZetecXMLModelsUnitTests.DLL" adapterTypeName="Microsoft.VisualStudio.TestTools.TestTypes.Unit.UnitTestAdapter, Microsoft.VisualStudio.QualityTools.Tips.UnitTest.Adapter, Version=10.0.0.0, Culture=neutral, PublicKeyToken=b03f5f7f11d50a3a" className="ZetecXMLModelsUnitTests.TubeTest, ZetecXMLModelsUnitTests, Version=1.0.0.0, Culture=neutral, PublicKeyToken=null" name="YLabelTest" />
    </UnitTest>
    <UnitTest name="GridXTest" storage="c:\users\shsimpson\documents\visual studio 2010\projects\zetecxmlmodels\zetecxmlmodelsunittests\bin\debug\zetecxmlmodelsunittests.dll" id="02a94f3f-28bb-d371-d770-2b28d3740a73">
      <Execution id="fce34037-cc2e-4866-b76d-21602c1403a9" />
      <TestMethod codeBase="C:/Users/SHSimpson/Documents/Visual Studio 2010/Projects/ZetecXMLModels/ZetecXMLModelsUnitTests/bin/Debug/ZetecXMLModelsUnitTests.DLL" adapterTypeName="Microsoft.VisualStudio.TestTools.TestTypes.Unit.UnitTestAdapter, Microsoft.VisualStudio.QualityTools.Tips.UnitTest.Adapter, Version=10.0.0.0, Culture=neutral, PublicKeyToken=b03f5f7f11d50a3a" className="ZetecXMLModelsUnitTests.TubeTest, ZetecXMLModelsUnitTests, Version=1.0.0.0, Culture=neutral, PublicKeyToken=null" name="GridXTest" />
    </UnitTest>
    <UnitTest name="GridYTest" storage="c:\users\shsimpson\documents\visual studio 2010\projects\zetecxmlmodels\zetecxmlmodelsunittests\bin\debug\zetecxmlmodelsunittests.dll" id="0a0c6ae0-e8e4-d050-e17f-dc3dfadf4a27">
      <Execution id="0e76e2a7-2f06-4d7f-8b6c-11a8bb7c4d6f" />
      <TestMethod codeBase="C:/Users/SHSimpson/Documents/Visual Studio 2010/Projects/ZetecXMLModels/ZetecXMLModelsUnitTests/bin/Debug/ZetecXMLModelsUnitTests.DLL" adapterTypeName="Microsoft.VisualStudio.TestTools.TestTypes.Unit.UnitTestAdapter, Microsoft.VisualStudio.QualityTools.Tips.UnitTest.Adapter, Version=10.0.0.0, Culture=neutral, PublicKeyToken=b03f5f7f11d50a3a" className="ZetecXMLModelsUnitTests.TubeTest, ZetecXMLModelsUnitTests, Version=1.0.0.0, Culture=neutral, PublicKeyToken=null" name="GridYTest" />
    </UnitTest>
    <UnitTest name="BowlRadiusTest" storage="c:\users\shsimpson\documents\visual studio 2010\projects\zetecxmlmodels\zetecxmlmodelsunittests\bin\debug\zetecxmlmodelsunittests.dll" id="f722bce2-18b8-5d04-bf89-e49deb2d591b">
      <Execution id="5188272f-a45b-4451-8bde-9c74ced4df1b" />
      <TestMethod codeBase="C:/Users/SHSimpson/Documents/Visual Studio 2010/Projects/ZetecXMLModels/ZetecXMLModelsUnitTests/bin/Debug/ZetecXMLModelsUnitTests.DLL" adapterTypeName="Microsoft.VisualStudio.TestTools.TestTypes.Unit.UnitTestAdapter, Microsoft.VisualStudio.QualityTools.Tips.UnitTest.Adapter, Version=10.0.0.0, Culture=neutral, PublicKeyToken=b03f5f7f11d50a3a" className="ZetecXMLModelsUnitTests.VesselInformationTest, ZetecXMLModelsUnitTests, Version=1.0.0.0, Culture=neutral, PublicKeyToken=null" name="BowlRadiusTest" />
    </UnitTest>
    <UnitTest name="PlantNameTest" storage="c:\users\shsimpson\documents\visual studio 2010\projects\zetecxmlmodels\zetecxmlmodelsunittests\bin\debug\zetecxmlmodelsunittests.dll" id="10b01f1c-7c65-5527-c45d-c3020c2cdb4d">
      <Execution id="3adcfec5-2cc7-4595-8044-2191ca0dc55e" />
      <TestMethod codeBase="C:/Users/SHSimpson/Documents/Visual Studio 2010/Projects/ZetecXMLModels/ZetecXMLModelsUnitTests/bin/Debug/ZetecXMLModelsUnitTests.DLL" adapterTypeName="Microsoft.VisualStudio.TestTools.TestTypes.Unit.UnitTestAdapter, Microsoft.VisualStudio.QualityTools.Tips.UnitTest.Adapter, Version=10.0.0.0, Culture=neutral, PublicKeyToken=b03f5f7f11d50a3a" className="ZetecXMLModelsUnitTests.VesselInformationTest, ZetecXMLModelsUnitTests, Version=1.0.0.0, Culture=neutral, PublicKeyToken=null" name="PlantNameTest" />
    </UnitTest>
    <UnitTest name="IDTest" storage="c:\users\shsimpson\documents\visual studio 2010\projects\zetecxmlmodels\zetecxmlmodelsunittests\bin\debug\zetecxmlmodelsunittests.dll" id="36391e30-c188-1acc-8ecc-1e01672d00a5">
      <Execution id="03d47b3d-449b-4431-ae8e-16dd0d32fb81" />
      <TestMethod codeBase="C:/Users/SHSimpson/Documents/Visual Studio 2010/Projects/ZetecXMLModels/ZetecXMLModelsUnitTests/bin/Debug/ZetecXMLModelsUnitTests.DLL" adapterTypeName="Microsoft.VisualStudio.TestTools.TestTypes.Unit.UnitTestAdapter, Microsoft.VisualStudio.QualityTools.Tips.UnitTest.Adapter, Version=10.0.0.0, Culture=neutral, PublicKeyToken=b03f5f7f11d50a3a" className="ZetecXMLModelsUnitTests.TubeTest, ZetecXMLModelsUnitTests, Version=1.0.0.0, Culture=neutral, PublicKeyToken=null" name="IDTest" />
    </UnitTest>
    <UnitTest name="miscConstructorTest" storage="c:\users\shsimpson\documents\visual studio 2010\projects\zetecxmlmodels\zetecxmlmodelsunittests\bin\debug\zetecxmlmodelsunittests.dll" id="77c02662-9d79-5d8c-2ce3-01f820b23fd3">
      <Execution id="ad35b2df-c1d5-45f8-86bd-a9e93e802ad6" />
      <TestMethod codeBase="C:/Users/SHSimpson/Documents/Visual Studio 2010/Projects/ZetecXMLModels/ZetecXMLModelsUnitTests/bin/Debug/ZetecXMLModelsUnitTests.DLL" adapterTypeName="Microsoft.VisualStudio.TestTools.TestTypes.Unit.UnitTestAdapter, Microsoft.VisualStudio.QualityTools.Tips.UnitTest.Adapter, Version=10.0.0.0, Culture=neutral, PublicKeyToken=b03f5f7f11d50a3a" className="ZetecXMLModelsUnitTests.miscTest, ZetecXMLModelsUnitTests, Version=1.0.0.0, Culture=neutral, PublicKeyToken=null" name="miscConstructorTest" />
    </UnitTest>
    <UnitTest name="OutletCalNumberingTest" storage="c:\users\shsimpson\documents\visual studio 2010\projects\zetecxmlmodels\zetecxmlmodelsunittests\bin\debug\zetecxmlmodelsunittests.dll" id="85be2481-f02f-6177-a926-23d7d1e77482">
      <Execution id="ee89b20c-dd08-4269-a7fe-3abd0fa6a4f7" />
      <TestMethod codeBase="C:/Users/SHSimpson/Documents/Visual Studio 2010/Projects/ZetecXMLModels/ZetecXMLModelsUnitTests/bin/Debug/ZetecXMLModelsUnitTests.DLL" adapterTypeName="Microsoft.VisualStudio.TestTools.TestTypes.Unit.UnitTestAdapter, Microsoft.VisualStudio.QualityTools.Tips.UnitTest.Adapter, Version=10.0.0.0, Culture=neutral, PublicKeyToken=b03f5f7f11d50a3a" className="ZetecXMLModelsUnitTests.VesselInformationTest, ZetecXMLModelsUnitTests, Version=1.0.0.0, Culture=neutral, PublicKeyToken=null" name="OutletCalNumberingTest" />
    </UnitTest>
    <UnitTest name="InletVesselIDTest" storage="c:\users\shsimpson\documents\visual studio 2010\projects\zetecxmlmodels\zetecxmlmodelsunittests\bin\debug\zetecxmlmodelsunittests.dll" id="26a6f9cf-ce57-ec6e-485b-7271debaf27e">
      <Execution id="10d17099-e6a8-4bae-8928-0fa03f278318" />
      <TestMethod codeBase="C:/Users/SHSimpson/Documents/Visual Studio 2010/Projects/ZetecXMLModels/ZetecXMLModelsUnitTests/bin/Debug/ZetecXMLModelsUnitTests.DLL" adapterTypeName="Microsoft.VisualStudio.TestTools.TestTypes.Unit.UnitTestAdapter, Microsoft.VisualStudio.QualityTools.Tips.UnitTest.Adapter, Version=10.0.0.0, Culture=neutral, PublicKeyToken=b03f5f7f11d50a3a" className="ZetecXMLModelsUnitTests.VesselInformationTest, ZetecXMLModelsUnitTests, Version=1.0.0.0, Culture=neutral, PublicKeyToken=null" name="InletVesselIDTest" />
    </UnitTest>
    <UnitTest name="background_colorTest" storage="c:\users\shsimpson\documents\visual studio 2010\projects\zetecxmlmodels\zetecxmlmodelsunittests\bin\debug\zetecxmlmodelsunittests.dll" id="e20639a1-e3ac-5227-0fa6-529036098c15">
      <Execution id="8ae29f77-dd4f-4231-8257-4ea7d8ba1fcb" />
      <TestMethod codeBase="C:/Users/SHSimpson/Documents/Visual Studio 2010/Projects/ZetecXMLModels/ZetecXMLModelsUnitTests/bin/Debug/ZetecXMLModelsUnitTests.DLL" adapterTypeName="Microsoft.VisualStudio.TestTools.TestTypes.Unit.UnitTestAdapter, Microsoft.VisualStudio.QualityTools.Tips.UnitTest.Adapter, Version=10.0.0.0, Culture=neutral, PublicKeyToken=b03f5f7f11d50a3a" className="ZetecXMLModelsUnitTests.miscTest, ZetecXMLModelsUnitTests, Version=1.0.0.0, Culture=neutral, PublicKeyToken=null" name="background_colorTest" />
    </UnitTest>
    <UnitTest name="XDesignationTest" storage="c:\users\shsimpson\documents\visual studio 2010\projects\zetecxmlmodels\zetecxmlmodelsunittests\bin\debug\zetecxmlmodelsunittests.dll" id="13b8ffb4-6016-64ca-e887-e1f08ede3f60">
      <Execution id="323005b1-51e7-43e4-bcb7-fb2e31abc041" />
      <TestMethod codeBase="C:/Users/SHSimpson/Documents/Visual Studio 2010/Projects/ZetecXMLModels/ZetecXMLModelsUnitTests/bin/Debug/ZetecXMLModelsUnitTests.DLL" adapterTypeName="Microsoft.VisualStudio.TestTools.TestTypes.Unit.UnitTestAdapter, Microsoft.VisualStudio.QualityTools.Tips.UnitTest.Adapter, Version=10.0.0.0, Culture=neutral, PublicKeyToken=b03f5f7f11d50a3a" className="ZetecXMLModelsUnitTests.VesselInformationTest, ZetecXMLModelsUnitTests, Version=1.0.0.0, Culture=neutral, PublicKeyToken=null" name="XDesignationTest" />
    </UnitTest>
    <UnitTest name="text_colorTest" storage="c:\users\shsimpson\documents\visual studio 2010\projects\zetecxmlmodels\zetecxmlmodelsunittests\bin\debug\zetecxmlmodelsunittests.dll" id="fdeca077-1731-5789-f6c7-97ee935d2199">
      <Execution id="a0c323e3-56e5-4bbe-82ec-ddbdeac72d7c" />
      <TestMethod codeBase="C:/Users/SHSimpson/Documents/Visual Studio 2010/Projects/ZetecXMLModels/ZetecXMLModelsUnitTests/bin/Debug/ZetecXMLModelsUnitTests.DLL" adapterTypeName="Microsoft.VisualStudio.TestTools.TestTypes.Unit.UnitTestAdapter, Microsoft.VisualStudio.QualityTools.Tips.UnitTest.Adapter, Version=10.0.0.0, Culture=neutral, PublicKeyToken=b03f5f7f11d50a3a" className="ZetecXMLModelsUnitTests.miscTest, ZetecXMLModelsUnitTests, Version=1.0.0.0, Culture=neutral, PublicKeyToken=null" name="text_colorTest" />
    </UnitTest>
    <UnitTest name="grid_colorTest" storage="c:\users\shsimpson\documents\visual studio 2010\projects\zetecxmlmodels\zetecxmlmodelsunittests\bin\debug\zetecxmlmodelsunittests.dll" id="ce4ae171-8b1c-e94a-6046-f6f7f8e80412">
      <Execution id="d045276d-e9b3-4ffd-9a53-fd6c35b05d86" />
      <TestMethod codeBase="C:/Users/SHSimpson/Documents/Visual Studio 2010/Projects/ZetecXMLModels/ZetecXMLModelsUnitTests/bin/Debug/ZetecXMLModelsUnitTests.DLL" adapterTypeName="Microsoft.VisualStudio.TestTools.TestTypes.Unit.UnitTestAdapter, Microsoft.VisualStudio.QualityTools.Tips.UnitTest.Adapter, Version=10.0.0.0, Culture=neutral, PublicKeyToken=b03f5f7f11d50a3a" className="ZetecXMLModelsUnitTests.miscTest, ZetecXMLModelsUnitTests, Version=1.0.0.0, Culture=neutral, PublicKeyToken=null" name="grid_colorTest" />
    </UnitTest>
    <UnitTest name="SectionsActiveTest" storage="c:\users\shsimpson\documents\visual studio 2010\projects\zetecxmlmodels\zetecxmlmodelsunittests\bin\debug\zetecxmlmodelsunittests.dll" id="07c79d70-2d05-ff4d-f6cd-1f5ea09a59d1">
      <Execution id="29dc41a8-e8d5-43e9-94f1-7a77e45af9c7" />
      <TestMethod codeBase="C:/Users/SHSimpson/Documents/Visual Studio 2010/Projects/ZetecXMLModels/ZetecXMLModelsUnitTests/bin/Debug/ZetecXMLModelsUnitTests.DLL" adapterTypeName="Microsoft.VisualStudio.TestTools.TestTypes.Unit.UnitTestAdapter, Microsoft.VisualStudio.QualityTools.Tips.UnitTest.Adapter, Version=10.0.0.0, Culture=neutral, PublicKeyToken=b03f5f7f11d50a3a" className="ZetecXMLModelsUnitTests.VesselInformationTest, ZetecXMLModelsUnitTests, Version=1.0.0.0, Culture=neutral, PublicKeyToken=null" name="SectionsActiveTest" />
    </UnitTest>
    <UnitTest name="XLabelTest" storage="c:\users\shsimpson\documents\visual studio 2010\projects\zetecxmlmodels\zetecxmlmodelsunittests\bin\debug\zetecxmlmodelsunittests.dll" id="88625e9d-086d-6f95-871a-ba00a3118136">
      <Execution id="c31416d5-05d3-4d1a-8a39-340ced34c005" />
      <TestMethod codeBase="C:/Users/SHSimpson/Documents/Visual Studio 2010/Projects/ZetecXMLModels/ZetecXMLModelsUnitTests/bin/Debug/ZetecXMLModelsUnitTests.DLL" adapterTypeName="Microsoft.VisualStudio.TestTools.TestTypes.Unit.UnitTestAdapter, Microsoft.VisualStudio.QualityTools.Tips.UnitTest.Adapter, Version=10.0.0.0, Culture=neutral, PublicKeyToken=b03f5f7f11d50a3a" className="ZetecXMLModelsUnitTests.TubeTest, ZetecXMLModelsUnitTests, Version=1.0.0.0, Culture=neutral, PublicKeyToken=null" name="XLabelTest" />
    </UnitTest>
    <UnitTest name="OutletDisplaySymbolIDTest" storage="c:\users\shsimpson\documents\visual studio 2010\projects\zetecxmlmodels\zetecxmlmodelsunittests\bin\debug\zetecxmlmodelsunittests.dll" id="1d65620a-b474-a27f-19c2-672761107b81">
      <Execution id="6746092c-fdf2-4e7c-9437-d0ec368e22b9" />
      <TestMethod codeBase="C:/Users/SHSimpson/Documents/Visual Studio 2010/Projects/ZetecXMLModels/ZetecXMLModelsUnitTests/bin/Debug/ZetecXMLModelsUnitTests.DLL" adapterTypeName="Microsoft.VisualStudio.TestTools.TestTypes.Unit.UnitTestAdapter, Microsoft.VisualStudio.QualityTools.Tips.UnitTest.Adapter, Version=10.0.0.0, Culture=neutral, PublicKeyToken=b03f5f7f11d50a3a" className="ZetecXMLModelsUnitTests.TubeTest, ZetecXMLModelsUnitTests, Version=1.0.0.0, Culture=neutral, PublicKeyToken=null" name="OutletDisplaySymbolIDTest" />
    </UnitTest>
    <UnitTest name="OutletVesselIDTest" storage="c:\users\shsimpson\documents\visual studio 2010\projects\zetecxmlmodels\zetecxmlmodelsunittests\bin\debug\zetecxmlmodelsunittests.dll" id="de393f97-7194-a95f-30b4-c65d3ce26f75">
      <Execution id="d558e397-ac95-4ede-be3b-e4fccca50697" />
      <TestMethod codeBase="C:/Users/SHSimpson/Documents/Visual Studio 2010/Projects/ZetecXMLModels/ZetecXMLModelsUnitTests/bin/Debug/ZetecXMLModelsUnitTests.DLL" adapterTypeName="Microsoft.VisualStudio.TestTools.TestTypes.Unit.UnitTestAdapter, Microsoft.VisualStudio.QualityTools.Tips.UnitTest.Adapter, Version=10.0.0.0, Culture=neutral, PublicKeyToken=b03f5f7f11d50a3a" className="ZetecXMLModelsUnitTests.VesselInformationTest, ZetecXMLModelsUnitTests, Version=1.0.0.0, Culture=neutral, PublicKeyToken=null" name="OutletVesselIDTest" />
    </UnitTest>
    <UnitTest name="UnitTest" storage="c:\users\shsimpson\documents\visual studio 2010\projects\zetecxmlmodels\zetecxmlmodelsunittests\bin\debug\zetecxmlmodelsunittests.dll" id="86b705c7-9972-2979-5c9c-3e03d4230724">
      <Execution id="e6ad3392-cb5a-4ec2-be34-f5b23f80f365" />
      <TestMethod codeBase="C:/Users/SHSimpson/Documents/Visual Studio 2010/Projects/ZetecXMLModels/ZetecXMLModelsUnitTests/bin/Debug/ZetecXMLModelsUnitTests.DLL" adapterTypeName="Microsoft.VisualStudio.TestTools.TestTypes.Unit.UnitTestAdapter, Microsoft.VisualStudio.QualityTools.Tips.UnitTest.Adapter, Version=10.0.0.0, Culture=neutral, PublicKeyToken=b03f5f7f11d50a3a" className="ZetecXMLModelsUnitTests.VesselInformationTest, ZetecXMLModelsUnitTests, Version=1.0.0.0, Culture=neutral, PublicKeyToken=null" name="UnitTest" />
    </UnitTest>
    <UnitTest name="IntletDisplaySymbolIDTest" storage="c:\users\shsimpson\documents\visual studio 2010\projects\zetecxmlmodels\zetecxmlmodelsunittests\bin\debug\zetecxmlmodelsunittests.dll" id="a1a16247-5410-d687-ca1d-14a49f040f67">
      <Execution id="1d86c8f4-04ef-46a7-bb27-a44e048eae3a" />
      <TestMethod codeBase="C:/Users/SHSimpson/Documents/Visual Studio 2010/Projects/ZetecXMLModels/ZetecXMLModelsUnitTests/bin/Debug/ZetecXMLModelsUnitTests.DLL" adapterTypeName="Microsoft.VisualStudio.TestTools.TestTypes.Unit.UnitTestAdapter, Microsoft.VisualStudio.QualityTools.Tips.UnitTest.Adapter, Version=10.0.0.0, Culture=neutral, PublicKeyToken=b03f5f7f11d50a3a" className="ZetecXMLModelsUnitTests.TubeTest, ZetecXMLModelsUnitTests, Version=1.0.0.0, Culture=neutral, PublicKeyToken=null" name="IntletDisplaySymbolIDTest" />
    </UnitTest>
    <UnitTest name="ModelNameTest" storage="c:\users\shsimpson\documents\visual studio 2010\projects\zetecxmlmodels\zetecxmlmodelsunittests\bin\debug\zetecxmlmodelsunittests.dll" id="1b30e23d-b371-e559-363a-b5d56ede01ff">
      <Execution id="bedef09e-3067-4e44-abca-5b2eaebdf9d2" />
      <TestMethod codeBase="C:/Users/SHSimpson/Documents/Visual Studio 2010/Projects/ZetecXMLModels/ZetecXMLModelsUnitTests/bin/Debug/ZetecXMLModelsUnitTests.DLL" adapterTypeName="Microsoft.VisualStudio.TestTools.TestTypes.Unit.UnitTestAdapter, Microsoft.VisualStudio.QualityTools.Tips.UnitTest.Adapter, Version=10.0.0.0, Culture=neutral, PublicKeyToken=b03f5f7f11d50a3a" className="ZetecXMLModelsUnitTests.VesselInformationTest, ZetecXMLModelsUnitTests, Version=1.0.0.0, Culture=neutral, PublicKeyToken=null" name="ModelNameTest" />
    </UnitTest>
    <UnitTest name="ComponentNameTest" storage="c:\users\shsimpson\documents\visual studio 2010\projects\zetecxmlmodels\zetecxmlmodelsunittests\bin\debug\zetecxmlmodelsunittests.dll" id="5092a366-4896-a1d3-4b30-9505f776942e">
      <Execution id="dfdd2455-392a-48a2-9122-281913abebcd" />
      <TestMethod codeBase="C:/Users/SHSimpson/Documents/Visual Studio 2010/Projects/ZetecXMLModels/ZetecXMLModelsUnitTests/bin/Debug/ZetecXMLModelsUnitTests.DLL" adapterTypeName="Microsoft.VisualStudio.TestTools.TestTypes.Unit.UnitTestAdapter, Microsoft.VisualStudio.QualityTools.Tips.UnitTest.Adapter, Version=10.0.0.0, Culture=neutral, PublicKeyToken=b03f5f7f11d50a3a" className="ZetecXMLModelsUnitTests.VesselInformationTest, ZetecXMLModelsUnitTests, Version=1.0.0.0, Culture=neutral, PublicKeyToken=null" name="ComponentNameTest" />
    </UnitTest>
    <UnitTest name="InletCalNumberingTest" storage="c:\users\shsimpson\documents\visual studio 2010\projects\zetecxmlmodels\zetecxmlmodelsunittests\bin\debug\zetecxmlmodelsunittests.dll" id="995bd025-5efd-2416-d859-789130a1bdb4">
      <Execution id="9bca6ea7-4c91-4ef0-87a7-ff0966f08d36" />
      <TestMethod codeBase="C:/Users/SHSimpson/Documents/Visual Studio 2010/Projects/ZetecXMLModels/ZetecXMLModelsUnitTests/bin/Debug/ZetecXMLModelsUnitTests.DLL" adapterTypeName="Microsoft.VisualStudio.TestTools.TestTypes.Unit.UnitTestAdapter, Microsoft.VisualStudio.QualityTools.Tips.UnitTest.Adapter, Version=10.0.0.0, Culture=neutral, PublicKeyToken=b03f5f7f11d50a3a" className="ZetecXMLModelsUnitTests.VesselInformationTest, ZetecXMLModelsUnitTests, Version=1.0.0.0, Culture=neutral, PublicKeyToken=null" name="InletCalNumberingTest" />
    </UnitTest>
    <UnitTest name="MinimumTubeRadiusTest" storage="c:\users\shsimpson\documents\visual studio 2010\projects\zetecxmlmodels\zetecxmlmodelsunittests\bin\debug\zetecxmlmodelsunittests.dll" id="ce9085de-45bf-256a-44f0-6cd789b25d2f">
      <Execution id="0f81fff3-3d07-4009-88a0-d3aa3b02d687" />
      <TestMethod codeBase="C:/Users/SHSimpson/Documents/Visual Studio 2010/Projects/ZetecXMLModels/ZetecXMLModelsUnitTests/bin/Debug/ZetecXMLModelsUnitTests.DLL" adapterTypeName="Microsoft.VisualStudio.TestTools.TestTypes.Unit.UnitTestAdapter, Microsoft.VisualStudio.QualityTools.Tips.UnitTest.Adapter, Version=10.0.0.0, Culture=neutral, PublicKeyToken=b03f5f7f11d50a3a" className="ZetecXMLModelsUnitTests.VesselInformationTest, ZetecXMLModelsUnitTests, Version=1.0.0.0, Culture=neutral, PublicKeyToken=null" name="MinimumTubeRadiusTest" />
    </UnitTest>
    <UnitTest name="OutletYTest" storage="c:\users\shsimpson\documents\visual studio 2010\projects\zetecxmlmodels\zetecxmlmodelsunittests\bin\debug\zetecxmlmodelsunittests.dll" id="8792450d-bd76-961c-f757-852e8d4d4052">
      <Execution id="a99140d2-7a9c-45d0-a239-f510517614f0" />
      <TestMethod codeBase="C:/Users/SHSimpson/Documents/Visual Studio 2010/Projects/ZetecXMLModels/ZetecXMLModelsUnitTests/bin/Debug/ZetecXMLModelsUnitTests.DLL" adapterTypeName="Microsoft.VisualStudio.TestTools.TestTypes.Unit.UnitTestAdapter, Microsoft.VisualStudio.QualityTools.Tips.UnitTest.Adapter, Version=10.0.0.0, Culture=neutral, PublicKeyToken=b03f5f7f11d50a3a" className="ZetecXMLModelsUnitTests.TubeTest, ZetecXMLModelsUnitTests, Version=1.0.0.0, Culture=neutral, PublicKeyToken=null" name="OutletYTest" />
    </UnitTest>
    <UnitTest name="ToStringTest" storage="c:\users\shsimpson\documents\visual studio 2010\projects\zetecxmlmodels\zetecxmlmodelsunittests\bin\debug\zetecxmlmodelsunittests.dll" id="fd010e4f-ec11-356d-71a2-987599af96ee">
      <Execution id="578ba540-dfd2-4480-afd9-948e06461557" />
      <TestMethod codeBase="C:/Users/SHSimpson/Documents/Visual Studio 2010/Projects/ZetecXMLModels/ZetecXMLModelsUnitTests/bin/Debug/ZetecXMLModelsUnitTests.DLL" adapterTypeName="Microsoft.VisualStudio.TestTools.TestTypes.Unit.UnitTestAdapter, Microsoft.VisualStudio.QualityTools.Tips.UnitTest.Adapter, Version=10.0.0.0, Culture=neutral, PublicKeyToken=b03f5f7f11d50a3a" className="ZetecXMLModelsUnitTests.TubeTest, ZetecXMLModelsUnitTests, Version=1.0.0.0, Culture=neutral, PublicKeyToken=null" name="ToStringTest" />
    </UnitTest>
    <UnitTest name="VesselTypeTest" storage="c:\users\shsimpson\documents\visual studio 2010\projects\zetecxmlmodels\zetecxmlmodelsunittests\bin\debug\zetecxmlmodelsunittests.dll" id="12766973-1377-5200-80b8-b3f3d230dccd">
      <Execution id="dbdfe33a-1ef3-45c7-9acf-542ec715fd0b" />
      <TestMethod codeBase="C:/Users/SHSimpson/Documents/Visual Studio 2010/Projects/ZetecXMLModels/ZetecXMLModelsUnitTests/bin/Debug/ZetecXMLModelsUnitTests.DLL" adapterTypeName="Microsoft.VisualStudio.TestTools.TestTypes.Unit.UnitTestAdapter, Microsoft.VisualStudio.QualityTools.Tips.UnitTest.Adapter, Version=10.0.0.0, Culture=neutral, PublicKeyToken=b03f5f7f11d50a3a" className="ZetecXMLModelsUnitTests.VesselInformationTest, ZetecXMLModelsUnitTests, Version=1.0.0.0, Culture=neutral, PublicKeyToken=null" name="VesselTypeTest" />
    </UnitTest>
    <UnitTest name="VesselInformationConstructorTest" storage="c:\users\shsimpson\documents\visual studio 2010\projects\zetecxmlmodels\zetecxmlmodelsunittests\bin\debug\zetecxmlmodelsunittests.dll" id="7e4cf5a5-5b1c-0932-8559-35accf7c452d">
      <Execution id="ceae615b-19d4-4398-bd41-e284e7835afd" />
      <TestMethod codeBase="C:/Users/SHSimpson/Documents/Visual Studio 2010/Projects/ZetecXMLModels/ZetecXMLModelsUnitTests/bin/Debug/ZetecXMLModelsUnitTests.DLL" adapterTypeName="Microsoft.VisualStudio.TestTools.TestTypes.Unit.UnitTestAdapter, Microsoft.VisualStudio.QualityTools.Tips.UnitTest.Adapter, Version=10.0.0.0, Culture=neutral, PublicKeyToken=b03f5f7f11d50a3a" className="ZetecXMLModelsUnitTests.VesselInformationTest, ZetecXMLModelsUnitTests, Version=1.0.0.0, Culture=neutral, PublicKeyToken=null" name="VesselInformationConstructorTest" />
    </UnitTest>
    <UnitTest name="ComponentDesignationTest" storage="c:\users\shsimpson\documents\visual studio 2010\projects\zetecxmlmodels\zetecxmlmodelsunittests\bin\debug\zetecxmlmodelsunittests.dll" id="18c0df62-9e71-531f-0839-9641f985ce05">
      <Execution id="d0a1a3bd-265a-4e88-9d91-4a7ff94882ee" />
      <TestMethod codeBase="C:/Users/SHSimpson/Documents/Visual Studio 2010/Projects/ZetecXMLModels/ZetecXMLModelsUnitTests/bin/Debug/ZetecXMLModelsUnitTests.DLL" adapterTypeName="Microsoft.VisualStudio.TestTools.TestTypes.Unit.UnitTestAdapter, Microsoft.VisualStudio.QualityTools.Tips.UnitTest.Adapter, Version=10.0.0.0, Culture=neutral, PublicKeyToken=b03f5f7f11d50a3a" className="ZetecXMLModelsUnitTests.VesselInformationTest, ZetecXMLModelsUnitTests, Version=1.0.0.0, Culture=neutral, PublicKeyToken=null" name="ComponentDesignationTest" />
    </UnitTest>
    <UnitTest name="ContractorTest" storage="c:\users\shsimpson\documents\visual studio 2010\projects\zetecxmlmodels\zetecxmlmodelsunittests\bin\debug\zetecxmlmodelsunittests.dll" id="498975fa-28ac-56ea-c148-0d358a0c6927">
      <Execution id="f00a2763-2df2-4e9d-bd35-221d5a7e9ea1" />
      <TestMethod codeBase="C:/Users/SHSimpson/Documents/Visual Studio 2010/Projects/ZetecXMLModels/ZetecXMLModelsUnitTests/bin/Debug/ZetecXMLModelsUnitTests.DLL" adapterTypeName="Microsoft.VisualStudio.TestTools.TestTypes.Unit.UnitTestAdapter, Microsoft.VisualStudio.QualityTools.Tips.UnitTest.Adapter, Version=10.0.0.0, Culture=neutral, PublicKeyToken=b03f5f7f11d50a3a" className="ZetecXMLModelsUnitTests.VesselInformationTest, ZetecXMLModelsUnitTests, Version=1.0.0.0, Culture=neutral, PublicKeyToken=null" name="ContractorTest" />
    </UnitTest>
    <UnitTest name="TubeSheetNumberingTypeTest" storage="c:\users\shsimpson\documents\visual studio 2010\projects\zetecxmlmodels\zetecxmlmodelsunittests\bin\debug\zetecxmlmodelsunittests.dll" id="342ab28b-1731-c3f9-fc28-a2a8f9e95cf9">
      <Execution id="7ea30df0-6656-433c-831b-02a79b3079ff" />
      <TestMethod codeBase="C:/Users/SHSimpson/Documents/Visual Studio 2010/Projects/ZetecXMLModels/ZetecXMLModelsUnitTests/bin/Debug/ZetecXMLModelsUnitTests.DLL" adapterTypeName="Microsoft.VisualStudio.TestTools.TestTypes.Unit.UnitTestAdapter, Microsoft.VisualStudio.QualityTools.Tips.UnitTest.Adapter, Version=10.0.0.0, Culture=neutral, PublicKeyToken=b03f5f7f11d50a3a" className="ZetecXMLModelsUnitTests.VesselInformationTest, ZetecXMLModelsUnitTests, Version=1.0.0.0, Culture=neutral, PublicKeyToken=null" name="TubeSheetNumberingTypeTest" />
    </UnitTest>
    <UnitTest name="PlantDesignationTest" storage="c:\users\shsimpson\documents\visual studio 2010\projects\zetecxmlmodels\zetecxmlmodelsunittests\bin\debug\zetecxmlmodelsunittests.dll" id="4947f739-deb8-db54-29ad-f143de8956b0">
      <Execution id="03512079-0ff8-4063-9de0-ad2cbcbb93f3" />
      <TestMethod codeBase="C:/Users/SHSimpson/Documents/Visual Studio 2010/Projects/ZetecXMLModels/ZetecXMLModelsUnitTests/bin/Debug/ZetecXMLModelsUnitTests.DLL" adapterTypeName="Microsoft.VisualStudio.TestTools.TestTypes.Unit.UnitTestAdapter, Microsoft.VisualStudio.QualityTools.Tips.UnitTest.Adapter, Version=10.0.0.0, Culture=neutral, PublicKeyToken=b03f5f7f11d50a3a" className="ZetecXMLModelsUnitTests.VesselInformationTest, ZetecXMLModelsUnitTests, Version=1.0.0.0, Culture=neutral, PublicKeyToken=null" name="PlantDesignationTest" />
    </UnitTest>
    <UnitTest name="MaterialIDTest" storage="c:\users\shsimpson\documents\visual studio 2010\projects\zetecxmlmodels\zetecxmlmodelsunittests\bin\debug\zetecxmlmodelsunittests.dll" id="f06db92a-baa1-e523-c30b-12ff004e6373">
      <Execution id="f4af03e6-439c-40fc-a7c3-94d9025eb09e" />
      <TestMethod codeBase="C:/Users/SHSimpson/Documents/Visual Studio 2010/Projects/ZetecXMLModels/ZetecXMLModelsUnitTests/bin/Debug/ZetecXMLModelsUnitTests.DLL" adapterTypeName="Microsoft.VisualStudio.TestTools.TestTypes.Unit.UnitTestAdapter, Microsoft.VisualStudio.QualityTools.Tips.UnitTest.Adapter, Version=10.0.0.0, Culture=neutral, PublicKeyToken=b03f5f7f11d50a3a" className="ZetecXMLModelsUnitTests.TubeTest, ZetecXMLModelsUnitTests, Version=1.0.0.0, Culture=neutral, PublicKeyToken=null" name="MaterialIDTest" />
    </UnitTest>
    <UnitTest name="SectionDesignationTest" storage="c:\users\shsimpson\documents\visual studio 2010\projects\zetecxmlmodels\zetecxmlmodelsunittests\bin\debug\zetecxmlmodelsunittests.dll" id="da63952a-891e-c736-3ada-6df53f00898a">
      <Execution id="0cfcb21e-d162-4e37-bf41-a97bf33e7ca1" />
      <TestMethod codeBase="C:/Users/SHSimpson/Documents/Visual Studio 2010/Projects/ZetecXMLModels/ZetecXMLModelsUnitTests/bin/Debug/ZetecXMLModelsUnitTests.DLL" adapterTypeName="Microsoft.VisualStudio.TestTools.TestTypes.Unit.UnitTestAdapter, Microsoft.VisualStudio.QualityTools.Tips.UnitTest.Adapter, Version=10.0.0.0, Culture=neutral, PublicKeyToken=b03f5f7f11d50a3a" className="ZetecXMLModelsUnitTests.VesselInformationTest, ZetecXMLModelsUnitTests, Version=1.0.0.0, Culture=neutral, PublicKeyToken=null" name="SectionDesignationTest" />
    </UnitTest>
    <UnitTest name="InletXTest" storage="c:\users\shsimpson\documents\visual studio 2010\projects\zetecxmlmodels\zetecxmlmodelsunittests\bin\debug\zetecxmlmodelsunittests.dll" id="ad85d900-8b15-e0db-270b-0fe6dc68b1e5">
      <Execution id="1cd1be2f-be4c-44d5-865f-6af1cb584ad8" />
      <TestMethod codeBase="C:/Users/SHSimpson/Documents/Visual Studio 2010/Projects/ZetecXMLModels/ZetecXMLModelsUnitTests/bin/Debug/ZetecXMLModelsUnitTests.DLL" adapterTypeName="Microsoft.VisualStudio.TestTools.TestTypes.Unit.UnitTestAdapter, Microsoft.VisualStudio.QualityTools.Tips.UnitTest.Adapter, Version=10.0.0.0, Culture=neutral, PublicKeyToken=b03f5f7f11d50a3a" className="ZetecXMLModelsUnitTests.TubeTest, ZetecXMLModelsUnitTests, Version=1.0.0.0, Culture=neutral, PublicKeyToken=null" name="InletXTest" />
    </UnitTest>
    <UnitTest name="OutletXTest" storage="c:\users\shsimpson\documents\visual studio 2010\projects\zetecxmlmodels\zetecxmlmodelsunittests\bin\debug\zetecxmlmodelsunittests.dll" id="57b9104c-3dd5-7ab0-0ce0-fa1c988b04b4">
      <Execution id="f5cb4d7f-90fc-4b0c-9aeb-6d3a7a2938df" />
      <TestMethod codeBase="C:/Users/SHSimpson/Documents/Visual Studio 2010/Projects/ZetecXMLModels/ZetecXMLModelsUnitTests/bin/Debug/ZetecXMLModelsUnitTests.DLL" adapterTypeName="Microsoft.VisualStudio.TestTools.TestTypes.Unit.UnitTestAdapter, Microsoft.VisualStudio.QualityTools.Tips.UnitTest.Adapter, Version=10.0.0.0, Culture=neutral, PublicKeyToken=b03f5f7f11d50a3a" className="ZetecXMLModelsUnitTests.TubeTest, ZetecXMLModelsUnitTests, Version=1.0.0.0, Culture=neutral, PublicKeyToken=null" name="OutletXTest" />
    </UnitTest>
    <UnitTest name="ModelDesignationTest" storage="c:\users\shsimpson\documents\visual studio 2010\projects\zetecxmlmodels\zetecxmlmodelsunittests\bin\debug\zetecxmlmodelsunittests.dll" id="b2057306-c5e9-1add-e7f7-af5dd9b426ff">
      <Execution id="3cd44f52-1d68-4f11-8cc6-d4f93ef3adce" />
      <TestMethod codeBase="C:/Users/SHSimpson/Documents/Visual Studio 2010/Projects/ZetecXMLModels/ZetecXMLModelsUnitTests/bin/Debug/ZetecXMLModelsUnitTests.DLL" adapterTypeName="Microsoft.VisualStudio.TestTools.TestTypes.Unit.UnitTestAdapter, Microsoft.VisualStudio.QualityTools.Tips.UnitTest.Adapter, Version=10.0.0.0, Culture=neutral, PublicKeyToken=b03f5f7f11d50a3a" className="ZetecXMLModelsUnitTests.VesselInformationTest, ZetecXMLModelsUnitTests, Version=1.0.0.0, Culture=neutral, PublicKeyToken=null" name="ModelDesignationTest" />
    </UnitTest>
    <UnitTest name="UtilityNameTest" storage="c:\users\shsimpson\documents\visual studio 2010\projects\zetecxmlmodels\zetecxmlmodelsunittests\bin\debug\zetecxmlmodelsunittests.dll" id="e01e71af-91f5-cd9d-b9a2-e433f623a001">
      <Execution id="b1a2149f-3b11-448f-8453-ded02105017a" />
      <TestMethod codeBase="C:/Users/SHSimpson/Documents/Visual Studio 2010/Projects/ZetecXMLModels/ZetecXMLModelsUnitTests/bin/Debug/ZetecXMLModelsUnitTests.DLL" adapterTypeName="Microsoft.VisualStudio.TestTools.TestTypes.Unit.UnitTestAdapter, Microsoft.VisualStudio.QualityTools.Tips.UnitTest.Adapter, Version=10.0.0.0, Culture=neutral, PublicKeyToken=b03f5f7f11d50a3a" className="ZetecXMLModelsUnitTests.VesselInformationTest, ZetecXMLModelsUnitTests, Version=1.0.0.0, Culture=neutral, PublicKeyToken=null" name="UtilityNameTest" />
    </UnitTest>
    <UnitTest name="InletChannelHeadTest" storage="c:\users\shsimpson\documents\visual studio 2010\projects\zetecxmlmodels\zetecxmlmodelsunittests\bin\debug\zetecxmlmodelsunittests.dll" id="b169d9f8-48e9-c1ab-f1d0-4527e9150cd3">
      <Execution id="a46e37c4-7f57-4b9a-aeac-a757e1689a41" />
      <TestMethod codeBase="C:/Users/SHSimpson/Documents/Visual Studio 2010/Projects/ZetecXMLModels/ZetecXMLModelsUnitTests/bin/Debug/ZetecXMLModelsUnitTests.DLL" adapterTypeName="Microsoft.VisualStudio.TestTools.TestTypes.Unit.UnitTestAdapter, Microsoft.VisualStudio.QualityTools.Tips.UnitTest.Adapter, Version=10.0.0.0, Culture=neutral, PublicKeyToken=b03f5f7f11d50a3a" className="ZetecXMLModelsUnitTests.VesselInformationTest, ZetecXMLModelsUnitTests, Version=1.0.0.0, Culture=neutral, PublicKeyToken=null" name="InletChannelHeadTest" />
    </UnitTest>
    <UnitTest name="LegacyIDTest" storage="c:\users\shsimpson\documents\visual studio 2010\projects\zetecxmlmodels\zetecxmlmodelsunittests\bin\debug\zetecxmlmodelsunittests.dll" id="6c794108-9512-4cfe-399f-069beac41e67">
      <Execution id="e1fcfedd-71c0-4d1b-9f77-2abd9919030d" />
      <TestMethod codeBase="C:/Users/SHSimpson/Documents/Visual Studio 2010/Projects/ZetecXMLModels/ZetecXMLModelsUnitTests/bin/Debug/ZetecXMLModelsUnitTests.DLL" adapterTypeName="Microsoft.VisualStudio.TestTools.TestTypes.Unit.UnitTestAdapter, Microsoft.VisualStudio.QualityTools.Tips.UnitTest.Adapter, Version=10.0.0.0, Culture=neutral, PublicKeyToken=b03f5f7f11d50a3a" className="ZetecXMLModelsUnitTests.TubeTest, ZetecXMLModelsUnitTests, Version=1.0.0.0, Culture=neutral, PublicKeyToken=null" name="LegacyIDTest" />
    </UnitTest>
    <UnitTest name="pixels_per_inchTest" storage="c:\users\shsimpson\documents\visual studio 2010\projects\zetecxmlmodels\zetecxmlmodelsunittests\bin\debug\zetecxmlmodelsunittests.dll" id="080dedd9-abb0-bcd2-c12e-30f24dd9e2de">
      <Execution id="735105e1-4c1c-4e37-af7f-213c1474dab3" />
      <TestMethod codeBase="C:/Users/SHSimpson/Documents/Visual Studio 2010/Projects/ZetecXMLModels/ZetecXMLModelsUnitTests/bin/Debug/ZetecXMLModelsUnitTests.DLL" adapterTypeName="Microsoft.VisualStudio.TestTools.TestTypes.Unit.UnitTestAdapter, Microsoft.VisualStudio.QualityTools.Tips.UnitTest.Adapter, Version=10.0.0.0, Culture=neutral, PublicKeyToken=b03f5f7f11d50a3a" className="ZetecXMLModelsUnitTests.miscTest, ZetecXMLModelsUnitTests, Version=1.0.0.0, Culture=neutral, PublicKeyToken=null" name="pixels_per_inchTest" />
    </UnitTest>
    <UnitTest name="InletYTest" storage="c:\users\shsimpson\documents\visual studio 2010\projects\zetecxmlmodels\zetecxmlmodelsunittests\bin\debug\zetecxmlmodelsunittests.dll" id="c3da0222-7ce6-132e-b376-ad5fdce6bbe7">
      <Execution id="c470f112-659e-465d-8146-00415952c2cd" />
      <TestMethod codeBase="C:/Users/SHSimpson/Documents/Visual Studio 2010/Projects/ZetecXMLModels/ZetecXMLModelsUnitTests/bin/Debug/ZetecXMLModelsUnitTests.DLL" adapterTypeName="Microsoft.VisualStudio.TestTools.TestTypes.Unit.UnitTestAdapter, Microsoft.VisualStudio.QualityTools.Tips.UnitTest.Adapter, Version=10.0.0.0, Culture=neutral, PublicKeyToken=b03f5f7f11d50a3a" className="ZetecXMLModelsUnitTests.TubeTest, ZetecXMLModelsUnitTests, Version=1.0.0.0, Culture=neutral, PublicKeyToken=null" name="InletYTest" />
    </UnitTest>
    <UnitTest name="SectionLabelTest" storage="c:\users\shsimpson\documents\visual studio 2010\projects\zetecxmlmodels\zetecxmlmodelsunittests\bin\debug\zetecxmlmodelsunittests.dll" id="b6b9b077-2616-106e-0759-3bac9fb0a311">
      <Execution id="7e124656-9599-4f94-b7c9-649a59c0f4c1" />
      <TestMethod codeBase="C:/Users/SHSimpson/Documents/Visual Studio 2010/Projects/ZetecXMLModels/ZetecXMLModelsUnitTests/bin/Debug/ZetecXMLModelsUnitTests.DLL" adapterTypeName="Microsoft.VisualStudio.TestTools.TestTypes.Unit.UnitTestAdapter, Microsoft.VisualStudio.QualityTools.Tips.UnitTest.Adapter, Version=10.0.0.0, Culture=neutral, PublicKeyToken=b03f5f7f11d50a3a" className="ZetecXMLModelsUnitTests.TubeTest, ZetecXMLModelsUnitTests, Version=1.0.0.0, Culture=neutral, PublicKeyToken=null" name="SectionLabelTest" />
    </UnitTest>
    <UnitTest name="TubeConstructorTest" storage="c:\users\shsimpson\documents\visual studio 2010\projects\zetecxmlmodels\zetecxmlmodelsunittests\bin\debug\zetecxmlmodelsunittests.dll" id="a5c962c3-516d-a59e-ac49-d473361634e5">
      <Execution id="a33233f5-9454-48b7-92b6-ce8ae7698dba" />
      <TestMethod codeBase="C:/Users/SHSimpson/Documents/Visual Studio 2010/Projects/ZetecXMLModels/ZetecXMLModelsUnitTests/bin/Debug/ZetecXMLModelsUnitTests.DLL" adapterTypeName="Microsoft.VisualStudio.TestTools.TestTypes.Unit.UnitTestAdapter, Microsoft.VisualStudio.QualityTools.Tips.UnitTest.Adapter, Version=10.0.0.0, Culture=neutral, PublicKeyToken=b03f5f7f11d50a3a" className="ZetecXMLModelsUnitTests.TubeTest, ZetecXMLModelsUnitTests, Version=1.0.0.0, Culture=neutral, PublicKeyToken=null" name="TubeConstructorTest" />
    </UnitTest>
    <UnitTest name="YxXyNotationTest" storage="c:\users\shsimpson\documents\visual studio 2010\projects\zetecxmlmodels\zetecxmlmodelsunittests\bin\debug\zetecxmlmodelsunittests.dll" id="b2c71200-05d2-c464-d78a-06f6f0f9cb57">
      <Execution id="23d1f79d-e6fc-4280-be09-7c76acf4777c" />
      <TestMethod codeBase="C:/Users/SHSimpson/Documents/Visual Studio 2010/Projects/ZetecXMLModels/ZetecXMLModelsUnitTests/bin/Debug/ZetecXMLModelsUnitTests.DLL" adapterTypeName="Microsoft.VisualStudio.TestTools.TestTypes.Unit.UnitTestAdapter, Microsoft.VisualStudio.QualityTools.Tips.UnitTest.Adapter, Version=10.0.0.0, Culture=neutral, PublicKeyToken=b03f5f7f11d50a3a" className="ZetecXMLModelsUnitTests.VesselInformationTest, ZetecXMLModelsUnitTests, Version=1.0.0.0, Culture=neutral, PublicKeyToken=null" name="YxXyNotationTest" />
    </UnitTest>
    <UnitTest name="VesselIDTypeTest" storage="c:\users\shsimpson\documents\visual studio 2010\projects\zetecxmlmodels\zetecxmlmodelsunittests\bin\debug\zetecxmlmodelsunittests.dll" id="3107f13f-9a0f-48e7-6fc7-b5c5137b212e">
      <Execution id="0e84605d-f88e-4ee0-afd6-aac11dbd21b6" />
      <TestMethod codeBase="C:/Users/SHSimpson/Documents/Visual Studio 2010/Projects/ZetecXMLModels/ZetecXMLModelsUnitTests/bin/Debug/ZetecXMLModelsUnitTests.DLL" adapterTypeName="Microsoft.VisualStudio.TestTools.TestTypes.Unit.UnitTestAdapter, Microsoft.VisualStudio.QualityTools.Tips.UnitTest.Adapter, Version=10.0.0.0, Culture=neutral, PublicKeyToken=b03f5f7f11d50a3a" className="ZetecXMLModelsUnitTests.VesselInformationTest, ZetecXMLModelsUnitTests, Version=1.0.0.0, Culture=neutral, PublicKeyToken=null" name="VesselIDTypeTest" />
    </UnitTest>
    <UnitTest name="grid_scaleTest" storage="c:\users\shsimpson\documents\visual studio 2010\projects\zetecxmlmodels\zetecxmlmodelsunittests\bin\debug\zetecxmlmodelsunittests.dll" id="7937e4e8-872d-6b6c-9b61-34f1e84fe2dd">
      <Execution id="bf0ed15c-f954-4ad2-9ced-4b249213b0d1" />
      <TestMethod codeBase="C:/Users/SHSimpson/Documents/Visual Studio 2010/Projects/ZetecXMLModels/ZetecXMLModelsUnitTests/bin/Debug/ZetecXMLModelsUnitTests.DLL" adapterTypeName="Microsoft.VisualStudio.TestTools.TestTypes.Unit.UnitTestAdapter, Microsoft.VisualStudio.QualityTools.Tips.UnitTest.Adapter, Version=10.0.0.0, Culture=neutral, PublicKeyToken=b03f5f7f11d50a3a" className="ZetecXMLModelsUnitTests.miscTest, ZetecXMLModelsUnitTests, Version=1.0.0.0, Culture=neutral, PublicKeyToken=null" name="grid_scaleTest" />
    </UnitTest>
    <UnitTest name="symbol_sizeTest" storage="c:\users\shsimpson\documents\visual studio 2010\projects\zetecxmlmodels\zetecxmlmodelsunittests\bin\debug\zetecxmlmodelsunittests.dll" id="ecc15bfd-60f9-5125-4547-4de1352adeee">
      <Execution id="0e289873-adcc-455a-a280-854a2edb3098" />
      <TestMethod codeBase="C:/Users/SHSimpson/Documents/Visual Studio 2010/Projects/ZetecXMLModels/ZetecXMLModelsUnitTests/bin/Debug/ZetecXMLModelsUnitTests.DLL" adapterTypeName="Microsoft.VisualStudio.TestTools.TestTypes.Unit.UnitTestAdapter, Microsoft.VisualStudio.QualityTools.Tips.UnitTest.Adapter, Version=10.0.0.0, Culture=neutral, PublicKeyToken=b03f5f7f11d50a3a" className="ZetecXMLModelsUnitTests.miscTest, ZetecXMLModelsUnitTests, Version=1.0.0.0, Culture=neutral, PublicKeyToken=null" name="symbol_sizeTest" />
    </UnitTest>
    <UnitTest name="foreground_colorTest" storage="c:\users\shsimpson\documents\visual studio 2010\projects\zetecxmlmodels\zetecxmlmodelsunittests\bin\debug\zetecxmlmodelsunittests.dll" id="983e7fff-d653-565a-d54b-a93994949ed4">
      <Execution id="e131122d-6b4b-4127-98e9-e92eeb0ab8c4" />
      <TestMethod codeBase="C:/Users/SHSimpson/Documents/Visual Studio 2010/Projects/ZetecXMLModels/ZetecXMLModelsUnitTests/bin/Debug/ZetecXMLModelsUnitTests.DLL" adapterTypeName="Microsoft.VisualStudio.TestTools.TestTypes.Unit.UnitTestAdapter, Microsoft.VisualStudio.QualityTools.Tips.UnitTest.Adapter, Version=10.0.0.0, Culture=neutral, PublicKeyToken=b03f5f7f11d50a3a" className="ZetecXMLModelsUnitTests.miscTest, ZetecXMLModelsUnitTests, Version=1.0.0.0, Culture=neutral, PublicKeyToken=null" name="foreground_colorTest" />
    </UnitTest>
    <UnitTest name="InletRow1Col1LocationTest" storage="c:\users\shsimpson\documents\visual studio 2010\projects\zetecxmlmodels\zetecxmlmodelsunittests\bin\debug\zetecxmlmodelsunittests.dll" id="1dd43818-7534-8c8a-155f-265c089bf3fe">
      <Execution id="656ac6d2-c4fc-4793-8c19-2a2c230c1700" />
      <TestMethod codeBase="C:/Users/SHSimpson/Documents/Visual Studio 2010/Projects/ZetecXMLModels/ZetecXMLModelsUnitTests/bin/Debug/ZetecXMLModelsUnitTests.DLL" adapterTypeName="Microsoft.VisualStudio.TestTools.TestTypes.Unit.UnitTestAdapter, Microsoft.VisualStudio.QualityTools.Tips.UnitTest.Adapter, Version=10.0.0.0, Culture=neutral, PublicKeyToken=b03f5f7f11d50a3a" className="ZetecXMLModelsUnitTests.VesselInformationTest, ZetecXMLModelsUnitTests, Version=1.0.0.0, Culture=neutral, PublicKeyToken=null" name="InletRow1Col1LocationTest" />
    </UnitTest>
    <UnitTest name="UtilityDesignationTest" storage="c:\users\shsimpson\documents\visual studio 2010\projects\zetecxmlmodels\zetecxmlmodelsunittests\bin\debug\zetecxmlmodelsunittests.dll" id="490fa47e-be49-c7f7-e688-1f808e7fcaaa">
      <Execution id="b4fd0cff-0652-43f1-b7cf-07de0fa252b8" />
      <TestMethod codeBase="C:/Users/SHSimpson/Documents/Visual Studio 2010/Projects/ZetecXMLModels/ZetecXMLModelsUnitTests/bin/Debug/ZetecXMLModelsUnitTests.DLL" adapterTypeName="Microsoft.VisualStudio.TestTools.TestTypes.Unit.UnitTestAdapter, Microsoft.VisualStudio.QualityTools.Tips.UnitTest.Adapter, Version=10.0.0.0, Culture=neutral, PublicKeyToken=b03f5f7f11d50a3a" className="ZetecXMLModelsUnitTests.VesselInformationTest, ZetecXMLModelsUnitTests, Version=1.0.0.0, Culture=neutral, PublicKeyToken=null" name="UtilityDesignationTest" />
    </UnitTest>
  </TestDefinitions>
  <TestLists>
    <TestList name="Results Not in a List" id="8c84fa94-04c1-424b-9868-57a2d4851a1d" />
    <TestList name="All Loaded Results" id="19431567-8539-422a-85d7-44ee4e166bda" />
  </TestLists>
  <TestEntries>
    <TestEntry testId="02a94f3f-28bb-d371-d770-2b28d3740a73" executionId="fce34037-cc2e-4866-b76d-21602c1403a9" testListId="8c84fa94-04c1-424b-9868-57a2d4851a1d" />
    <TestEntry testId="07c79d70-2d05-ff4d-f6cd-1f5ea09a59d1" executionId="29dc41a8-e8d5-43e9-94f1-7a77e45af9c7" testListId="8c84fa94-04c1-424b-9868-57a2d4851a1d" />
    <TestEntry testId="080dedd9-abb0-bcd2-c12e-30f24dd9e2de" executionId="735105e1-4c1c-4e37-af7f-213c1474dab3" testListId="8c84fa94-04c1-424b-9868-57a2d4851a1d" />
    <TestEntry testId="0a0c6ae0-e8e4-d050-e17f-dc3dfadf4a27" executionId="0e76e2a7-2f06-4d7f-8b6c-11a8bb7c4d6f" testListId="8c84fa94-04c1-424b-9868-57a2d4851a1d" />
    <TestEntry testId="10b01f1c-7c65-5527-c45d-c3020c2cdb4d" executionId="3adcfec5-2cc7-4595-8044-2191ca0dc55e" testListId="8c84fa94-04c1-424b-9868-57a2d4851a1d" />
    <TestEntry testId="12766973-1377-5200-80b8-b3f3d230dccd" executionId="dbdfe33a-1ef3-45c7-9acf-542ec715fd0b" testListId="8c84fa94-04c1-424b-9868-57a2d4851a1d" />
    <TestEntry testId="13b8ffb4-6016-64ca-e887-e1f08ede3f60" executionId="323005b1-51e7-43e4-bcb7-fb2e31abc041" testListId="8c84fa94-04c1-424b-9868-57a2d4851a1d" />
    <TestEntry testId="18c0df62-9e71-531f-0839-9641f985ce05" executionId="d0a1a3bd-265a-4e88-9d91-4a7ff94882ee" testListId="8c84fa94-04c1-424b-9868-57a2d4851a1d" />
    <TestEntry testId="1b30e23d-b371-e559-363a-b5d56ede01ff" executionId="bedef09e-3067-4e44-abca-5b2eaebdf9d2" testListId="8c84fa94-04c1-424b-9868-57a2d4851a1d" />
    <TestEntry testId="1d65620a-b474-a27f-19c2-672761107b81" executionId="6746092c-fdf2-4e7c-9437-d0ec368e22b9" testListId="8c84fa94-04c1-424b-9868-57a2d4851a1d" />
    <TestEntry testId="1dd43818-7534-8c8a-155f-265c089bf3fe" executionId="656ac6d2-c4fc-4793-8c19-2a2c230c1700" testListId="8c84fa94-04c1-424b-9868-57a2d4851a1d" />
    <TestEntry testId="26a6f9cf-ce57-ec6e-485b-7271debaf27e" executionId="10d17099-e6a8-4bae-8928-0fa03f278318" testListId="8c84fa94-04c1-424b-9868-57a2d4851a1d" />
    <TestEntry testId="3107f13f-9a0f-48e7-6fc7-b5c5137b212e" executionId="0e84605d-f88e-4ee0-afd6-aac11dbd21b6" testListId="8c84fa94-04c1-424b-9868-57a2d4851a1d" />
    <TestEntry testId="342ab28b-1731-c3f9-fc28-a2a8f9e95cf9" executionId="7ea30df0-6656-433c-831b-02a79b3079ff" testListId="8c84fa94-04c1-424b-9868-57a2d4851a1d" />
    <TestEntry testId="36391e30-c188-1acc-8ecc-1e01672d00a5" executionId="03d47b3d-449b-4431-ae8e-16dd0d32fb81" testListId="8c84fa94-04c1-424b-9868-57a2d4851a1d" />
    <TestEntry testId="490fa47e-be49-c7f7-e688-1f808e7fcaaa" executionId="b4fd0cff-0652-43f1-b7cf-07de0fa252b8" testListId="8c84fa94-04c1-424b-9868-57a2d4851a1d" />
    <TestEntry testId="4947f739-deb8-db54-29ad-f143de8956b0" executionId="03512079-0ff8-4063-9de0-ad2cbcbb93f3" testListId="8c84fa94-04c1-424b-9868-57a2d4851a1d" />
    <TestEntry testId="498975fa-28ac-56ea-c148-0d358a0c6927" executionId="f00a2763-2df2-4e9d-bd35-221d5a7e9ea1" testListId="8c84fa94-04c1-424b-9868-57a2d4851a1d" />
    <TestEntry testId="4ca59c4a-1586-4df3-4c18-8aad9b220064" executionId="1c783554-84ad-4833-8536-96c25cbc1077" testListId="8c84fa94-04c1-424b-9868-57a2d4851a1d" />
    <TestEntry testId="5092a366-4896-a1d3-4b30-9505f776942e" executionId="dfdd2455-392a-48a2-9122-281913abebcd" testListId="8c84fa94-04c1-424b-9868-57a2d4851a1d" />
    <TestEntry testId="57b9104c-3dd5-7ab0-0ce0-fa1c988b04b4" executionId="f5cb4d7f-90fc-4b0c-9aeb-6d3a7a2938df" testListId="8c84fa94-04c1-424b-9868-57a2d4851a1d" />
    <TestEntry testId="6c794108-9512-4cfe-399f-069beac41e67" executionId="e1fcfedd-71c0-4d1b-9f77-2abd9919030d" testListId="8c84fa94-04c1-424b-9868-57a2d4851a1d" />
    <TestEntry testId="77c02662-9d79-5d8c-2ce3-01f820b23fd3" executionId="ad35b2df-c1d5-45f8-86bd-a9e93e802ad6" testListId="8c84fa94-04c1-424b-9868-57a2d4851a1d" />
    <TestEntry testId="7937e4e8-872d-6b6c-9b61-34f1e84fe2dd" executionId="bf0ed15c-f954-4ad2-9ced-4b249213b0d1" testListId="8c84fa94-04c1-424b-9868-57a2d4851a1d" />
    <TestEntry testId="7e4cf5a5-5b1c-0932-8559-35accf7c452d" executionId="ceae615b-19d4-4398-bd41-e284e7835afd" testListId="8c84fa94-04c1-424b-9868-57a2d4851a1d" />
    <TestEntry testId="85be2481-f02f-6177-a926-23d7d1e77482" executionId="ee89b20c-dd08-4269-a7fe-3abd0fa6a4f7" testListId="8c84fa94-04c1-424b-9868-57a2d4851a1d" />
    <TestEntry testId="86b705c7-9972-2979-5c9c-3e03d4230724" executionId="e6ad3392-cb5a-4ec2-be34-f5b23f80f365" testListId="8c84fa94-04c1-424b-9868-57a2d4851a1d" />
    <TestEntry testId="8792450d-bd76-961c-f757-852e8d4d4052" executionId="a99140d2-7a9c-45d0-a239-f510517614f0" testListId="8c84fa94-04c1-424b-9868-57a2d4851a1d" />
    <TestEntry testId="88625e9d-086d-6f95-871a-ba00a3118136" executionId="c31416d5-05d3-4d1a-8a39-340ced34c005" testListId="8c84fa94-04c1-424b-9868-57a2d4851a1d" />
    <TestEntry testId="8f58cb54-4ad6-c1b3-da03-dbae73442545" executionId="77de0b2b-932e-4eba-894a-76434a941bbd" testListId="8c84fa94-04c1-424b-9868-57a2d4851a1d" />
    <TestEntry testId="983e7fff-d653-565a-d54b-a93994949ed4" executionId="e131122d-6b4b-4127-98e9-e92eeb0ab8c4" testListId="8c84fa94-04c1-424b-9868-57a2d4851a1d" />
    <TestEntry testId="995bd025-5efd-2416-d859-789130a1bdb4" executionId="9bca6ea7-4c91-4ef0-87a7-ff0966f08d36" testListId="8c84fa94-04c1-424b-9868-57a2d4851a1d" />
    <TestEntry testId="a1a16247-5410-d687-ca1d-14a49f040f67" executionId="1d86c8f4-04ef-46a7-bb27-a44e048eae3a" testListId="8c84fa94-04c1-424b-9868-57a2d4851a1d" />
    <TestEntry testId="a5c962c3-516d-a59e-ac49-d473361634e5" executionId="a33233f5-9454-48b7-92b6-ce8ae7698dba" testListId="8c84fa94-04c1-424b-9868-57a2d4851a1d" />
    <TestEntry testId="ad85d900-8b15-e0db-270b-0fe6dc68b1e5" executionId="1cd1be2f-be4c-44d5-865f-6af1cb584ad8" testListId="8c84fa94-04c1-424b-9868-57a2d4851a1d" />
    <TestEntry testId="b169d9f8-48e9-c1ab-f1d0-4527e9150cd3" executionId="a46e37c4-7f57-4b9a-aeac-a757e1689a41" testListId="8c84fa94-04c1-424b-9868-57a2d4851a1d" />
    <TestEntry testId="b2057306-c5e9-1add-e7f7-af5dd9b426ff" executionId="3cd44f52-1d68-4f11-8cc6-d4f93ef3adce" testListId="8c84fa94-04c1-424b-9868-57a2d4851a1d" />
    <TestEntry testId="b2c71200-05d2-c464-d78a-06f6f0f9cb57" executionId="23d1f79d-e6fc-4280-be09-7c76acf4777c" testListId="8c84fa94-04c1-424b-9868-57a2d4851a1d" />
    <TestEntry testId="b6b9b077-2616-106e-0759-3bac9fb0a311" executionId="7e124656-9599-4f94-b7c9-649a59c0f4c1" testListId="8c84fa94-04c1-424b-9868-57a2d4851a1d" />
    <TestEntry testId="c3da0222-7ce6-132e-b376-ad5fdce6bbe7" executionId="c470f112-659e-465d-8146-00415952c2cd" testListId="8c84fa94-04c1-424b-9868-57a2d4851a1d" />
    <TestEntry testId="ce4ae171-8b1c-e94a-6046-f6f7f8e80412" executionId="d045276d-e9b3-4ffd-9a53-fd6c35b05d86" testListId="8c84fa94-04c1-424b-9868-57a2d4851a1d" />
    <TestEntry testId="ce9085de-45bf-256a-44f0-6cd789b25d2f" executionId="0f81fff3-3d07-4009-88a0-d3aa3b02d687" testListId="8c84fa94-04c1-424b-9868-57a2d4851a1d" />
    <TestEntry testId="da63952a-891e-c736-3ada-6df53f00898a" executionId="0cfcb21e-d162-4e37-bf41-a97bf33e7ca1" testListId="8c84fa94-04c1-424b-9868-57a2d4851a1d" />
    <TestEntry testId="de393f97-7194-a95f-30b4-c65d3ce26f75" executionId="d558e397-ac95-4ede-be3b-e4fccca50697" testListId="8c84fa94-04c1-424b-9868-57a2d4851a1d" />
    <TestEntry testId="e01e71af-91f5-cd9d-b9a2-e433f623a001" executionId="b1a2149f-3b11-448f-8453-ded02105017a" testListId="8c84fa94-04c1-424b-9868-57a2d4851a1d" />
    <TestEntry testId="e20639a1-e3ac-5227-0fa6-529036098c15" executionId="8ae29f77-dd4f-4231-8257-4ea7d8ba1fcb" testListId="8c84fa94-04c1-424b-9868-57a2d4851a1d" />
    <TestEntry testId="ecc15bfd-60f9-5125-4547-4de1352adeee" executionId="0e289873-adcc-455a-a280-854a2edb3098" testListId="8c84fa94-04c1-424b-9868-57a2d4851a1d" />
    <TestEntry testId="f06db92a-baa1-e523-c30b-12ff004e6373" executionId="f4af03e6-439c-40fc-a7c3-94d9025eb09e" testListId="8c84fa94-04c1-424b-9868-57a2d4851a1d" />
    <TestEntry testId="f46dde03-01d9-ecfa-51fc-3b81caa02ca8" executionId="6c9a52ef-31aa-4079-9355-0775c872ce56" testListId="8c84fa94-04c1-424b-9868-57a2d4851a1d" />
    <TestEntry testId="f722bce2-18b8-5d04-bf89-e49deb2d591b" executionId="5188272f-a45b-4451-8bde-9c74ced4df1b" testListId="8c84fa94-04c1-424b-9868-57a2d4851a1d" />
    <TestEntry testId="fd010e4f-ec11-356d-71a2-987599af96ee" executionId="578ba540-dfd2-4480-afd9-948e06461557" testListId="8c84fa94-04c1-424b-9868-57a2d4851a1d" />
    <TestEntry testId="fdeca077-1731-5789-f6c7-97ee935d2199" executionId="a0c323e3-56e5-4bbe-82ec-ddbdeac72d7c" testListId="8c84fa94-04c1-424b-9868-57a2d4851a1d" />
  </TestEntries>
  <Results>
    <UnitTestResult executionId="fce34037-cc2e-4866-b76d-21602c1403a9" testId="02a94f3f-28bb-d371-d770-2b28d3740a73" testName="GridXTest" computerName="CLPR9K5797" duration="00:00:00.0142891" startTime="2014-07-02T13:08:13.0747374-04:00" endTime="2014-07-02T13:08:13.5667866-04:00" testType="13cdc9d9-ddb5-4fa4-a97d-d965ccfc6d4b" outcome="Passed" testListId="8c84fa94-04c1-424b-9868-57a2d4851a1d" relativeResultsDirectory="fce34037-cc2e-4866-b76d-21602c1403a9">
    </UnitTestResult>
    <UnitTestResult executionId="29dc41a8-e8d5-43e9-94f1-7a77e45af9c7" testId="07c79d70-2d05-ff4d-f6cd-1f5ea09a59d1" testName="SectionsActiveTest" computerName="CLPR9K5797" duration="00:00:00.0192162" startTime="2014-07-02T13:08:13.5717871-04:00" endTime="2014-07-02T13:08:13.5937893-04:00" testType="13cdc9d9-ddb5-4fa4-a97d-d965ccfc6d4b" outcome="Passed" testListId="8c84fa94-04c1-424b-9868-57a2d4851a1d" relativeResultsDirectory="29dc41a8-e8d5-43e9-94f1-7a77e45af9c7">
    </UnitTestResult>
    <UnitTestResult executionId="735105e1-4c1c-4e37-af7f-213c1474dab3" testId="080dedd9-abb0-bcd2-c12e-30f24dd9e2de" testName="pixels_per_inchTest" computerName="CLPR9K5797" duration="00:00:00.0003255" startTime="2014-07-02T13:08:13.5977897-04:00" endTime="2014-07-02T13:08:13.6347934-04:00" testType="13cdc9d9-ddb5-4fa4-a97d-d965ccfc6d4b" outcome="Passed" testListId="8c84fa94-04c1-424b-9868-57a2d4851a1d" relativeResultsDirectory="735105e1-4c1c-4e37-af7f-213c1474dab3">
    </UnitTestResult>
    <UnitTestResult executionId="0e76e2a7-2f06-4d7f-8b6c-11a8bb7c4d6f" testId="0a0c6ae0-e8e4-d050-e17f-dc3dfadf4a27" testName="GridYTest" computerName="CLPR9K5797" duration="00:00:00.0002358" startTime="2014-07-02T13:08:13.6397939-04:00" endTime="2014-07-02T13:08:13.6417941-04:00" testType="13cdc9d9-ddb5-4fa4-a97d-d965ccfc6d4b" outcome="Passed" testListId="8c84fa94-04c1-424b-9868-57a2d4851a1d" relativeResultsDirectory="0e76e2a7-2f06-4d7f-8b6c-11a8bb7c4d6f">
    </UnitTestResult>
    <UnitTestResult executionId="3adcfec5-2cc7-4595-8044-2191ca0dc55e" testId="10b01f1c-7c65-5527-c45d-c3020c2cdb4d" testName="PlantNameTest" computerName="CLPR9K5797" duration="00:00:00.0159849" startTime="2014-07-02T13:08:13.6457945-04:00" endTime="2014-07-02T13:08:13.6637963-04:00" testType="13cdc9d9-ddb5-4fa4-a97d-d965ccfc6d4b" outcome="Passed" testListId="8c84fa94-04c1-424b-9868-57a2d4851a1d" relativeResultsDirectory="3adcfec5-2cc7-4595-8044-2191ca0dc55e">
    </UnitTestResult>
    <UnitTestResult executionId="dbdfe33a-1ef3-45c7-9acf-542ec715fd0b" testId="12766973-1377-5200-80b8-b3f3d230dccd" testName="VesselTypeTest" computerName="CLPR9K5797" duration="00:00:00.1142793" startTime="2014-07-02T13:08:13.6677967-04:00" endTime="2014-07-02T13:08:13.7838083-04:00" testType="13cdc9d9-ddb5-4fa4-a97d-d965ccfc6d4b" outcome="Passed" testListId="8c84fa94-04c1-424b-9868-57a2d4851a1d" relativeResultsDirectory="dbdfe33a-1ef3-45c7-9acf-542ec715fd0b">
    </UnitTestResult>
    <UnitTestResult executionId="323005b1-51e7-43e4-bcb7-fb2e31abc041" testId="13b8ffb4-6016-64ca-e887-e1f08ede3f60" testName="XDesignationTest" computerName="CLPR9K5797" duration="00:00:00.1214175" startTime="2014-07-02T13:08:13.7888088-04:00" endTime="2014-07-02T13:08:13.9118211-04:00" testType="13cdc9d9-ddb5-4fa4-a97d-d965ccfc6d4b" outcome="Passed" testListId="8c84fa94-04c1-424b-9868-57a2d4851a1d" relativeResultsDirectory="323005b1-51e7-43e4-bcb7-fb2e31abc041">
    </UnitTestResult>
    <UnitTestResult executionId="d0a1a3bd-265a-4e88-9d91-4a7ff94882ee" testId="18c0df62-9e71-531f-0839-9641f985ce05" testName="ComponentDesignationTest" computerName="CLPR9K5797" duration="00:00:00.0391488" startTime="2014-07-02T13:08:13.9168216-04:00" endTime="2014-07-02T13:08:13.9588258-04:00" testType="13cdc9d9-ddb5-4fa4-a97d-d965ccfc6d4b" outcome="Passed" testListId="8c84fa94-04c1-424b-9868-57a2d4851a1d" relativeResultsDirectory="d0a1a3bd-265a-4e88-9d91-4a7ff94882ee">
    </UnitTestResult>
    <UnitTestResult executionId="bedef09e-3067-4e44-abca-5b2eaebdf9d2" testId="1b30e23d-b371-e559-363a-b5d56ede01ff" testName="ModelNameTest" computerName="CLPR9K5797" duration="00:00:00.0165061" startTime="2014-07-02T13:08:13.9628262-04:00" endTime="2014-07-02T13:08:13.9818281-04:00" testType="13cdc9d9-ddb5-4fa4-a97d-d965ccfc6d4b" outcome="Passed" testListId="8c84fa94-04c1-424b-9868-57a2d4851a1d" relativeResultsDirectory="bedef09e-3067-4e44-abca-5b2eaebdf9d2">
    </UnitTestResult>
    <UnitTestResult executionId="6746092c-fdf2-4e7c-9437-d0ec368e22b9" testId="1d65620a-b474-a27f-19c2-672761107b81" testName="OutletDisplaySymbolIDTest" computerName="CLPR9K5797" duration="00:00:00.0002489" startTime="2014-07-02T13:08:13.9878287-04:00" endTime="2014-07-02T13:08:13.9908290-04:00" testType="13cdc9d9-ddb5-4fa4-a97d-d965ccfc6d4b" outcome="Passed" testListId="8c84fa94-04c1-424b-9868-57a2d4851a1d" relativeResultsDirectory="6746092c-fdf2-4e7c-9437-d0ec368e22b9">
    </UnitTestResult>
    <UnitTestResult executionId="656ac6d2-c4fc-4793-8c19-2a2c230c1700" testId="1dd43818-7534-8c8a-155f-265c089bf3fe" testName="InletRow1Col1LocationTest" computerName="CLPR9K5797" duration="00:00:00.0165966" startTime="2014-07-02T13:08:13.9958295-04:00" endTime="2014-07-02T13:08:14.0148314-04:00" testType="13cdc9d9-ddb5-4fa4-a97d-d965ccfc6d4b" outcome="Passed" testListId="8c84fa94-04c1-424b-9868-57a2d4851a1d" relativeResultsDirectory="656ac6d2-c4fc-4793-8c19-2a2c230c1700">
    </UnitTestResult>
    <UnitTestResult executionId="10d17099-e6a8-4bae-8928-0fa03f278318" testId="26a6f9cf-ce57-ec6e-485b-7271debaf27e" testName="InletVesselIDTest" computerName="CLPR9K5797" duration="00:00:00.1768990" startTime="2014-07-02T13:08:14.0198319-04:00" endTime="2014-07-02T13:08:14.1988498-04:00" testType="13cdc9d9-ddb5-4fa4-a97d-d965ccfc6d4b" outcome="Passed" testListId="8c84fa94-04c1-424b-9868-57a2d4851a1d" relativeResultsDirectory="10d17099-e6a8-4bae-8928-0fa03f278318">
    </UnitTestResult>
    <UnitTestResult executionId="0e84605d-f88e-4ee0-afd6-aac11dbd21b6" testId="3107f13f-9a0f-48e7-6fc7-b5c5137b212e" testName="VesselIDTypeTest" computerName="CLPR9K5797" duration="00:00:00.0222037" startTime="2014-07-02T13:08:14.2038503-04:00" endTime="2014-07-02T13:08:14.2288528-04:00" testType="13cdc9d9-ddb5-4fa4-a97d-d965ccfc6d4b" outcome="Passed" testListId="8c84fa94-04c1-424b-9868-57a2d4851a1d" relativeResultsDirectory="0e84605d-f88e-4ee0-afd6-aac11dbd21b6">
    </UnitTestResult>
    <UnitTestResult executionId="7ea30df0-6656-433c-831b-02a79b3079ff" testId="342ab28b-1731-c3f9-fc28-a2a8f9e95cf9" testName="TubeSheetNumberingTypeTest" computerName="CLPR9K5797" duration="00:00:00.0160130" startTime="2014-07-02T13:08:14.2338533-04:00" endTime="2014-07-02T13:08:14.2518551-04:00" testType="13cdc9d9-ddb5-4fa4-a97d-d965ccfc6d4b" outcome="Passed" testListId="8c84fa94-04c1-424b-9868-57a2d4851a1d" relativeResultsDirectory="7ea30df0-6656-433c-831b-02a79b3079ff">
    </UnitTestResult>
    <UnitTestResult executionId="03d47b3d-449b-4431-ae8e-16dd0d32fb81" testId="36391e30-c188-1acc-8ecc-1e01672d00a5" testName="IDTest" computerName="CLPR9K5797" duration="00:00:00.0003465" startTime="2014-07-02T13:08:14.2558555-04:00" endTime="2014-07-02T13:08:14.2588558-04:00" testType="13cdc9d9-ddb5-4fa4-a97d-d965ccfc6d4b" outcome="Passed" testListId="8c84fa94-04c1-424b-9868-57a2d4851a1d" relativeResultsDirectory="03d47b3d-449b-4431-ae8e-16dd0d32fb81">
    </UnitTestResult>
    <UnitTestResult executionId="b4fd0cff-0652-43f1-b7cf-07de0fa252b8" testId="490fa47e-be49-c7f7-e688-1f808e7fcaaa" testName="UtilityDesignationTest" computerName="CLPR9K5797" duration="00:00:00.1361535" startTime="2014-07-02T13:08:14.2628562-04:00" endTime="2014-07-02T13:08:14.4168716-04:00" testType="13cdc9d9-ddb5-4fa4-a97d-d965ccfc6d4b" outcome="Failed" testListId="8c84fa94-04c1-424b-9868-57a2d4851a1d" relativeResultsDirectory="b4fd0cff-0652-43f1-b7cf-07de0fa252b8">
      <Output>
        <ErrorInfo>
          <Message>Assert.AreEqual failed. Expected:&lt;&gt;. Actual:&lt;Utility&gt;. </Message>
          <StackTrace>   at ZetecXMLModelsUnitTests.VesselInformationTest.UtilityDesignationTest() in C:\Users\SHSimpson\Documents\Visual Studio 2010\Projects\ZetecXMLModels\ZetecXMLModelsUnitTests\VesselInformationTest.cs:line 338
</StackTrace>
        </ErrorInfo>
      </Output>
    </UnitTestResult>
    <UnitTestResult executionId="03512079-0ff8-4063-9de0-ad2cbcbb93f3" testId="4947f739-deb8-db54-29ad-f143de8956b0" testName="PlantDesignationTest" computerName="CLPR9K5797" duration="00:00:00.0175373" startTime="2014-07-02T13:08:14.4228722-04:00" endTime="2014-07-02T13:08:14.4428742-04:00" testType="13cdc9d9-ddb5-4fa4-a97d-d965ccfc6d4b" outcome="Passed" testListId="8c84fa94-04c1-424b-9868-57a2d4851a1d" relativeResultsDirectory="03512079-0ff8-4063-9de0-ad2cbcbb93f3">
    </UnitTestResult>
    <UnitTestResult executionId="f00a2763-2df2-4e9d-bd35-221d5a7e9ea1" testId="498975fa-28ac-56ea-c148-0d358a0c6927" testName="ContractorTest" computerName="CLPR9K5797" duration="00:00:00.0230074" startTime="2014-07-02T13:08:14.4478747-04:00" endTime="2014-07-02T13:08:14.4738773-04:00" testType="13cdc9d9-ddb5-4fa4-a97d-d965ccfc6d4b" outcome="Passed" testListId="8c84fa94-04c1-424b-9868-57a2d4851a1d" relativeResultsDirectory="f00a2763-2df2-4e9d-bd35-221d5a7e9ea1">
    </UnitTestResult>
    <UnitTestResult executionId="1c783554-84ad-4833-8536-96c25cbc1077" testId="4ca59c4a-1586-4df3-4c18-8aad9b220064" testName="group_outline_colorTest" computerName="CLPR9K5797" duration="00:00:00.0004532" startTime="2014-07-02T13:08:14.4798779-04:00" endTime="2014-07-02T13:08:14.4848784-04:00" testType="13cdc9d9-ddb5-4fa4-a97d-d965ccfc6d4b" outcome="Passed" testListId="8c84fa94-04c1-424b-9868-57a2d4851a1d" relativeResultsDirectory="1c783554-84ad-4833-8536-96c25cbc1077">
    </UnitTestResult>
    <UnitTestResult executionId="dfdd2455-392a-48a2-9122-281913abebcd" testId="5092a366-4896-a1d3-4b30-9505f776942e" testName="ComponentNameTest" computerName="CLPR9K5797" duration="00:00:00.0246143" startTime="2014-07-02T13:08:14.4898789-04:00" endTime="2014-07-02T13:08:14.5168816-04:00" testType="13cdc9d9-ddb5-4fa4-a97d-d965ccfc6d4b" outcome="Passed" testListId="8c84fa94-04c1-424b-9868-57a2d4851a1d" relativeResultsDirectory="dfdd2455-392a-48a2-9122-281913abebcd">
    </UnitTestResult>
    <UnitTestResult executionId="f5cb4d7f-90fc-4b0c-9aeb-6d3a7a2938df" testId="57b9104c-3dd5-7ab0-0ce0-fa1c988b04b4" testName="OutletXTest" computerName="CLPR9K5797" duration="00:00:00.0003492" startTime="2014-07-02T13:08:14.5218821-04:00" endTime="2014-07-02T13:08:14.5238823-04:00" testType="13cdc9d9-ddb5-4fa4-a97d-d965ccfc6d4b" outcome="Passed" testListId="8c84fa94-04c1-424b-9868-57a2d4851a1d" relativeResultsDirectory="f5cb4d7f-90fc-4b0c-9aeb-6d3a7a2938df">
    </UnitTestResult>
    <UnitTestResult executionId="e1fcfedd-71c0-4d1b-9f77-2abd9919030d" testId="6c794108-9512-4cfe-399f-069beac41e67" testName="LegacyIDTest" computerName="CLPR9K5797" duration="00:00:00.0002710" startTime="2014-07-02T13:08:14.5288828-04:00" endTime="2014-07-02T13:08:14.5318831-04:00" testType="13cdc9d9-ddb5-4fa4-a97d-d965ccfc6d4b" outcome="Passed" testListId="8c84fa94-04c1-424b-9868-57a2d4851a1d" relativeResultsDirectory="e1fcfedd-71c0-4d1b-9f77-2abd9919030d">
    </UnitTestResult>
    <UnitTestResult executionId="ad35b2df-c1d5-45f8-86bd-a9e93e802ad6" testId="77c02662-9d79-5d8c-2ce3-01f820b23fd3" testName="miscConstructorTest" computerName="CLPR9K5797" duration="00:00:00.0001643" startTime="2014-07-02T13:08:14.5368836-04:00" endTime="2014-07-02T13:08:14.5388838-04:00" testType="13cdc9d9-ddb5-4fa4-a97d-d965ccfc6d4b" outcome="Passed" testListId="8c84fa94-04c1-424b-9868-57a2d4851a1d" relativeResultsDirectory="ad35b2df-c1d5-45f8-86bd-a9e93e802ad6">
    </UnitTestResult>
    <UnitTestResult executionId="bf0ed15c-f954-4ad2-9ced-4b249213b0d1" testId="7937e4e8-872d-6b6c-9b61-34f1e84fe2dd" testName="grid_scaleTest" computerName="CLPR9K5797" duration="00:00:00.0002825" startTime="2014-07-02T13:08:14.5438843-04:00" endTime="2014-07-02T13:08:14.5468846-04:00" testType="13cdc9d9-ddb5-4fa4-a97d-d965ccfc6d4b" outcome="Passed" testListId="8c84fa94-04c1-424b-9868-57a2d4851a1d" relativeResultsDirectory="bf0ed15c-f954-4ad2-9ced-4b249213b0d1">
    </UnitTestResult>
    <UnitTestResult executionId="ceae615b-19d4-4398-bd41-e284e7835afd" testId="7e4cf5a5-5b1c-0932-8559-35accf7c452d" testName="VesselInformationConstructorTest" computerName="CLPR9K5797" duration="00:00:00.0235665" startTime="2014-07-02T13:08:14.5518851-04:00" endTime="2014-07-02T13:08:14.5778877-04:00" testType="13cdc9d9-ddb5-4fa4-a97d-d965ccfc6d4b" outcome="Passed" testListId="8c84fa94-04c1-424b-9868-57a2d4851a1d" relativeResultsDirectory="ceae615b-19d4-4398-bd41-e284e7835afd">
    </UnitTestResult>
    <UnitTestResult executionId="ee89b20c-dd08-4269-a7fe-3abd0fa6a4f7" testId="85be2481-f02f-6177-a926-23d7d1e77482" testName="OutletCalNumberingTest" computerName="CLPR9K5797" duration="00:00:00.0232132" startTime="2014-07-02T13:08:14.5818881-04:00" endTime="2014-07-02T13:08:14.6078907-04:00" testType="13cdc9d9-ddb5-4fa4-a97d-d965ccfc6d4b" outcome="Passed" testListId="8c84fa94-04c1-424b-9868-57a2d4851a1d" relativeResultsDirectory="ee89b20c-dd08-4269-a7fe-3abd0fa6a4f7">
    </UnitTestResult>
    <UnitTestResult executionId="e6ad3392-cb5a-4ec2-be34-f5b23f80f365" testId="86b705c7-9972-2979-5c9c-3e03d4230724" testName="UnitTest" computerName="CLPR9K5797" duration="00:00:00.0170553" startTime="2014-07-02T13:08:14.6128912-04:00" endTime="2014-07-02T13:08:14.6328932-04:00" testType="13cdc9d9-ddb5-4fa4-a97d-d965ccfc6d4b" outcome="Passed" testListId="8c84fa94-04c1-424b-9868-57a2d4851a1d" relativeResultsDirectory="e6ad3392-cb5a-4ec2-be34-f5b23f80f365">
    </UnitTestResult>
    <UnitTestResult executionId="a99140d2-7a9c-45d0-a239-f510517614f0" testId="8792450d-bd76-961c-f757-852e8d4d4052" testName="OutletYTest" computerName="CLPR9K5797" duration="00:00:00.0002991" startTime="2014-07-02T13:08:14.6378937-04:00" endTime="2014-07-02T13:08:14.6398939-04:00" testType="13cdc9d9-ddb5-4fa4-a97d-d965ccfc6d4b" outcome="Passed" testListId="8c84fa94-04c1-424b-9868-57a2d4851a1d" relativeResultsDirectory="a99140d2-7a9c-45d0-a239-f510517614f0">
    </UnitTestResult>
    <UnitTestResult executionId="c31416d5-05d3-4d1a-8a39-340ced34c005" testId="88625e9d-086d-6f95-871a-ba00a3118136" testName="XLabelTest" computerName="CLPR9K5797" duration="00:00:00.0002631" startTime="2014-07-02T13:08:14.6448944-04:00" endTime="2014-07-02T13:08:14.6478947-04:00" testType="13cdc9d9-ddb5-4fa4-a97d-d965ccfc6d4b" outcome="Passed" testListId="8c84fa94-04c1-424b-9868-57a2d4851a1d" relativeResultsDirectory="c31416d5-05d3-4d1a-8a39-340ced34c005">
    </UnitTestResult>
    <UnitTestResult executionId="77de0b2b-932e-4eba-894a-76434a941bbd" testId="8f58cb54-4ad6-c1b3-da03-dbae73442545" testName="YDesignationTest" computerName="CLPR9K5797" duration="00:00:00.0282980" startTime="2014-07-02T13:08:14.6518951-04:00" endTime="2014-07-02T13:08:14.6818981-04:00" testType="13cdc9d9-ddb5-4fa4-a97d-d965ccfc6d4b" outcome="Passed" testListId="8c84fa94-04c1-424b-9868-57a2d4851a1d" relativeResultsDirectory="77de0b2b-932e-4eba-894a-76434a941bbd">
    </UnitTestResult>
    <UnitTestResult executionId="e131122d-6b4b-4127-98e9-e92eeb0ab8c4" testId="983e7fff-d653-565a-d54b-a93994949ed4" testName="foreground_colorTest" computerName="CLPR9K5797" duration="00:00:00.0002998" startTime="2014-07-02T13:08:14.6878987-04:00" endTime="2014-07-02T13:08:14.6898989-04:00" testType="13cdc9d9-ddb5-4fa4-a97d-d965ccfc6d4b" outcome="Passed" testListId="8c84fa94-04c1-424b-9868-57a2d4851a1d" relativeResultsDirectory="e131122d-6b4b-4127-98e9-e92eeb0ab8c4">
    </UnitTestResult>
    <UnitTestResult executionId="9bca6ea7-4c91-4ef0-87a7-ff0966f08d36" testId="995bd025-5efd-2416-d859-789130a1bdb4" testName="InletCalNumberingTest" computerName="CLPR9K5797" duration="00:00:00.0161327" startTime="2014-07-02T13:08:14.6938993-04:00" endTime="2014-07-02T13:08:14.7119011-04:00" testType="13cdc9d9-ddb5-4fa4-a97d-d965ccfc6d4b" outcome="Passed" testListId="8c84fa94-04c1-424b-9868-57a2d4851a1d" relativeResultsDirectory="9bca6ea7-4c91-4ef0-87a7-ff0966f08d36">
    </UnitTestResult>
    <UnitTestResult executionId="1d86c8f4-04ef-46a7-bb27-a44e048eae3a" testId="a1a16247-5410-d687-ca1d-14a49f040f67" testName="IntletDisplaySymbolIDTest" computerName="CLPR9K5797" duration="00:00:00.0002493" startTime="2014-07-02T13:08:14.7159015-04:00" endTime="2014-07-02T13:08:14.7189018-04:00" testType="13cdc9d9-ddb5-4fa4-a97d-d965ccfc6d4b" outcome="Passed" testListId="8c84fa94-04c1-424b-9868-57a2d4851a1d" relativeResultsDirectory="1d86c8f4-04ef-46a7-bb27-a44e048eae3a">
    </UnitTestResult>
    <UnitTestResult executionId="a33233f5-9454-48b7-92b6-ce8ae7698dba" testId="a5c962c3-516d-a59e-ac49-d473361634e5" testName="TubeConstructorTest" computerName="CLPR9K5797" duration="00:00:00.0001450" startTime="2014-07-02T13:08:14.7229022-04:00" endTime="2014-07-02T13:08:14.7249024-04:00" testType="13cdc9d9-ddb5-4fa4-a97d-d965ccfc6d4b" outcome="Passed" testListId="8c84fa94-04c1-424b-9868-57a2d4851a1d" relativeResultsDirectory="a33233f5-9454-48b7-92b6-ce8ae7698dba">
    </UnitTestResult>
    <UnitTestResult executionId="1cd1be2f-be4c-44d5-865f-6af1cb584ad8" testId="ad85d900-8b15-e0db-270b-0fe6dc68b1e5" testName="InletXTest" computerName="CLPR9K5797" duration="00:00:00.0003560" startTime="2014-07-02T13:08:14.7299029-04:00" endTime="2014-07-02T13:08:14.7319031-04:00" testType="13cdc9d9-ddb5-4fa4-a97d-d965ccfc6d4b" outcome="Passed" testListId="8c84fa94-04c1-424b-9868-57a2d4851a1d" relativeResultsDirectory="1cd1be2f-be4c-44d5-865f-6af1cb584ad8">
    </UnitTestResult>
    <UnitTestResult executionId="a46e37c4-7f57-4b9a-aeac-a757e1689a41" testId="b169d9f8-48e9-c1ab-f1d0-4527e9150cd3" testName="InletChannelHeadTest" computerName="CLPR9K5797" duration="00:00:00.0290717" startTime="2014-07-02T13:08:14.7379037-04:00" endTime="2014-07-02T13:08:14.7689068-04:00" testType="13cdc9d9-ddb5-4fa4-a97d-d965ccfc6d4b" outcome="Passed" testListId="8c84fa94-04c1-424b-9868-57a2d4851a1d" relativeResultsDirectory="a46e37c4-7f57-4b9a-aeac-a757e1689a41">
    </UnitTestResult>
    <UnitTestResult executionId="3cd44f52-1d68-4f11-8cc6-d4f93ef3adce" testId="b2057306-c5e9-1add-e7f7-af5dd9b426ff" testName="ModelDesignationTest" computerName="CLPR9K5797" duration="00:00:00.0180660" startTime="2014-07-02T13:08:14.7749074-04:00" endTime="2014-07-02T13:08:14.7949094-04:00" testType="13cdc9d9-ddb5-4fa4-a97d-d965ccfc6d4b" outcome="Passed" testListId="8c84fa94-04c1-424b-9868-57a2d4851a1d" relativeResultsDirectory="3cd44f52-1d68-4f11-8cc6-d4f93ef3adce">
    </UnitTestResult>
    <UnitTestResult executionId="23d1f79d-e6fc-4280-be09-7c76acf4777c" testId="b2c71200-05d2-c464-d78a-06f6f0f9cb57" testName="YxXyNotationTest" computerName="CLPR9K5797" duration="00:00:00.0168720" startTime="2014-07-02T13:08:14.7999099-04:00" endTime="2014-07-02T13:08:14.8189118-04:00" testType="13cdc9d9-ddb5-4fa4-a97d-d965ccfc6d4b" outcome="Passed" testListId="8c84fa94-04c1-424b-9868-57a2d4851a1d" relativeResultsDirectory="23d1f79d-e6fc-4280-be09-7c76acf4777c">
    </UnitTestResult>
    <UnitTestResult executionId="7e124656-9599-4f94-b7c9-649a59c0f4c1" testId="b6b9b077-2616-106e-0759-3bac9fb0a311" testName="SectionLabelTest" computerName="CLPR9K5797" duration="00:00:00.0002560" startTime="2014-07-02T13:08:14.8229122-04:00" endTime="2014-07-02T13:08:14.8249124-04:00" testType="13cdc9d9-ddb5-4fa4-a97d-d965ccfc6d4b" outcome="Passed" testListId="8c84fa94-04c1-424b-9868-57a2d4851a1d" relativeResultsDirectory="7e124656-9599-4f94-b7c9-649a59c0f4c1">
    </UnitTestResult>
    <UnitTestResult executionId="c470f112-659e-465d-8146-00415952c2cd" testId="c3da0222-7ce6-132e-b376-ad5fdce6bbe7" testName="InletYTest" computerName="CLPR9K5797" duration="00:00:00.0003014" startTime="2014-07-02T13:08:14.8299129-04:00" endTime="2014-07-02T13:08:14.8319131-04:00" testType="13cdc9d9-ddb5-4fa4-a97d-d965ccfc6d4b" outcome="Passed" testListId="8c84fa94-04c1-424b-9868-57a2d4851a1d" relativeResultsDirectory="c470f112-659e-465d-8146-00415952c2cd">
    </UnitTestResult>
    <UnitTestResult executionId="d045276d-e9b3-4ffd-9a53-fd6c35b05d86" testId="ce4ae171-8b1c-e94a-6046-f6f7f8e80412" testName="grid_colorTest" computerName="CLPR9K5797" duration="00:00:00.0003022" startTime="2014-07-02T13:08:14.8359135-04:00" endTime="2014-07-02T13:08:14.8389138-04:00" testType="13cdc9d9-ddb5-4fa4-a97d-d965ccfc6d4b" outcome="Passed" testListId="8c84fa94-04c1-424b-9868-57a2d4851a1d" relativeResultsDirectory="d045276d-e9b3-4ffd-9a53-fd6c35b05d86">
    </UnitTestResult>
    <UnitTestResult executionId="0f81fff3-3d07-4009-88a0-d3aa3b02d687" testId="ce9085de-45bf-256a-44f0-6cd789b25d2f" testName="MinimumTubeRadiusTest" computerName="CLPR9K5797" duration="00:00:00.0227778" startTime="2014-07-02T13:08:14.8429142-04:00" endTime="2014-07-02T13:08:14.8679167-04:00" testType="13cdc9d9-ddb5-4fa4-a97d-d965ccfc6d4b" outcome="Passed" testListId="8c84fa94-04c1-424b-9868-57a2d4851a1d" relativeResultsDirectory="0f81fff3-3d07-4009-88a0-d3aa3b02d687">
    </UnitTestResult>
    <UnitTestResult executionId="0cfcb21e-d162-4e37-bf41-a97bf33e7ca1" testId="da63952a-891e-c736-3ada-6df53f00898a" testName="SectionDesignationTest" computerName="CLPR9K5797" duration="00:00:00.0157878" startTime="2014-07-02T13:08:14.8719171-04:00" endTime="2014-07-02T13:08:14.8899189-04:00" testType="13cdc9d9-ddb5-4fa4-a97d-d965ccfc6d4b" outcome="Passed" testListId="8c84fa94-04c1-424b-9868-57a2d4851a1d" relativeResultsDirectory="0cfcb21e-d162-4e37-bf41-a97bf33e7ca1">
    </UnitTestResult>
    <UnitTestResult executionId="d558e397-ac95-4ede-be3b-e4fccca50697" testId="de393f97-7194-a95f-30b4-c65d3ce26f75" testName="OutletVesselIDTest" computerName="CLPR9K5797" duration="00:00:00.0153666" startTime="2014-07-02T13:08:14.8939193-04:00" endTime="2014-07-02T13:08:14.9109210-04:00" testType="13cdc9d9-ddb5-4fa4-a97d-d965ccfc6d4b" outcome="Passed" testListId="8c84fa94-04c1-424b-9868-57a2d4851a1d" relativeResultsDirectory="d558e397-ac95-4ede-be3b-e4fccca50697">
    </UnitTestResult>
    <UnitTestResult executionId="b1a2149f-3b11-448f-8453-ded02105017a" testId="e01e71af-91f5-cd9d-b9a2-e433f623a001" testName="UtilityNameTest" computerName="CLPR9K5797" duration="00:00:00.0211033" startTime="2014-07-02T13:08:14.9169216-04:00" endTime="2014-07-02T13:08:14.9399239-04:00" testType="13cdc9d9-ddb5-4fa4-a97d-d965ccfc6d4b" outcome="Failed" testListId="8c84fa94-04c1-424b-9868-57a2d4851a1d" relativeResultsDirectory="b1a2149f-3b11-448f-8453-ded02105017a">
      <Output>
        <ErrorInfo>
          <Message>Assert.AreEqual failed. Expected:&lt;A&gt;. Actual:&lt;&gt;. </Message>
          <StackTrace>   at ZetecXMLModelsUnitTests.VesselInformationTest.UtilityNameTest() in C:\Users\SHSimpson\Documents\Visual Studio 2010\Projects\ZetecXMLModels\ZetecXMLModelsUnitTests\VesselInformationTest.cs:line 351
</StackTrace>
        </ErrorInfo>
      </Output>
    </UnitTestResult>
    <UnitTestResult executionId="8ae29f77-dd4f-4231-8257-4ea7d8ba1fcb" testId="e20639a1-e3ac-5227-0fa6-529036098c15" testName="background_colorTest" computerName="CLPR9K5797" duration="00:00:00.0003259" startTime="2014-07-02T13:08:14.9439243-04:00" endTime="2014-07-02T13:08:14.9469246-04:00" testType="13cdc9d9-ddb5-4fa4-a97d-d965ccfc6d4b" outcome="Passed" testListId="8c84fa94-04c1-424b-9868-57a2d4851a1d" relativeResultsDirectory="8ae29f77-dd4f-4231-8257-4ea7d8ba1fcb">
    </UnitTestResult>
    <UnitTestResult executionId="0e289873-adcc-455a-a280-854a2edb3098" testId="ecc15bfd-60f9-5125-4547-4de1352adeee" testName="symbol_sizeTest" computerName="CLPR9K5797" duration="00:00:00.0002426" startTime="2014-07-02T13:08:14.9519251-04:00" endTime="2014-07-02T13:08:14.9539253-04:00" testType="13cdc9d9-ddb5-4fa4-a97d-d965ccfc6d4b" outcome="Passed" testListId="8c84fa94-04c1-424b-9868-57a2d4851a1d" relativeResultsDirectory="0e289873-adcc-455a-a280-854a2edb3098">
    </UnitTestResult>
    <UnitTestResult executionId="f4af03e6-439c-40fc-a7c3-94d9025eb09e" testId="f06db92a-baa1-e523-c30b-12ff004e6373" testName="MaterialIDTest" computerName="CLPR9K5797" duration="00:00:00.0002505" startTime="2014-07-02T13:08:14.9579257-04:00" endTime="2014-07-02T13:08:14.9609260-04:00" testType="13cdc9d9-ddb5-4fa4-a97d-d965ccfc6d4b" outcome="Passed" testListId="8c84fa94-04c1-424b-9868-57a2d4851a1d" relativeResultsDirectory="f4af03e6-439c-40fc-a7c3-94d9025eb09e">
    </UnitTestResult>
    <UnitTestResult executionId="6c9a52ef-31aa-4079-9355-0775c872ce56" testId="f46dde03-01d9-ecfa-51fc-3b81caa02ca8" testName="YLabelTest" computerName="CLPR9K5797" duration="00:00:00.0002836" startTime="2014-07-02T13:08:14.9649264-04:00" endTime="2014-07-02T13:08:14.9669266-04:00" testType="13cdc9d9-ddb5-4fa4-a97d-d965ccfc6d4b" outcome="Passed" testListId="8c84fa94-04c1-424b-9868-57a2d4851a1d" relativeResultsDirectory="6c9a52ef-31aa-4079-9355-0775c872ce56">
    </UnitTestResult>
    <UnitTestResult executionId="5188272f-a45b-4451-8bde-9c74ced4df1b" testId="f722bce2-18b8-5d04-bf89-e49deb2d591b" testName="BowlRadiusTest" computerName="CLPR9K5797" duration="00:00:00.0154507" startTime="2014-07-02T13:08:14.9719271-04:00" endTime="2014-07-02T13:08:14.9889288-04:00" testType="13cdc9d9-ddb5-4fa4-a97d-d965ccfc6d4b" outcome="Passed" testListId="8c84fa94-04c1-424b-9868-57a2d4851a1d" relativeResultsDirectory="5188272f-a45b-4451-8bde-9c74ced4df1b">
    </UnitTestResult>
    <UnitTestResult executionId="578ba540-dfd2-4480-afd9-948e06461557" testId="fd010e4f-ec11-356d-71a2-987599af96ee" testName="ToStringTest" computerName="CLPR9K5797" duration="00:00:00.0021834" startTime="2014-07-02T13:08:14.9939293-04:00" endTime="2014-07-02T13:08:14.9979297-04:00" testType="13cdc9d9-ddb5-4fa4-a97d-d965ccfc6d4b" outcome="Failed" testListId="8c84fa94-04c1-424b-9868-57a2d4851a1d" relativeResultsDirectory="578ba540-dfd2-4480-afd9-948e06461557">
      <Output>
        <ErrorInfo>
          <Message>Assert.AreEqual failed. Expected:&lt;XX Row:1 Col:1&gt;. Actual:&lt;Sec:XX Row:1 Col:1&gt;. </Message>
          <StackTrace>   at ZetecXMLModelsUnitTests.TubeTest.ToStringTest() in C:\Users\SHSimpson\Documents\Visual Studio 2010\Projects\ZetecXMLModels\ZetecXMLModelsUnitTests\TubeTest.cs:line 91
</StackTrace>
        </ErrorInfo>
      </Output>
    </UnitTestResult>
    <UnitTestResult executionId="a0c323e3-56e5-4bbe-82ec-ddbdeac72d7c" testId="fdeca077-1731-5789-f6c7-97ee935d2199" testName="text_colorTest" computerName="CLPR9K5797" duration="00:00:00.0003236" startTime="2014-07-02T13:08:15.0029302-04:00" endTime="2014-07-02T13:08:15.0049304-04:00" testType="13cdc9d9-ddb5-4fa4-a97d-d965ccfc6d4b" outcome="Passed" testListId="8c84fa94-04c1-424b-9868-57a2d4851a1d" relativeResultsDirectory="a0c323e3-56e5-4bbe-82ec-ddbdeac72d7c">
    </UnitTestResult>
  </Results>
</TestRun>