<?xml version="1.0" encoding="UTF-8"?>
<TestRun id="be582272-00ba-49be-ac94-e8ab3fcad0c7" name="shsimpson@CLPR9K5797 2014-06-25 16:25:15" runUser="BWES\shsimpson" xmlns="http://microsoft.com/schemas/VisualStudio/TeamTest/2010">
  <TestSettings name="Local" id="c8ac5721-ddb3-4dfb-8f66-2f5de01df2a9">
    <Description>These are default test settings for a local test run.</Description>
    <Deployment runDeploymentRoot="shsimpson_CLPR9K5797 2014-06-25 16_25_15">
      <DeploymentItem filename="ZetecXMLModelsUnitTests\BGA-33110-SG.xml" />
      <DeploymentItem filename="C:\Users\SHSimpson\Documents\Visual Studio 2010\Projects\ZetecXMLModels\ZetecXMLModels\bin\Debug\ZetecXMLModels.dll" />
    </Deployment>
    <Execution>
      <TestTypeSpecific>
        <UnitTestRunConfig testTypeId="13cdc9d9-ddb5-4fa4-a97d-d965ccfc6d4b">
          <AssemblyResolution>
            <TestDirectory useLoadContext="true" />
          </AssemblyResolution>
        </UnitTestRunConfig>
      </TestTypeSpecific>
      <AgentRule name="Execution Agents">
      </AgentRule>
    </Execution>
  </TestSettings>
  <Times creation="2014-06-25T16:25:15.6222532-04:00" queuing="2014-06-25T16:25:16.8262532-04:00" start="2014-06-25T16:25:16.9262532-04:00" finish="2014-06-25T16:25:18.4552532-04:00" />
  <ResultSummary outcome="Completed">
    <Counters total="1" executed="1" passed="1" error="0" failed="0" timeout="0" aborted="0" inconclusive="0" passedButRunAborted="0" notRunnable="0" notExecuted="0" disconnected="0" warning="0" completed="0" inProgress="0" pending="0" />
  </ResultSummary>
  <TestDefinitions>
    <UnitTest name="SectionsActiveTest" storage="c:\users\shsimpson\documents\visual studio 2010\projects\zetecxmlmodels\zetecxmlmodelsunittests\bin\debug\zetecxmlmodelsunittests.dll" id="07c79d70-2d05-ff4d-f6cd-1f5ea09a59d1">
      <Execution id="5c5e3226-79bd-4634-8cdf-4cd627d44d84" />
      <TestMethod codeBase="C:/Users/SHSimpson/Documents/Visual Studio 2010/Projects/ZetecXMLModels/ZetecXMLModelsUnitTests/bin/Debug/ZetecXMLModelsUnitTests.DLL" adapterTypeName="Microsoft.VisualStudio.TestTools.TestTypes.Unit.UnitTestAdapter, Microsoft.VisualStudio.QualityTools.Tips.UnitTest.Adapter, Version=10.0.0.0, Culture=neutral, PublicKeyToken=b03f5f7f11d50a3a" className="ZetecXMLModelsUnitTests.VesselInformationTest, ZetecXMLModelsUnitTests, Version=1.0.0.0, Culture=neutral, PublicKeyToken=null" name="SectionsActiveTest" />
    </UnitTest>
  </TestDefinitions>
  <TestLists>
    <TestList name="Results Not in a List" id="8c84fa94-04c1-424b-9868-57a2d4851a1d" />
    <TestList name="All Loaded Results" id="19431567-8539-422a-85d7-44ee4e166bda" />
  </TestLists>
  <TestEntries>
    <TestEntry testId="07c79d70-2d05-ff4d-f6cd-1f5ea09a59d1" executionId="5c5e3226-79bd-4634-8cdf-4cd627d44d84" testListId="8c84fa94-04c1-424b-9868-57a2d4851a1d" />
  </TestEntries>
  <Results>
    <UnitTestResult executionId="5c5e3226-79bd-4634-8cdf-4cd627d44d84" testId="07c79d70-2d05-ff4d-f6cd-1f5ea09a59d1" testName="SectionsActiveTest" computerName="CLPR9K5797" duration="00:00:00.0499004" startTime="2014-06-25T16:25:17.0152532-04:00" endTime="2014-06-25T16:25:18.3772532-04:00" testType="13cdc9d9-ddb5-4fa4-a97d-d965ccfc6d4b" outcome="Passed" testListId="8c84fa94-04c1-424b-9868-57a2d4851a1d" relativeResultsDirectory="5c5e3226-79bd-4634-8cdf-4cd627d44d84">
    </UnitTestResult>
  </Results>
</TestRun>